{"/home/arthur/Desktop/Phantom App/Back-end/phantom-be-dream-team/src/index.js":{"path":"/home/arthur/Desktop/Phantom App/Back-end/phantom-be-dream-team/src/index.js","statementMap":{"0":{"start":{"line":3,"column":0},"end":{"line":5,"column":3}},"1":{"start":{"line":6,"column":0},"end":{"line":6,"column":25}},"2":{"start":{"line":8,"column":11},"end":{"line":8,"column":51}},"3":{"start":{"line":10,"column":14},"end":{"line":10,"column":64}},"4":{"start":{"line":12,"column":39},"end":{"line":12,"column":93}},"5":{"start":{"line":14,"column":22},"end":{"line":14,"column":59}},"6":{"start":{"line":17,"column":4},"end":{"line":17,"column":17}},"7":{"start":{"line":19,"column":12},"end":{"line":19,"column":89}},"8":{"start":{"line":19,"column":44},"end":{"line":19,"column":88}},"9":{"start":{"line":21,"column":15},"end":{"line":21,"column":18}},"10":{"start":{"line":22,"column":0},"end":{"line":22,"column":27}}},"fnMap":{"0":{"name":"_interopRequireDefault","decl":{"start":{"line":12,"column":9},"end":{"line":12,"column":31}},"loc":{"start":{"line":12,"column":37},"end":{"line":12,"column":95}},"line":12},"1":{"name":"(anonymous_1)","decl":{"start":{"line":19,"column":38},"end":{"line":19,"column":39}},"loc":{"start":{"line":19,"column":44},"end":{"line":19,"column":88}},"line":19}},"branchMap":{"0":{"loc":{"start":{"line":12,"column":46},"end":{"line":12,"column":92}},"type":"cond-expr","locations":[{"start":{"line":12,"column":70},"end":{"line":12,"column":73}},{"start":{"line":12,"column":76},"end":{"line":12,"column":92}}],"line":12},"1":{"loc":{"start":{"line":12,"column":46},"end":{"line":12,"column":67}},"type":"binary-expr","locations":[{"start":{"line":12,"column":46},"end":{"line":12,"column":49}},{"start":{"line":12,"column":53},"end":{"line":12,"column":67}}],"line":12}},"s":{"0":1,"1":1,"2":1,"3":1,"4":2,"5":1,"6":1,"7":1,"8":1,"9":1,"10":1},"f":{"0":2,"1":1},"b":{"0":[1,1],"1":[2,2]},"inputSourceMap":{"version":3,"names":["currentConfig","config","process","env","NODE_ENV","port","App","app","listen","console","log"],"sourceRoot":"/home/arthur/Desktop/Phantom App/Back-end/phantom-be-dream-team/src/","sources":["index.js"],"sourcesContent":["import app from './app';\nimport config from './config/config';\n\nconst currentConfig = config[process.env.NODE_ENV];\nconst {port} = currentConfig;\n\nconst App = app.listen(port, () =>\n  console.log(`App listening on ${port}!....`),\n);\n\nexport default App;\n"],"mappings":";;;;;;;AAAA;;AACA;;;;AAEA,MAAMA,aAAa,GAAGC,eAAA,CAAOC,OAAO,CAACC,GAAR,CAAYC,QAAnB,CAAtB;AACA,MAAM;EAACC;AAAD,IAASL,aAAf;;AAEA,MAAMM,GAAG,GAAGC,YAAA,CAAIC,MAAJ,CAAWH,IAAX,EAAiB,MAC3BI,OAAO,CAACC,GAAR,CAAa,oBAAmBL,IAAK,OAArC,CADU,CAAZ;;eAIeC,G"},"_coverageSchema":"1a1c01bbd47fc00a2c39e90264f33305004495a9","hash":"5bcb45a107c389ffa164740c634e192b4f786665","contentHash":"17dcdb23f15476e219994769291cb02e0919cc9b29e52c62be1c7310a174b8f7"},"/home/arthur/Desktop/Phantom App/Back-end/phantom-be-dream-team/src/app.js":{"path":"/home/arthur/Desktop/Phantom App/Back-end/phantom-be-dream-team/src/app.js","statementMap":{"0":{"start":{"line":3,"column":0},"end":{"line":5,"column":3}},"1":{"start":{"line":6,"column":0},"end":{"line":6,"column":25}},"2":{"start":{"line":8,"column":15},"end":{"line":8,"column":57}},"3":{"start":{"line":10,"column":14},"end":{"line":10,"column":55}},"4":{"start":{"line":12,"column":24},"end":{"line":12,"column":77}},"5":{"start":{"line":14,"column":12},"end":{"line":14,"column":58}},"6":{"start":{"line":16,"column":12},"end":{"line":16,"column":51}},"7":{"start":{"line":18,"column":15},"end":{"line":18,"column":57}},"8":{"start":{"line":20,"column":24},"end":{"line":20,"column":77}},"9":{"start":{"line":22,"column":29},"end":{"line":22,"column":87}},"10":{"start":{"line":24,"column":23},"end":{"line":24,"column":87}},"11":{"start":{"line":26,"column":13},"end":{"line":26,"column":62}},"12":{"start":{"line":28,"column":39},"end":{"line":28,"column":93}},"13":{"start":{"line":30,"column":15},"end":{"line":30,"column":38}},"14":{"start":{"line":31,"column":0},"end":{"line":31,"column":33}},"15":{"start":{"line":32,"column":0},"end":{"line":32,"column":36}},"16":{"start":{"line":34,"column":0},"end":{"line":39,"column":3}},"17":{"start":{"line":41,"column":0},"end":{"line":41,"column":68}},"18":{"start":{"line":42,"column":0},"end":{"line":46,"column":3}},"19":{"start":{"line":43,"column":2},"end":{"line":45,"column":5}},"20":{"start":{"line":47,"column":0},"end":{"line":47,"column":33}},"21":{"start":{"line":48,"column":0},"end":{"line":48,"column":36}},"22":{"start":{"line":49,"column":0},"end":{"line":49,"column":39}},"23":{"start":{"line":51,"column":0},"end":{"line":51,"column":37}},"24":{"start":{"line":53,"column":0},"end":{"line":55,"column":4}},"25":{"start":{"line":56,"column":0},"end":{"line":56,"column":40}},"26":{"start":{"line":57,"column":0},"end":{"line":61,"column":3}},"27":{"start":{"line":58,"column":2},"end":{"line":60,"column":5}},"28":{"start":{"line":62,"column":15},"end":{"line":62,"column":21}},"29":{"start":{"line":63,"column":0},"end":{"line":63,"column":27}}},"fnMap":{"0":{"name":"_interopRequireDefault","decl":{"start":{"line":28,"column":9},"end":{"line":28,"column":31}},"loc":{"start":{"line":28,"column":37},"end":{"line":28,"column":95}},"line":28},"1":{"name":"(anonymous_1)","decl":{"start":{"line":42,"column":22},"end":{"line":42,"column":23}},"loc":{"start":{"line":42,"column":36},"end":{"line":46,"column":1}},"line":42},"2":{"name":"(anonymous_2)","decl":{"start":{"line":57,"column":16},"end":{"line":57,"column":17}},"loc":{"start":{"line":57,"column":36},"end":{"line":61,"column":1}},"line":57}},"branchMap":{"0":{"loc":{"start":{"line":28,"column":46},"end":{"line":28,"column":92}},"type":"cond-expr","locations":[{"start":{"line":28,"column":70},"end":{"line":28,"column":73}},{"start":{"line":28,"column":76},"end":{"line":28,"column":92}}],"line":28},"1":{"loc":{"start":{"line":28,"column":46},"end":{"line":28,"column":67}},"type":"binary-expr","locations":[{"start":{"line":28,"column":46},"end":{"line":28,"column":49}},{"start":{"line":28,"column":53},"end":{"line":28,"column":67}}],"line":28}},"s":{"0":1,"1":1,"2":1,"3":1,"4":1,"5":1,"6":1,"7":1,"8":1,"9":1,"10":1,"11":1,"12":10,"13":1,"14":1,"15":1,"16":1,"17":1,"18":1,"19":0,"20":1,"21":1,"22":1,"23":1,"24":1,"25":1,"26":1,"27":0,"28":1,"29":1},"f":{"0":10,"1":0,"2":0},"b":{"0":[2,8],"1":[10,10]},"inputSourceMap":{"version":3,"names":["server","express","use","cors","json","i18next","Backend","middleware","LanguageDetector","init","fallbackLng","backend","loadPath","handle","get","req","res","status","message","t","routes","globalErrorHandler","swaggerUi","serve","setup","swaggerDoc","explorer","morgan","next","error"],"sourceRoot":"/home/arthur/Desktop/Phantom App/Back-end/phantom-be-dream-team/src/","sources":["app.js"],"sourcesContent":["import express from 'express';\nimport morgan from 'morgan';\nimport swaggerUi from 'swagger-ui-express';\nimport swaggerDoc from './data.json';\nimport cors from 'cors';\nimport i18next from 'i18next';\nimport Backend from 'i18next-fs-backend';\nimport middleware from 'i18next-http-middleware';\nimport globalErrorHandler from './controllers/errorController';\nimport routes from './routes/index';\n\nconst server = express();\n\nserver.use(cors());\nserver.use(express.json());\n\ni18next\n    .use(Backend)\n    .use(middleware.LanguageDetector)\n    .init({\n      fallbackLng: 'en',\n      backend: {\n        loadPath: './locales/{{lng}}/translation.json',\n      },\n    });\n\nserver.use(middleware.handle(i18next));\n\nserver.get('/api/v1', (req, res) => {\n  res.status(200).json({\n    message: req.t('welcome_message'),\n  });\n});\n\nserver.use(cors());\nserver.use(express.json());\n\nserver.use('/api/v1/', routes);\n\n\n// ERROR HANDLING MIDDLEWARE\nserver.use(globalErrorHandler);\n\n// eslint-disable-next-line max-len\nserver.use('/api-docs', swaggerUi.serve, swaggerUi.setup(swaggerDoc, {explorer: true}));\nserver.use(morgan('dev'));\nserver.use('*', (req, res, next) => {\n  res.status(404).json({error: 'NOT FOUND'});\n});\nexport default server;\n"],"mappings":";;;;;;;AAAA;;AACA;;AACA;;AACA;;AACA;;AACA;;AACA;;AACA;;AACA;;AACA;;;;AAEA,MAAMA,MAAM,GAAG,IAAAC,gBAAA,GAAf;AAEAD,MAAM,CAACE,GAAP,CAAW,IAAAC,aAAA,GAAX;AACAH,MAAM,CAACE,GAAP,CAAWD,gBAAA,CAAQG,IAAR,EAAX;;AAEAC,gBAAA,CACKH,GADL,CACSI,yBADT,EAEKJ,GAFL,CAESK,8BAAA,CAAWC,gBAFpB,EAGKC,IAHL,CAGU;EACJC,WAAW,EAAE,IADT;EAEJC,OAAO,EAAE;IACPC,QAAQ,EAAE;EADH;AAFL,CAHV;;AAUAZ,MAAM,CAACE,GAAP,CAAWK,8BAAA,CAAWM,MAAX,CAAkBR,gBAAlB,CAAX;AAEAL,MAAM,CAACc,GAAP,CAAW,SAAX,EAAsB,CAACC,GAAD,EAAMC,GAAN,KAAc;EAClCA,GAAG,CAACC,MAAJ,CAAW,GAAX,EAAgBb,IAAhB,CAAqB;IACnBc,OAAO,EAAEH,GAAG,CAACI,CAAJ,CAAM,iBAAN;EADU,CAArB;AAGD,CAJD;AAMAnB,MAAM,CAACE,GAAP,CAAW,IAAAC,aAAA,GAAX;AACAH,MAAM,CAACE,GAAP,CAAWD,gBAAA,CAAQG,IAAR,EAAX;AAEAJ,MAAM,CAACE,GAAP,CAAW,UAAX,EAAuBkB,cAAvB,E,CAGA;;AACApB,MAAM,CAACE,GAAP,CAAWmB,wBAAX,E,CAEA;;AACArB,MAAM,CAACE,GAAP,CAAW,WAAX,EAAwBoB,yBAAA,CAAUC,KAAlC,EAAyCD,yBAAA,CAAUE,KAAV,CAAgBC,aAAhB,EAA4B;EAACC,QAAQ,EAAE;AAAX,CAA5B,CAAzC;AACA1B,MAAM,CAACE,GAAP,CAAW,IAAAyB,eAAA,EAAO,KAAP,CAAX;AACA3B,MAAM,CAACE,GAAP,CAAW,GAAX,EAAgB,CAACa,GAAD,EAAMC,GAAN,EAAWY,IAAX,KAAoB;EAClCZ,GAAG,CAACC,MAAJ,CAAW,GAAX,EAAgBb,IAAhB,CAAqB;IAACyB,KAAK,EAAE;EAAR,CAArB;AACD,CAFD;eAGe7B,M"},"_coverageSchema":"1a1c01bbd47fc00a2c39e90264f33305004495a9","hash":"411889dcec0ab645115b2e8412a1dea7b5b32969","contentHash":"640da74c2010642a9418597120a1a0ebee59d6dbb5534ab201bb5d2f17df8ab8"},"/home/arthur/Desktop/Phantom App/Back-end/phantom-be-dream-team/src/controllers/errorController.js":{"path":"/home/arthur/Desktop/Phantom App/Back-end/phantom-be-dream-team/src/controllers/errorController.js","statementMap":{"0":{"start":{"line":3,"column":21},"end":{"line":9,"column":1}},"1":{"start":{"line":4,"column":2},"end":{"line":8,"column":5}},"2":{"start":{"line":11,"column":0},"end":{"line":16,"column":2}},"3":{"start":{"line":13,"column":2},"end":{"line":13,"column":41}},"4":{"start":{"line":14,"column":2},"end":{"line":14,"column":37}},"5":{"start":{"line":15,"column":2},"end":{"line":15,"column":25}}},"fnMap":{"0":{"name":"(anonymous_0)","decl":{"start":{"line":3,"column":21},"end":{"line":3,"column":22}},"loc":{"start":{"line":3,"column":35},"end":{"line":9,"column":1}},"line":3},"1":{"name":"(anonymous_1)","decl":{"start":{"line":11,"column":17},"end":{"line":11,"column":18}},"loc":{"start":{"line":11,"column":42},"end":{"line":16,"column":1}},"line":11}},"branchMap":{"0":{"loc":{"start":{"line":13,"column":19},"end":{"line":13,"column":40}},"type":"binary-expr","locations":[{"start":{"line":13,"column":19},"end":{"line":13,"column":33}},{"start":{"line":13,"column":37},"end":{"line":13,"column":40}}],"line":13},"1":{"loc":{"start":{"line":14,"column":15},"end":{"line":14,"column":36}},"type":"binary-expr","locations":[{"start":{"line":14,"column":15},"end":{"line":14,"column":25}},{"start":{"line":14,"column":29},"end":{"line":14,"column":36}}],"line":14}},"s":{"0":1,"1":0,"2":1,"3":0,"4":0,"5":0},"f":{"0":0,"1":0},"b":{"0":[0,0],"1":[0,0]},"inputSourceMap":{"version":3,"names":["sendErrorDev","err","res","status","statusCode","json","error","message","module","exports","req","next"],"sourceRoot":"/home/arthur/Desktop/Phantom App/Back-end/phantom-be-dream-team/src/controllers/","sources":["errorController.js"],"sourcesContent":["const sendErrorDev = (err, res) => {\n  res.status(err.statusCode).json({\n    status: err.status,\n    error: err,\n    message: err.message,\n  });\n};\n\nmodule.exports = (err, req, res, next) => {\n  //   console.log(err.stack);\n  err.statusCode = err.statusCode || 500;\n  err.status = err.status || 'error';\n  sendErrorDev(err, res);\n};\n"],"mappings":";;AAAA,MAAMA,YAAY,GAAG,CAACC,GAAD,EAAMC,GAAN,KAAc;EACjCA,GAAG,CAACC,MAAJ,CAAWF,GAAG,CAACG,UAAf,EAA2BC,IAA3B,CAAgC;IAC9BF,MAAM,EAAEF,GAAG,CAACE,MADkB;IAE9BG,KAAK,EAAEL,GAFuB;IAG9BM,OAAO,EAAEN,GAAG,CAACM;EAHiB,CAAhC;AAKD,CAND;;AAQAC,MAAM,CAACC,OAAP,GAAiB,CAACR,GAAD,EAAMS,GAAN,EAAWR,GAAX,EAAgBS,IAAhB,KAAyB;EACxC;EACAV,GAAG,CAACG,UAAJ,GAAiBH,GAAG,CAACG,UAAJ,IAAkB,GAAnC;EACAH,GAAG,CAACE,MAAJ,GAAaF,GAAG,CAACE,MAAJ,IAAc,OAA3B;EACAH,YAAY,CAACC,GAAD,EAAMC,GAAN,CAAZ;AACD,CALD"},"_coverageSchema":"1a1c01bbd47fc00a2c39e90264f33305004495a9","hash":"a61cc9c4dd95f8ed206725688c1b2782f14fb1bc","contentHash":"ac70a9878fdbadb8d0ac4b4fda41e9fcb1d8199cf6b9cf08ebd5230cbdce7e6e"},"/home/arthur/Desktop/Phantom App/Back-end/phantom-be-dream-team/src/routes/index.js":{"path":"/home/arthur/Desktop/Phantom App/Back-end/phantom-be-dream-team/src/routes/index.js","statementMap":{"0":{"start":{"line":3,"column":0},"end":{"line":5,"column":3}},"1":{"start":{"line":6,"column":0},"end":{"line":6,"column":25}},"2":{"start":{"line":8,"column":15},"end":{"line":8,"column":57}},"3":{"start":{"line":10,"column":18},"end":{"line":10,"column":69}},"4":{"start":{"line":12,"column":19},"end":{"line":12,"column":71}},"5":{"start":{"line":14,"column":39},"end":{"line":14,"column":93}},"6":{"start":{"line":17,"column":15},"end":{"line":17,"column":40}},"7":{"start":{"line":19,"column":0},"end":{"line":19,"column":42}},"8":{"start":{"line":20,"column":0},"end":{"line":20,"column":44}},"9":{"start":{"line":21,"column":15},"end":{"line":21,"column":21}},"10":{"start":{"line":22,"column":0},"end":{"line":22,"column":27}}},"fnMap":{"0":{"name":"_interopRequireDefault","decl":{"start":{"line":14,"column":9},"end":{"line":14,"column":31}},"loc":{"start":{"line":14,"column":37},"end":{"line":14,"column":95}},"line":14}},"branchMap":{"0":{"loc":{"start":{"line":14,"column":46},"end":{"line":14,"column":92}},"type":"cond-expr","locations":[{"start":{"line":14,"column":70},"end":{"line":14,"column":73}},{"start":{"line":14,"column":76},"end":{"line":14,"column":92}}],"line":14},"1":{"loc":{"start":{"line":14,"column":46},"end":{"line":14,"column":67}},"type":"binary-expr","locations":[{"start":{"line":14,"column":46},"end":{"line":14,"column":49}},{"start":{"line":14,"column":53},"end":{"line":14,"column":67}}],"line":14}},"s":{"0":1,"1":1,"2":1,"3":1,"4":1,"5":3,"6":1,"7":1,"8":1,"9":1,"10":1},"f":{"0":3},"b":{"0":[2,1],"1":[3,3]},"inputSourceMap":{"version":3,"names":["routes","express","Router","use","userRoutes","busRoutes"],"sourceRoot":"/home/arthur/Desktop/Phantom App/Back-end/phantom-be-dream-team/src/routes/","sources":["index.js"],"sourcesContent":["import express from 'express';\nimport userRoutes from './api/userRoutes';\nimport busRoutes from './api/routesRoute';\n// eslint-disable-next-line new-cap\nconst routes = express.Router();\n\nroutes.use('/users', userRoutes);\nroutes.use('/routes', busRoutes);\n\nexport default routes;\n"],"mappings":";;;;;;;AAAA;;AACA;;AACA;;;;AACA;AACA,MAAMA,MAAM,GAAGC,gBAAA,CAAQC,MAAR,EAAf;;AAEAF,MAAM,CAACG,GAAP,CAAW,QAAX,EAAqBC,mBAArB;AACAJ,MAAM,CAACG,GAAP,CAAW,SAAX,EAAsBE,oBAAtB;eAEeL,M"},"_coverageSchema":"1a1c01bbd47fc00a2c39e90264f33305004495a9","hash":"ce6c15f0ac7c3af6e85f2ac6423683c6ddf667cc","contentHash":"847cdec27401690ceadd1d0b053353f2e3f6dd6ec6edbd06f5661ce0f06594cf"},"/home/arthur/Desktop/Phantom App/Back-end/phantom-be-dream-team/src/routes/api/userRoutes.js":{"path":"/home/arthur/Desktop/Phantom App/Back-end/phantom-be-dream-team/src/routes/api/userRoutes.js","statementMap":{"0":{"start":{"line":3,"column":0},"end":{"line":5,"column":3}},"1":{"start":{"line":6,"column":0},"end":{"line":6,"column":25}},"2":{"start":{"line":8,"column":15},"end":{"line":8,"column":57}},"3":{"start":{"line":10,"column":22},"end":{"line":10,"column":89}},"4":{"start":{"line":12,"column":22},"end":{"line":12,"column":65}},"5":{"start":{"line":14,"column":39},"end":{"line":14,"column":93}},"6":{"start":{"line":17,"column":15},"end":{"line":17,"column":40}},"7":{"start":{"line":19,"column":0},"end":{"line":19,"column":53}},"8":{"start":{"line":20,"column":0},"end":{"line":20,"column":50}},"9":{"start":{"line":21,"column":15},"end":{"line":21,"column":21}},"10":{"start":{"line":22,"column":0},"end":{"line":22,"column":27}}},"fnMap":{"0":{"name":"_interopRequireDefault","decl":{"start":{"line":14,"column":9},"end":{"line":14,"column":31}},"loc":{"start":{"line":14,"column":37},"end":{"line":14,"column":95}},"line":14}},"branchMap":{"0":{"loc":{"start":{"line":14,"column":46},"end":{"line":14,"column":92}},"type":"cond-expr","locations":[{"start":{"line":14,"column":70},"end":{"line":14,"column":73}},{"start":{"line":14,"column":76},"end":{"line":14,"column":92}}],"line":14},"1":{"loc":{"start":{"line":14,"column":46},"end":{"line":14,"column":67}},"type":"binary-expr","locations":[{"start":{"line":14,"column":46},"end":{"line":14,"column":49}},{"start":{"line":14,"column":53},"end":{"line":14,"column":67}}],"line":14}},"s":{"0":1,"1":1,"2":1,"3":1,"4":1,"5":2,"6":1,"7":1,"8":1,"9":1,"10":1},"f":{"0":2},"b":{"0":[0,2],"1":[2,2]},"inputSourceMap":{"version":3,"names":["router","express","Router","post","authController","login","addUser"],"sourceRoot":"/home/arthur/Desktop/Phantom App/Back-end/phantom-be-dream-team/src/routes/api/","sources":["userRoutes.js"],"sourcesContent":["import express from 'express';\nimport authController from '../../controllers/authController';\nimport {addUser} from '../../controllers/userController';\n// eslint-disable-next-line new-cap\nconst router = express.Router();\n\nrouter.post('/login', authController.login);\nrouter.post('/register', addUser);\nexport default router;\n"],"mappings":";;;;;;;AAAA;;AACA;;AACA;;;;AACA;AACA,MAAMA,MAAM,GAAGC,gBAAA,CAAQC,MAAR,EAAf;;AAEAF,MAAM,CAACG,IAAP,CAAY,QAAZ,EAAsBC,uBAAA,CAAeC,KAArC;AACAL,MAAM,CAACG,IAAP,CAAY,WAAZ,EAAyBG,uBAAzB;eACeN,M"},"_coverageSchema":"1a1c01bbd47fc00a2c39e90264f33305004495a9","hash":"596cad82a5c6ec45cf44873b5218be65e6f1e4f7","contentHash":"e695db1499b0a65193c238dcaaf2c6bcc877af8b7812ad54d7929e664e8c9d8a"},"/home/arthur/Desktop/Phantom App/Back-end/phantom-be-dream-team/src/controllers/authController.js":{"path":"/home/arthur/Desktop/Phantom App/Back-end/phantom-be-dream-team/src/controllers/authController.js","statementMap":{"0":{"start":{"line":3,"column":23},"end":{"line":3,"column":84}},"1":{"start":{"line":5,"column":14},"end":{"line":5,"column":58}},"2":{"start":{"line":7,"column":16},"end":{"line":7,"column":59}},"3":{"start":{"line":9,"column":39},"end":{"line":9,"column":93}},"4":{"start":{"line":11,"column":0},"end":{"line":50,"column":2}},"5":{"start":{"line":15,"column":6},"end":{"line":15,"column":14}},"6":{"start":{"line":17,"column":2},"end":{"line":23,"column":3}},"7":{"start":{"line":19,"column":4},"end":{"line":22,"column":7}},"8":{"start":{"line":26,"column":15},"end":{"line":30,"column":4}},"9":{"start":{"line":32,"column":2},"end":{"line":35,"column":5}},"10":{"start":{"line":32,"column":13},"end":{"line":35,"column":5}},"11":{"start":{"line":37,"column":26},"end":{"line":39,"column":3}},"12":{"start":{"line":38,"column":4},"end":{"line":38,"column":76}},"13":{"start":{"line":41,"column":2},"end":{"line":47,"column":3}},"14":{"start":{"line":43,"column":4},"end":{"line":46,"column":7}},"15":{"start":{"line":49,"column":2},"end":{"line":49,"column":48}}},"fnMap":{"0":{"name":"_interopRequireDefault","decl":{"start":{"line":9,"column":9},"end":{"line":9,"column":31}},"loc":{"start":{"line":9,"column":37},"end":{"line":9,"column":95}},"line":9},"1":{"name":"(anonymous_1)","decl":{"start":{"line":11,"column":16},"end":{"line":11,"column":17}},"loc":{"start":{"line":11,"column":42},"end":{"line":50,"column":1}},"line":11},"2":{"name":"(anonymous_2)","decl":{"start":{"line":37,"column":26},"end":{"line":37,"column":27}},"loc":{"start":{"line":37,"column":75},"end":{"line":39,"column":3}},"line":37}},"branchMap":{"0":{"loc":{"start":{"line":9,"column":46},"end":{"line":9,"column":92}},"type":"cond-expr","locations":[{"start":{"line":9,"column":70},"end":{"line":9,"column":73}},{"start":{"line":9,"column":76},"end":{"line":9,"column":92}}],"line":9},"1":{"loc":{"start":{"line":9,"column":46},"end":{"line":9,"column":67}},"type":"binary-expr","locations":[{"start":{"line":9,"column":46},"end":{"line":9,"column":49}},{"start":{"line":9,"column":53},"end":{"line":9,"column":67}}],"line":9},"2":{"loc":{"start":{"line":17,"column":2},"end":{"line":23,"column":3}},"type":"if","locations":[{"start":{"line":17,"column":2},"end":{"line":23,"column":3}},{"start":{"line":17,"column":2},"end":{"line":23,"column":3}}],"line":17},"3":{"loc":{"start":{"line":17,"column":6},"end":{"line":17,"column":25}},"type":"binary-expr","locations":[{"start":{"line":17,"column":6},"end":{"line":17,"column":12}},{"start":{"line":17,"column":16},"end":{"line":17,"column":25}}],"line":17},"4":{"loc":{"start":{"line":32,"column":2},"end":{"line":35,"column":5}},"type":"if","locations":[{"start":{"line":32,"column":2},"end":{"line":35,"column":5}},{"start":{"line":32,"column":2},"end":{"line":35,"column":5}}],"line":32},"5":{"loc":{"start":{"line":41,"column":2},"end":{"line":47,"column":3}},"type":"if","locations":[{"start":{"line":41,"column":2},"end":{"line":47,"column":3}},{"start":{"line":41,"column":2},"end":{"line":47,"column":3}}],"line":41},"6":{"loc":{"start":{"line":41,"column":6},"end":{"line":41,"column":64}},"type":"binary-expr","locations":[{"start":{"line":41,"column":6},"end":{"line":41,"column":11}},{"start":{"line":41,"column":15},"end":{"line":41,"column":64}}],"line":41}},"s":{"0":1,"1":1,"2":1,"3":3,"4":1,"5":1,"6":1,"7":0,"8":1,"9":1,"10":1,"11":0,"12":0,"13":0,"14":0,"15":0},"f":{"0":3,"1":1,"2":0},"b":{"0":[2,1],"1":[3,3],"2":[0,1],"3":[1,1],"4":[1,0],"5":[0,0],"6":[0,0]},"inputSourceMap":{"version":3,"names":["exports","login","req","res","next","email","password","body","status","json","message","user","models","User","findOne","where","correctPassword","candidatePassword","userPassword","bcrypt","compare","createSendToken"],"sourceRoot":"/home/arthur/Desktop/Phantom App/Back-end/phantom-be-dream-team/src/controllers/","sources":["authController.js"],"sourcesContent":["import createSendToken from '../helpers/createSendToken';\nimport models from '../models';\nimport bcrypt from 'bcryptjs';\n\n\nexports.login = async (req, res, next) => {\n  const {email, password} = req.body;\n\n  // 1)Check if email & password exist.\n  if (!email || !password) {\n    // eslint-disable-next-line max-len\n    return res.status(400).json({status: 'fail', message: 'Please provide email and password!'});\n  }\n\n  // 2)Check if user exist and password is correct\n\n  const user = await models.User.findOne({where: {email}});\n  // eslint-disable-next-line max-len\n  if (!user) return res.status(401).json({status: 'fail', message: 'Incorrect email or password'});\n  const correctPassword = async function(candidatePassword, userPassword) {\n    return await bcrypt.compare(candidatePassword, userPassword);\n  };\n\n  if (!user || !(await correctPassword(password, user.password))) {\n    // eslint-disable-next-line max-len\n    return res.status(401).json({status: 'fail', message: 'Incorrect email or password'});\n  }\n  createSendToken(user, 200, res);\n};\n\n"],"mappings":";;AAAA;;AACA;;AACA;;;;AAGAA,OAAO,CAACC,KAAR,GAAgB,OAAOC,GAAP,EAAYC,GAAZ,EAAiBC,IAAjB,KAA0B;EACxC,MAAM;IAACC,KAAD;IAAQC;EAAR,IAAoBJ,GAAG,CAACK,IAA9B,CADwC,CAGxC;;EACA,IAAI,CAACF,KAAD,IAAU,CAACC,QAAf,EAAyB;IACvB;IACA,OAAOH,GAAG,CAACK,MAAJ,CAAW,GAAX,EAAgBC,IAAhB,CAAqB;MAACD,MAAM,EAAE,MAAT;MAAiBE,OAAO,EAAE;IAA1B,CAArB,CAAP;EACD,CAPuC,CASxC;;;EAEA,MAAMC,IAAI,GAAG,MAAMC,eAAA,CAAOC,IAAP,CAAYC,OAAZ,CAAoB;IAACC,KAAK,EAAE;MAACV;IAAD;EAAR,CAApB,CAAnB,CAXwC,CAYxC;;EACA,IAAI,CAACM,IAAL,EAAW,OAAOR,GAAG,CAACK,MAAJ,CAAW,GAAX,EAAgBC,IAAhB,CAAqB;IAACD,MAAM,EAAE,MAAT;IAAiBE,OAAO,EAAE;EAA1B,CAArB,CAAP;;EACX,MAAMM,eAAe,GAAG,gBAAeC,iBAAf,EAAkCC,YAAlC,EAAgD;IACtE,OAAO,MAAMC,iBAAA,CAAOC,OAAP,CAAeH,iBAAf,EAAkCC,YAAlC,CAAb;EACD,CAFD;;EAIA,IAAI,CAACP,IAAD,IAAS,EAAE,MAAMK,eAAe,CAACV,QAAD,EAAWK,IAAI,CAACL,QAAhB,CAAvB,CAAb,EAAgE;IAC9D;IACA,OAAOH,GAAG,CAACK,MAAJ,CAAW,GAAX,EAAgBC,IAAhB,CAAqB;MAACD,MAAM,EAAE,MAAT;MAAiBE,OAAO,EAAE;IAA1B,CAArB,CAAP;EACD;;EACD,IAAAW,wBAAA,EAAgBV,IAAhB,EAAsB,GAAtB,EAA2BR,GAA3B;AACD,CAvBD"},"_coverageSchema":"1a1c01bbd47fc00a2c39e90264f33305004495a9","hash":"401d019e0fb433113fe9a2454d111361f1bdbbd9","contentHash":"f03e01eb4a0f3e8f2b9e65df0a70dc4e4e0b2067c9c969f73f01d67f8f6a176e"},"/home/arthur/Desktop/Phantom App/Back-end/phantom-be-dream-team/src/helpers/createSendToken.js":{"path":"/home/arthur/Desktop/Phantom App/Back-end/phantom-be-dream-team/src/helpers/createSendToken.js","statementMap":{"0":{"start":{"line":3,"column":0},"end":{"line":5,"column":3}},"1":{"start":{"line":6,"column":0},"end":{"line":6,"column":25}},"2":{"start":{"line":8,"column":20},"end":{"line":8,"column":67}},"3":{"start":{"line":10,"column":39},"end":{"line":10,"column":93}},"4":{"start":{"line":12,"column":18},"end":{"line":16,"column":2}},"5":{"start":{"line":12,"column":24},"end":{"line":16,"column":2}},"6":{"start":{"line":18,"column":24},"end":{"line":30,"column":1}},"7":{"start":{"line":19,"column":16},"end":{"line":19,"column":35}},"8":{"start":{"line":21,"column":2},"end":{"line":21,"column":28}},"9":{"start":{"line":22,"column":2},"end":{"line":29,"column":5}},"10":{"start":{"line":32,"column":15},"end":{"line":32,"column":30}},"11":{"start":{"line":33,"column":0},"end":{"line":33,"column":27}}},"fnMap":{"0":{"name":"_interopRequireDefault","decl":{"start":{"line":10,"column":9},"end":{"line":10,"column":31}},"loc":{"start":{"line":10,"column":37},"end":{"line":10,"column":95}},"line":10},"1":{"name":"(anonymous_1)","decl":{"start":{"line":12,"column":18},"end":{"line":12,"column":19}},"loc":{"start":{"line":12,"column":24},"end":{"line":16,"column":2}},"line":12},"2":{"name":"(anonymous_2)","decl":{"start":{"line":18,"column":24},"end":{"line":18,"column":25}},"loc":{"start":{"line":18,"column":51},"end":{"line":30,"column":1}},"line":18}},"branchMap":{"0":{"loc":{"start":{"line":10,"column":46},"end":{"line":10,"column":92}},"type":"cond-expr","locations":[{"start":{"line":10,"column":70},"end":{"line":10,"column":73}},{"start":{"line":10,"column":76},"end":{"line":10,"column":92}}],"line":10},"1":{"loc":{"start":{"line":10,"column":46},"end":{"line":10,"column":67}},"type":"binary-expr","locations":[{"start":{"line":10,"column":46},"end":{"line":10,"column":49}},{"start":{"line":10,"column":53},"end":{"line":10,"column":67}}],"line":10}},"s":{"0":1,"1":1,"2":1,"3":1,"4":1,"5":0,"6":1,"7":0,"8":0,"9":0,"10":1,"11":1},"f":{"0":1,"1":0,"2":0},"b":{"0":[0,1],"1":[1,1]},"inputSourceMap":{"version":3,"names":["signToken","id","jwt","sign","process","env","JWT_SECRET","expiresIn","JWT_EXPIRES_IN","createSendToken","user","statusCode","res","token","_id","password","undefined","status","json","data","message"],"sourceRoot":"/home/arthur/Desktop/Phantom App/Back-end/phantom-be-dream-team/src/helpers/","sources":["createSendToken.js"],"sourcesContent":["import jwt from 'jsonwebtoken';\nconst signToken = (id) =>\n  jwt.sign({id}, process.env.JWT_SECRET, {\n    expiresIn: process.env.JWT_EXPIRES_IN,\n  });\nconst createSendToken = (user, statusCode, res) => {\n  const token = signToken(user._id);\n\n  // remove the password from the output\n  user.password = undefined;\n\n  res.status(statusCode).json({\n    status: 'success',\n    token,\n    data: {\n      user,\n    },\n    message: 'Login Successful',\n  });\n};\n\nexport default createSendToken;\n"],"mappings":";;;;;;;AAAA;;;;AACA,MAAMA,SAAS,GAAIC,EAAD,IAChBC,qBAAA,CAAIC,IAAJ,CAAS;EAACF;AAAD,CAAT,EAAeG,OAAO,CAACC,GAAR,CAAYC,UAA3B,EAAuC;EACrCC,SAAS,EAAEH,OAAO,CAACC,GAAR,CAAYG;AADc,CAAvC,CADF;;AAIA,MAAMC,eAAe,GAAG,CAACC,IAAD,EAAOC,UAAP,EAAmBC,GAAnB,KAA2B;EACjD,MAAMC,KAAK,GAAGb,SAAS,CAACU,IAAI,CAACI,GAAN,CAAvB,CADiD,CAGjD;;EACAJ,IAAI,CAACK,QAAL,GAAgBC,SAAhB;EAEAJ,GAAG,CAACK,MAAJ,CAAWN,UAAX,EAAuBO,IAAvB,CAA4B;IAC1BD,MAAM,EAAE,SADkB;IAE1BJ,KAF0B;IAG1BM,IAAI,EAAE;MACJT;IADI,CAHoB;IAM1BU,OAAO,EAAE;EANiB,CAA5B;AAQD,CAdD;;eAgBeX,e"},"_coverageSchema":"1a1c01bbd47fc00a2c39e90264f33305004495a9","hash":"ca357fdb6c2fda65163b6bb2cc1dbdf78b397184","contentHash":"53a05a26ee327b33e0483ca3a0fb162da9b7b36cba04cf87c3b3d28411bd3303"},"/home/arthur/Desktop/Phantom App/Back-end/phantom-be-dream-team/src/models/index.js":{"path":"/home/arthur/Desktop/Phantom App/Back-end/phantom-be-dream-team/src/models/index.js","statementMap":{"0":{"start":{"line":3,"column":0},"end":{"line":5,"column":3}},"1":{"start":{"line":6,"column":0},"end":{"line":6,"column":25}},"2":{"start":{"line":8,"column":10},"end":{"line":8,"column":23}},"3":{"start":{"line":10,"column":12},"end":{"line":10,"column":27}},"4":{"start":{"line":12,"column":17},"end":{"line":12,"column":62}},"5":{"start":{"line":14,"column":14},"end":{"line":14,"column":65}},"6":{"start":{"line":16,"column":39},"end":{"line":16,"column":93}},"7":{"start":{"line":18,"column":49},"end":{"line":18,"column":96}},"8":{"start":{"line":18,"column":84},"end":{"line":18,"column":96}},"9":{"start":{"line":18,"column":121},"end":{"line":18,"column":134}},"10":{"start":{"line":18,"column":159},"end":{"line":18,"column":172}},"11":{"start":{"line":18,"column":174},"end":{"line":18,"column":309}},"12":{"start":{"line":18,"column":234},"end":{"line":18,"column":292}},"13":{"start":{"line":20,"column":53},"end":{"line":20,"column":111}},"14":{"start":{"line":20,"column":98},"end":{"line":20,"column":109}},"15":{"start":{"line":20,"column":112},"end":{"line":20,"column":214}},"16":{"start":{"line":20,"column":188},"end":{"line":20,"column":212}},"17":{"start":{"line":20,"column":227},"end":{"line":20,"column":264}},"18":{"start":{"line":20,"column":266},"end":{"line":20,"column":321}},"19":{"start":{"line":20,"column":297},"end":{"line":20,"column":319}},"20":{"start":{"line":20,"column":335},"end":{"line":20,"column":337}},"21":{"start":{"line":20,"column":367},"end":{"line":20,"column":423}},"22":{"start":{"line":20,"column":425},"end":{"line":20,"column":726}},"23":{"start":{"line":20,"column":448},"end":{"line":20,"column":724}},"24":{"start":{"line":20,"column":534},"end":{"line":20,"column":606}},"25":{"start":{"line":20,"column":608},"end":{"line":20,"column":722}},"26":{"start":{"line":20,"column":646},"end":{"line":20,"column":687}},"27":{"start":{"line":20,"column":697},"end":{"line":20,"column":720}},"28":{"start":{"line":20,"column":727},"end":{"line":20,"column":748}},"29":{"start":{"line":20,"column":749},"end":{"line":20,"column":787}},"30":{"start":{"line":20,"column":762},"end":{"line":20,"column":785}},"31":{"start":{"line":20,"column":788},"end":{"line":20,"column":802}},"32":{"start":{"line":22,"column":17},"end":{"line":22,"column":48}},"33":{"start":{"line":23,"column":12},"end":{"line":23,"column":49}},"34":{"start":{"line":24,"column":15},"end":{"line":24,"column":35}},"35":{"start":{"line":25,"column":11},"end":{"line":25,"column":13}},"36":{"start":{"line":28,"column":0},"end":{"line":34,"column":1}},"37":{"start":{"line":29,"column":2},"end":{"line":31,"column":5}},"38":{"start":{"line":33,"column":2},"end":{"line":33,"column":96}},"39":{"start":{"line":36,"column":0},"end":{"line":41,"column":3}},"40":{"start":{"line":37,"column":0},"end":{"line":37,"column":72}},"41":{"start":{"line":38,"column":16},"end":{"line":38,"column":90}},"42":{"start":{"line":40,"column":2},"end":{"line":40,"column":25}},"43":{"start":{"line":42,"column":0},"end":{"line":46,"column":3}},"44":{"start":{"line":43,"column":2},"end":{"line":45,"column":3}},"45":{"start":{"line":44,"column":4},"end":{"line":44,"column":32}},"46":{"start":{"line":47,"column":0},"end":{"line":47,"column":25}},"47":{"start":{"line":48,"column":0},"end":{"line":48,"column":34}},"48":{"start":{"line":49,"column":0},"end":{"line":53,"column":3}},"49":{"start":{"line":50,"column":2},"end":{"line":50,"column":53}},"50":{"start":{"line":52,"column":2},"end":{"line":52,"column":66}},"51":{"start":{"line":54,"column":15},"end":{"line":54,"column":17}},"52":{"start":{"line":55,"column":0},"end":{"line":55,"column":27}}},"fnMap":{"0":{"name":"_interopRequireDefault","decl":{"start":{"line":16,"column":9},"end":{"line":16,"column":31}},"loc":{"start":{"line":16,"column":37},"end":{"line":16,"column":95}},"line":16},"1":{"name":"_getRequireWildcardCache","decl":{"start":{"line":18,"column":9},"end":{"line":18,"column":33}},"loc":{"start":{"line":18,"column":47},"end":{"line":18,"column":311}},"line":18},"2":{"name":"(anonymous_2)","decl":{"start":{"line":18,"column":209},"end":{"line":18,"column":210}},"loc":{"start":{"line":18,"column":232},"end":{"line":18,"column":294}},"line":18},"3":{"name":"_interopRequireWildcard","decl":{"start":{"line":20,"column":9},"end":{"line":20,"column":32}},"loc":{"start":{"line":20,"column":51},"end":{"line":20,"column":804}},"line":20},"4":{"name":"(anonymous_4)","decl":{"start":{"line":36,"column":39},"end":{"line":36,"column":40}},"loc":{"start":{"line":37,"column":0},"end":{"line":37,"column":72}},"line":37},"5":{"name":"(anonymous_5)","decl":{"start":{"line":37,"column":82},"end":{"line":37,"column":83}},"loc":{"start":{"line":37,"column":90},"end":{"line":41,"column":1}},"line":37},"6":{"name":"(anonymous_6)","decl":{"start":{"line":42,"column":24},"end":{"line":42,"column":25}},"loc":{"start":{"line":42,"column":37},"end":{"line":46,"column":1}},"line":42},"7":{"name":"(anonymous_7)","decl":{"start":{"line":49,"column":30},"end":{"line":49,"column":31}},"loc":{"start":{"line":49,"column":36},"end":{"line":51,"column":1}},"line":49},"8":{"name":"(anonymous_8)","decl":{"start":{"line":51,"column":9},"end":{"line":51,"column":10}},"loc":{"start":{"line":51,"column":16},"end":{"line":53,"column":1}},"line":51}},"branchMap":{"0":{"loc":{"start":{"line":16,"column":46},"end":{"line":16,"column":92}},"type":"cond-expr","locations":[{"start":{"line":16,"column":70},"end":{"line":16,"column":73}},{"start":{"line":16,"column":76},"end":{"line":16,"column":92}}],"line":16},"1":{"loc":{"start":{"line":16,"column":46},"end":{"line":16,"column":67}},"type":"binary-expr","locations":[{"start":{"line":16,"column":46},"end":{"line":16,"column":49}},{"start":{"line":16,"column":53},"end":{"line":16,"column":67}}],"line":16},"2":{"loc":{"start":{"line":18,"column":49},"end":{"line":18,"column":96}},"type":"if","locations":[{"start":{"line":18,"column":49},"end":{"line":18,"column":96}},{"start":{"line":18,"column":49},"end":{"line":18,"column":96}}],"line":18},"3":{"loc":{"start":{"line":18,"column":241},"end":{"line":18,"column":291}},"type":"cond-expr","locations":[{"start":{"line":18,"column":255},"end":{"line":18,"column":271}},{"start":{"line":18,"column":274},"end":{"line":18,"column":291}}],"line":18},"4":{"loc":{"start":{"line":20,"column":53},"end":{"line":20,"column":111}},"type":"if","locations":[{"start":{"line":20,"column":53},"end":{"line":20,"column":111}},{"start":{"line":20,"column":53},"end":{"line":20,"column":111}}],"line":20},"5":{"loc":{"start":{"line":20,"column":57},"end":{"line":20,"column":94}},"type":"binary-expr","locations":[{"start":{"line":20,"column":57},"end":{"line":20,"column":69}},{"start":{"line":20,"column":73},"end":{"line":20,"column":76}},{"start":{"line":20,"column":80},"end":{"line":20,"column":94}}],"line":20},"6":{"loc":{"start":{"line":20,"column":112},"end":{"line":20,"column":214}},"type":"if","locations":[{"start":{"line":20,"column":112},"end":{"line":20,"column":214}},{"start":{"line":20,"column":112},"end":{"line":20,"column":214}}],"line":20},"7":{"loc":{"start":{"line":20,"column":116},"end":{"line":20,"column":184}},"type":"binary-expr","locations":[{"start":{"line":20,"column":116},"end":{"line":20,"column":128}},{"start":{"line":20,"column":132},"end":{"line":20,"column":155}},{"start":{"line":20,"column":159},"end":{"line":20,"column":184}}],"line":20},"8":{"loc":{"start":{"line":20,"column":266},"end":{"line":20,"column":321}},"type":"if","locations":[{"start":{"line":20,"column":266},"end":{"line":20,"column":321}},{"start":{"line":20,"column":266},"end":{"line":20,"column":321}}],"line":20},"9":{"loc":{"start":{"line":20,"column":270},"end":{"line":20,"column":293}},"type":"binary-expr","locations":[{"start":{"line":20,"column":270},"end":{"line":20,"column":275}},{"start":{"line":20,"column":279},"end":{"line":20,"column":293}}],"line":20},"10":{"loc":{"start":{"line":20,"column":367},"end":{"line":20,"column":423}},"type":"binary-expr","locations":[{"start":{"line":20,"column":367},"end":{"line":20,"column":388}},{"start":{"line":20,"column":392},"end":{"line":20,"column":423}}],"line":20},"11":{"loc":{"start":{"line":20,"column":448},"end":{"line":20,"column":724}},"type":"if","locations":[{"start":{"line":20,"column":448},"end":{"line":20,"column":724}},{"start":{"line":20,"column":448},"end":{"line":20,"column":724}}],"line":20},"12":{"loc":{"start":{"line":20,"column":452},"end":{"line":20,"column":519}},"type":"binary-expr","locations":[{"start":{"line":20,"column":452},"end":{"line":20,"column":469}},{"start":{"line":20,"column":473},"end":{"line":20,"column":519}}],"line":20},"13":{"loc":{"start":{"line":20,"column":534},"end":{"line":20,"column":606}},"type":"cond-expr","locations":[{"start":{"line":20,"column":558},"end":{"line":20,"column":599}},{"start":{"line":20,"column":602},"end":{"line":20,"column":606}}],"line":20},"14":{"loc":{"start":{"line":20,"column":608},"end":{"line":20,"column":722}},"type":"if","locations":[{"start":{"line":20,"column":608},"end":{"line":20,"column":722}},{"start":{"line":20,"column":608},"end":{"line":20,"column":722}}],"line":20},"15":{"loc":{"start":{"line":20,"column":612},"end":{"line":20,"column":642}},"type":"binary-expr","locations":[{"start":{"line":20,"column":612},"end":{"line":20,"column":616}},{"start":{"line":20,"column":621},"end":{"line":20,"column":629}},{"start":{"line":20,"column":633},"end":{"line":20,"column":641}}],"line":20},"16":{"loc":{"start":{"line":20,"column":749},"end":{"line":20,"column":787}},"type":"if","locations":[{"start":{"line":20,"column":749},"end":{"line":20,"column":787}},{"start":{"line":20,"column":749},"end":{"line":20,"column":787}}],"line":20},"17":{"loc":{"start":{"line":23,"column":12},"end":{"line":23,"column":49}},"type":"binary-expr","locations":[{"start":{"line":23,"column":12},"end":{"line":23,"column":32}},{"start":{"line":23,"column":36},"end":{"line":23,"column":49}}],"line":23},"18":{"loc":{"start":{"line":28,"column":0},"end":{"line":34,"column":1}},"type":"if","locations":[{"start":{"line":28,"column":0},"end":{"line":34,"column":1}},{"start":{"line":28,"column":0},"end":{"line":34,"column":1}}],"line":28},"19":{"loc":{"start":{"line":37,"column":0},"end":{"line":37,"column":72}},"type":"binary-expr","locations":[{"start":{"line":37,"column":0},"end":{"line":37,"column":23}},{"start":{"line":37,"column":27},"end":{"line":37,"column":44}},{"start":{"line":37,"column":48},"end":{"line":37,"column":72}}],"line":37},"20":{"loc":{"start":{"line":43,"column":2},"end":{"line":45,"column":3}},"type":"if","locations":[{"start":{"line":43,"column":2},"end":{"line":45,"column":3}},{"start":{"line":43,"column":2},"end":{"line":45,"column":3}}],"line":43}},"s":{"0":1,"1":1,"2":1,"3":1,"4":1,"5":1,"6":1,"7":1,"8":0,"9":1,"10":1,"11":1,"12":1,"13":1,"14":0,"15":1,"16":0,"17":1,"18":1,"19":0,"20":1,"21":1,"22":1,"23":147,"24":146,"25":146,"26":1,"27":145,"28":1,"29":1,"30":1,"31":1,"32":1,"33":1,"34":1,"35":1,"36":1,"37":1,"38":0,"39":1,"40":3,"41":2,"42":2,"43":1,"44":2,"45":2,"46":1,"47":1,"48":1,"49":1,"50":0,"51":1,"52":1},"f":{"0":1,"1":1,"2":1,"3":1,"4":3,"5":2,"6":2,"7":1,"8":0},"b":{"0":[0,1],"1":[1,1],"2":[0,1],"3":[0,1],"4":[0,1],"5":[1,1,1],"6":[0,1],"7":[1,1,1],"8":[0,1],"9":[1,1],"10":[1,1],"11":[146,1],"12":[147,146],"13":[146,0],"14":[1,145],"15":[146,146,145],"16":[1,0],"17":[1,0],"18":[1,0],"19":[3,3,2],"20":[2,0]},"inputSourceMap":{"version":3,"names":["basename","_basename","__filename","env","process","NODE_ENV","config","prop","db","sequelize","url","Sequelize","dialect","database","username","password","readdirSync","__dirname","filter","file","indexOf","slice","forEach","model","require","join","DataTypes","name","Object","keys","modelName","associate","authenticate","then","console","log","catch","err","error"],"sourceRoot":"/home/arthur/Desktop/Phantom App/Back-end/phantom-be-dream-team/src/models/","sources":["index.js"],"sourcesContent":["import {readdirSync} from 'fs';\nimport {basename as _basename, join} from 'path';\nimport Sequelize, {DataTypes} from 'sequelize';\nimport prop from '../config/config';\n\nconst basename = _basename(__filename);\nconst env = process.env.NODE_ENV || 'development';\nconst config = prop[env];\nconst db = {};\n\nlet sequelize;\nif (config.url) {\n  sequelize = new Sequelize(config.url, {\n    dialect: 'postgres',\n  });\n} else {\n  sequelize = new Sequelize(\n      config.database,\n      config.username,\n      config.password,\n      config,\n  );\n}\n\nreaddirSync(__dirname)\n    .filter(\n        (file) =>\n          // eslint-disable-next-line max-len\n          file.indexOf('.') !== 0 && file !== basename && file.slice(-3) === '.js',\n    )\n    .forEach((file) => {\n      const model = require(join(__dirname, file))(sequelize, DataTypes);\n      db[model.name] = model;\n    });\n\nObject.keys(db).forEach((modelName) => {\n  if (db[modelName].associate) {\n    db[modelName].associate(db);\n  }\n});\n\ndb.sequelize = sequelize;\ndb.Sequelize = Sequelize;\nsequelize\n    .authenticate()\n    .then(() => {\n      console.log('Connected! Database Status : ON 🔥.');\n    })\n    .catch((err) => {\n      console.error('Failed to connect! Database Status : OFF:', err);\n    });\n\nexport default db;\n"],"mappings":";;;;;;;AAAA;;AACA;;AACA;;AACA;;;;;;;;AAEA,MAAMA,QAAQ,GAAG,IAAAC,cAAA,EAAUC,UAAV,CAAjB;AACA,MAAMC,GAAG,GAAGC,OAAO,CAACD,GAAR,CAAYE,QAAZ,IAAwB,aAApC;AACA,MAAMC,MAAM,GAAGC,eAAA,CAAKJ,GAAL,CAAf;AACA,MAAMK,EAAE,GAAG,EAAX;AAEA,IAAIC,SAAJ;;AACA,IAAIH,MAAM,CAACI,GAAX,EAAgB;EACdD,SAAS,GAAG,IAAIE,kBAAJ,CAAcL,MAAM,CAACI,GAArB,EAA0B;IACpCE,OAAO,EAAE;EAD2B,CAA1B,CAAZ;AAGD,CAJD,MAIO;EACLH,SAAS,GAAG,IAAIE,kBAAJ,CACRL,MAAM,CAACO,QADC,EAERP,MAAM,CAACQ,QAFC,EAGRR,MAAM,CAACS,QAHC,EAIRT,MAJQ,CAAZ;AAMD;;AAED,IAAAU,eAAA,EAAYC,SAAZ,EACKC,MADL,CAESC,IAAD,IACE;AACAA,IAAI,CAACC,OAAL,CAAa,GAAb,MAAsB,CAAtB,IAA2BD,IAAI,KAAKnB,QAApC,IAAgDmB,IAAI,CAACE,KAAL,CAAW,CAAC,CAAZ,MAAmB,KAJ7E,EAMKC,OANL,CAMcH,IAAD,IAAU;EACjB,MAAMI,KAAK,GAAGC,OAAO,CAAC,IAAAC,UAAA,EAAKR,SAAL,EAAgBE,IAAhB,CAAD,CAAP,CAA+BV,SAA/B,EAA0CiB,oBAA1C,CAAd;;EACAlB,EAAE,CAACe,KAAK,CAACI,IAAP,CAAF,GAAiBJ,KAAjB;AACD,CATL;AAWAK,MAAM,CAACC,IAAP,CAAYrB,EAAZ,EAAgBc,OAAhB,CAAyBQ,SAAD,IAAe;EACrC,IAAItB,EAAE,CAACsB,SAAD,CAAF,CAAcC,SAAlB,EAA6B;IAC3BvB,EAAE,CAACsB,SAAD,CAAF,CAAcC,SAAd,CAAwBvB,EAAxB;EACD;AACF,CAJD;AAMAA,EAAE,CAACC,SAAH,GAAeA,SAAf;AACAD,EAAE,CAACG,SAAH,GAAeA,kBAAf;AACAF,SAAS,CACJuB,YADL,GAEKC,IAFL,CAEU,MAAM;EACVC,OAAO,CAACC,GAAR,CAAY,qCAAZ;AACD,CAJL,EAKKC,KALL,CAKYC,GAAD,IAAS;EACdH,OAAO,CAACI,KAAR,CAAc,2CAAd,EAA2DD,GAA3D;AACD,CAPL;eASe7B,E"},"_coverageSchema":"1a1c01bbd47fc00a2c39e90264f33305004495a9","hash":"0cf91de37a50f0087a044b625972417c65db68ae","contentHash":"c7acfcac4b3696f3876cb5ee59ddafe85d284d9b8d98dffb40919e41312f8f6b"},"/home/arthur/Desktop/Phantom App/Back-end/phantom-be-dream-team/src/config/config.js":{"path":"/home/arthur/Desktop/Phantom App/Back-end/phantom-be-dream-team/src/config/config.js","statementMap":{"0":{"start":{"line":3,"column":14},"end":{"line":3,"column":55}},"1":{"start":{"line":5,"column":39},"end":{"line":5,"column":93}},"2":{"start":{"line":7,"column":0},"end":{"line":7,"column":25}},"3":{"start":{"line":9,"column":0},"end":{"line":28,"column":2}}},"fnMap":{"0":{"name":"_interopRequireDefault","decl":{"start":{"line":5,"column":9},"end":{"line":5,"column":31}},"loc":{"start":{"line":5,"column":37},"end":{"line":5,"column":95}},"line":5}},"branchMap":{"0":{"loc":{"start":{"line":5,"column":46},"end":{"line":5,"column":92}},"type":"cond-expr","locations":[{"start":{"line":5,"column":70},"end":{"line":5,"column":73}},{"start":{"line":5,"column":76},"end":{"line":5,"column":92}}],"line":5},"1":{"loc":{"start":{"line":5,"column":46},"end":{"line":5,"column":67}},"type":"binary-expr","locations":[{"start":{"line":5,"column":46},"end":{"line":5,"column":49}},{"start":{"line":5,"column":53},"end":{"line":5,"column":67}}],"line":5}},"s":{"0":1,"1":1,"2":1,"3":1},"f":{"0":1},"b":{"0":[0,1],"1":[1,1]},"inputSourceMap":{"version":3,"names":["dotenv","config","module","exports","development","JWT_SECRET","process","env","url","DB_DEVELOPMENT_URL","dialect","port","PORT","test","DB_TESTING_URL","production","DB_PRODUCTION_URL"],"sourceRoot":"/home/arthur/Desktop/Phantom App/Back-end/phantom-be-dream-team/src/config/","sources":["config.js"],"sourcesContent":["import dotenv from 'dotenv';\n\ndotenv.config();\n\nmodule.exports = {\n  development: {\n    JWT_SECRET: process.env.JWT_SECRET,\n    url: process.env.DB_DEVELOPMENT_URL,\n    dialect: 'postgres',\n    port: process.env.PORT,\n  },\n  test: {\n    JWT_SECRET: process.env.JWT_SECRET,\n    url: process.env.DB_TESTING_URL,\n    dialect: 'postgres',\n    port: process.env.PORT,\n  },\n  production: {\n    JWT_SECRET: process.env.JWT_SECRET,\n    url: process.env.DB_PRODUCTION_URL,\n    dialect: 'postgres',\n    port: process.env.PORT,\n  },\n};\n"],"mappings":";;AAAA;;;;AAEAA,eAAA,CAAOC,MAAP;;AAEAC,MAAM,CAACC,OAAP,GAAiB;EACfC,WAAW,EAAE;IACXC,UAAU,EAAEC,OAAO,CAACC,GAAR,CAAYF,UADb;IAEXG,GAAG,EAAEF,OAAO,CAACC,GAAR,CAAYE,kBAFN;IAGXC,OAAO,EAAE,UAHE;IAIXC,IAAI,EAAEL,OAAO,CAACC,GAAR,CAAYK;EAJP,CADE;EAOfC,IAAI,EAAE;IACJR,UAAU,EAAEC,OAAO,CAACC,GAAR,CAAYF,UADpB;IAEJG,GAAG,EAAEF,OAAO,CAACC,GAAR,CAAYO,cAFb;IAGJJ,OAAO,EAAE,UAHL;IAIJC,IAAI,EAAEL,OAAO,CAACC,GAAR,CAAYK;EAJd,CAPS;EAafG,UAAU,EAAE;IACVV,UAAU,EAAEC,OAAO,CAACC,GAAR,CAAYF,UADd;IAEVG,GAAG,EAAEF,OAAO,CAACC,GAAR,CAAYS,iBAFP;IAGVN,OAAO,EAAE,UAHC;IAIVC,IAAI,EAAEL,OAAO,CAACC,GAAR,CAAYK;EAJR;AAbG,CAAjB"},"_coverageSchema":"1a1c01bbd47fc00a2c39e90264f33305004495a9","hash":"d2b2529b6e2a916477905a723dd524973de60450","contentHash":"2fec0cadb1610102e1bd15c581648a9cebb5e612dd4c771bd76320f6c3d99bc6"},"/home/arthur/Desktop/Phantom App/Back-end/phantom-be-dream-team/src/models/routes.js":{"path":"/home/arthur/Desktop/Phantom App/Back-end/phantom-be-dream-team/src/models/routes.js","statementMap":{"0":{"start":{"line":3,"column":24},"end":{"line":3,"column":76}},"1":{"start":{"line":5,"column":39},"end":{"line":5,"column":93}},"2":{"start":{"line":9,"column":4},"end":{"line":9,"column":24}},"3":{"start":{"line":11,"column":0},"end":{"line":51,"column":2}},"4":{"start":{"line":24,"column":2},"end":{"line":37,"column":5}},"5":{"start":{"line":38,"column":2},"end":{"line":38,"column":31}},"6":{"start":{"line":40,"column":2},"end":{"line":48,"column":5}},"7":{"start":{"line":50,"column":2},"end":{"line":50,"column":16}}},"fnMap":{"0":{"name":"_interopRequireDefault","decl":{"start":{"line":5,"column":9},"end":{"line":5,"column":31}},"loc":{"start":{"line":5,"column":37},"end":{"line":5,"column":95}},"line":5},"1":{"name":"(anonymous_1)","decl":{"start":{"line":11,"column":17},"end":{"line":11,"column":18}},"loc":{"start":{"line":11,"column":43},"end":{"line":51,"column":1}},"line":11},"2":{"name":"(anonymous_2)","decl":{"start":{"line":19,"column":4},"end":{"line":19,"column":5}},"loc":{"start":{"line":19,"column":23},"end":{"line":20,"column":5}},"line":19}},"branchMap":{"0":{"loc":{"start":{"line":5,"column":46},"end":{"line":5,"column":92}},"type":"cond-expr","locations":[{"start":{"line":5,"column":70},"end":{"line":5,"column":73}},{"start":{"line":5,"column":76},"end":{"line":5,"column":92}}],"line":5},"1":{"loc":{"start":{"line":5,"column":46},"end":{"line":5,"column":67}},"type":"binary-expr","locations":[{"start":{"line":5,"column":46},"end":{"line":5,"column":49}},{"start":{"line":5,"column":53},"end":{"line":5,"column":67}}],"line":5}},"s":{"0":1,"1":1,"2":1,"3":1,"4":1,"5":1,"6":1,"7":1},"f":{"0":1,"1":1,"2":1},"b":{"0":[0,1],"1":[1,1]},"inputSourceMap":{"version":3,"names":["Model","require","module","exports","sequelize","DataTypes","routes","associate","init","routeId","type","UUID","defaultValue","UUIDV4","origin","STRING","destination","code","distance","coordinates","ARRAY","DECIMAL","modelName","removeAttribute","SequelizeSlugify","slugifyModel","source","suffixSource","incrementalSeparator","overwrite","bulkUpdate","column"],"sourceRoot":"/home/arthur/Desktop/Phantom App/Back-end/phantom-be-dream-team/src/models/","sources":["routes.js"],"sourcesContent":["'use strict';\nimport SequelizeSlugify from 'sequelize-slugify';\nconst {Model} = require('sequelize');\nmodule.exports = (sequelize, DataTypes) => {\n  // eslint-disable-next-line require-jsdoc\n  class routes extends Model {\n    /**\n     * Helper method for defining associations.\n     * This method is not a part of Sequelize lifecycle.\n     * The `models/index` file will call this method automatically.\n     */\n    static associate() {\n      // define association here\n\n    }\n  }\n  routes.init(\n      {\n        routeId: {\n          type: DataTypes.UUID,\n          defaultValue: DataTypes.UUIDV4,\n        },\n        origin: DataTypes.STRING,\n        destination: DataTypes.STRING,\n        code: DataTypes.STRING,\n        distance: DataTypes.STRING,\n        coordinates: DataTypes.ARRAY(DataTypes.DECIMAL),\n      },\n      {\n        sequelize,\n        modelName: 'routes',\n      },\n  );\n  routes.removeAttribute('id');\n\n  SequelizeSlugify.slugifyModel(routes, {\n    source: ['origin'],\n    suffixSource: ['code'],\n    incrementalSeparator: '-',\n    overwrite: true,\n    bulkUpdate: true,\n    suffixSource: ['destination'],\n    column: 'routeSlug',\n  });\n  return routes;\n};\n"],"mappings":"AAAA;;AACA;;;;AACA,MAAM;EAACA;AAAD,IAAUC,OAAO,CAAC,WAAD,CAAvB;;AACAC,MAAM,CAACC,OAAP,GAAiB,CAACC,SAAD,EAAYC,SAAZ,KAA0B;EACzC;EACA,MAAMC,MAAN,SAAqBN,KAArB,CAA2B;IACzB;AACJ;AACA;AACA;AACA;IACoB,OAATO,SAAS,GAAG,CACjB;IAED;;EATwB;;EAW3BD,MAAM,CAACE,IAAP,CACI;IACEC,OAAO,EAAE;MACPC,IAAI,EAAEL,SAAS,CAACM,IADT;MAEPC,YAAY,EAAEP,SAAS,CAACQ;IAFjB,CADX;IAKEC,MAAM,EAAET,SAAS,CAACU,MALpB;IAMEC,WAAW,EAAEX,SAAS,CAACU,MANzB;IAOEE,IAAI,EAAEZ,SAAS,CAACU,MAPlB;IAQEG,QAAQ,EAAEb,SAAS,CAACU,MARtB;IASEI,WAAW,EAAEd,SAAS,CAACe,KAAV,CAAgBf,SAAS,CAACgB,OAA1B;EATf,CADJ,EAYI;IACEjB,SADF;IAEEkB,SAAS,EAAE;EAFb,CAZJ;EAiBAhB,MAAM,CAACiB,eAAP,CAAuB,IAAvB;;EAEAC,yBAAA,CAAiBC,YAAjB,CAA8BnB,MAA9B,EAAsC;IACpCoB,MAAM,EAAE,CAAC,QAAD,CAD4B;IAEpCC,YAAY,EAAE,CAAC,MAAD,CAFsB;IAGpCC,oBAAoB,EAAE,GAHc;IAIpCC,SAAS,EAAE,IAJyB;IAKpCC,UAAU,EAAE,IALwB;IAMpCH,YAAY,EAAE,CAAC,aAAD,CANsB;IAOpCI,MAAM,EAAE;EAP4B,CAAtC;;EASA,OAAOzB,MAAP;AACD,CA1CD"},"_coverageSchema":"1a1c01bbd47fc00a2c39e90264f33305004495a9","hash":"49e82abf838c0736f0a86335578474461695354d","contentHash":"e5e8baab179051f15047fa945e9cf48333963f605ce463ca8a3eb2a37d9c5790"},"/home/arthur/Desktop/Phantom App/Back-end/phantom-be-dream-team/src/models/user.js":{"path":"/home/arthur/Desktop/Phantom App/Back-end/phantom-be-dream-team/src/models/user.js","statementMap":{"0":{"start":{"line":3,"column":17},"end":{"line":3,"column":37}},"1":{"start":{"line":5,"column":0},"end":{"line":52,"column":2}},"2":{"start":{"line":18,"column":2},"end":{"line":50,"column":5}},"3":{"start":{"line":51,"column":2},"end":{"line":51,"column":14}}},"fnMap":{"0":{"name":"(anonymous_0)","decl":{"start":{"line":5,"column":17},"end":{"line":5,"column":18}},"loc":{"start":{"line":5,"column":43},"end":{"line":52,"column":1}},"line":5},"1":{"name":"(anonymous_1)","decl":{"start":{"line":13,"column":4},"end":{"line":13,"column":5}},"loc":{"start":{"line":13,"column":23},"end":{"line":14,"column":5}},"line":13}},"branchMap":{},"s":{"0":1,"1":1,"2":1,"3":1},"f":{"0":1,"1":1},"b":{},"inputSourceMap":{"version":3,"names":["module","exports","sequelize","DataTypes","User","Model","associate","init","firstName","type","STRING","allowNull","lastName","email","unique","validate","isEmail","lowercase","role","password","min","modelName"],"sourceRoot":"/home/arthur/Desktop/Phantom App/Back-end/phantom-be-dream-team/src/models/","sources":["user.js"],"sourcesContent":["import {Model} from 'sequelize';\n\nmodule.exports = (sequelize, DataTypes) => {\n  // eslint-disable-next-line require-jsdoc\n  class User extends Model {\n    /**\n     * Helper method for defining associations.\n     * This method is not a part of Sequelize lifecycle.\n     * The `models/index` file will call this method automatically.\n     */\n    static associate() {\n      // define association here\n    }\n  }\n  User.init(\n      {\n        firstName: {type: DataTypes.STRING, allowNull: false},\n        lastName: {type: DataTypes.STRING, allowNull: false},\n        email: {\n          type: DataTypes.STRING,\n          allowNull: false,\n          unique: true,\n          validate: {isEmail: true},\n          lowercase: true,\n        },\n        role: {\n          type: DataTypes.STRING, allowNull: false},\n        password: {\n          type: DataTypes.STRING,\n          allowNull: false,\n          validate: {min: 4},\n        },\n      },\n      {\n        sequelize,\n        modelName: 'User',\n      },\n  );\n\n  return User;\n};\n"],"mappings":";;AAAA;;AAEAA,MAAM,CAACC,OAAP,GAAiB,CAACC,SAAD,EAAYC,SAAZ,KAA0B;EACzC;EACA,MAAMC,IAAN,SAAmBC,gBAAnB,CAAyB;IACvB;AACJ;AACA;AACA;AACA;IACoB,OAATC,SAAS,GAAG,CACjB;IACD;;EARsB;;EAUzBF,IAAI,CAACG,IAAL,CACI;IACEC,SAAS,EAAE;MAACC,IAAI,EAAEN,SAAS,CAACO,MAAjB;MAAyBC,SAAS,EAAE;IAApC,CADb;IAEEC,QAAQ,EAAE;MAACH,IAAI,EAAEN,SAAS,CAACO,MAAjB;MAAyBC,SAAS,EAAE;IAApC,CAFZ;IAGEE,KAAK,EAAE;MACLJ,IAAI,EAAEN,SAAS,CAACO,MADX;MAELC,SAAS,EAAE,KAFN;MAGLG,MAAM,EAAE,IAHH;MAILC,QAAQ,EAAE;QAACC,OAAO,EAAE;MAAV,CAJL;MAKLC,SAAS,EAAE;IALN,CAHT;IAUEC,IAAI,EAAE;MACJT,IAAI,EAAEN,SAAS,CAACO,MADZ;MACoBC,SAAS,EAAE;IAD/B,CAVR;IAYEQ,QAAQ,EAAE;MACRV,IAAI,EAAEN,SAAS,CAACO,MADR;MAERC,SAAS,EAAE,KAFH;MAGRI,QAAQ,EAAE;QAACK,GAAG,EAAE;MAAN;IAHF;EAZZ,CADJ,EAmBI;IACElB,SADF;IAEEmB,SAAS,EAAE;EAFb,CAnBJ;EAyBA,OAAOjB,IAAP;AACD,CAtCD"},"_coverageSchema":"1a1c01bbd47fc00a2c39e90264f33305004495a9","hash":"48f1b9f8973c52f1b9aed47f616cf09bb4f2a9e3","contentHash":"ab3300651c38d709e51dd2097178c6be38ebc4fe0efe4abf7e1b7b8fb95c7b83"},"/home/arthur/Desktop/Phantom App/Back-end/phantom-be-dream-team/src/controllers/userController.js":{"path":"/home/arthur/Desktop/Phantom App/Back-end/phantom-be-dream-team/src/controllers/userController.js","statementMap":{"0":{"start":{"line":3,"column":0},"end":{"line":5,"column":3}},"1":{"start":{"line":6,"column":0},"end":{"line":6,"column":25}},"2":{"start":{"line":8,"column":14},"end":{"line":8,"column":55}},"3":{"start":{"line":10,"column":16},"end":{"line":10,"column":59}},"4":{"start":{"line":12,"column":24},"end":{"line":12,"column":86}},"5":{"start":{"line":14,"column":14},"end":{"line":14,"column":58}},"6":{"start":{"line":16,"column":39},"end":{"line":16,"column":93}},"7":{"start":{"line":18,"column":13},"end":{"line":18,"column":33}},"8":{"start":{"line":20,"column":0},"end":{"line":20,"column":25}},"9":{"start":{"line":22,"column":16},"end":{"line":76,"column":1}},"10":{"start":{"line":29,"column":6},"end":{"line":29,"column":14}},"11":{"start":{"line":30,"column":23},"end":{"line":30,"column":55}},"12":{"start":{"line":31,"column":19},"end":{"line":31,"column":65}},"13":{"start":{"line":33,"column":2},"end":{"line":41,"column":3}},"14":{"start":{"line":34,"column":4},"end":{"line":36,"column":7}},"15":{"start":{"line":37,"column":9},"end":{"line":41,"column":3}},"16":{"start":{"line":38,"column":4},"end":{"line":40,"column":7}},"17":{"start":{"line":43,"column":2},"end":{"line":75,"column":5}},"18":{"start":{"line":48,"column":4},"end":{"line":52,"column":5}},"19":{"start":{"line":49,"column":6},"end":{"line":51,"column":9}},"20":{"start":{"line":54,"column":4},"end":{"line":74,"column":8}},"21":{"start":{"line":61,"column":6},"end":{"line":71,"column":7}},"22":{"start":{"line":62,"column":24},"end":{"line":65,"column":13}},"23":{"start":{"line":66,"column":8},"end":{"line":70,"column":11}},"24":{"start":{"line":72,"column":20},"end":{"line":74,"column":6}},"25":{"start":{"line":78,"column":0},"end":{"line":78,"column":26}}},"fnMap":{"0":{"name":"_interopRequireDefault","decl":{"start":{"line":16,"column":9},"end":{"line":16,"column":31}},"loc":{"start":{"line":16,"column":37},"end":{"line":16,"column":95}},"line":16},"1":{"name":"(anonymous_1)","decl":{"start":{"line":22,"column":16},"end":{"line":22,"column":17}},"loc":{"start":{"line":22,"column":36},"end":{"line":76,"column":1}},"line":22},"2":{"name":"(anonymous_2)","decl":{"start":{"line":47,"column":10},"end":{"line":47,"column":11}},"loc":{"start":{"line":47,"column":25},"end":{"line":75,"column":3}},"line":47},"3":{"name":"(anonymous_3)","decl":{"start":{"line":60,"column":12},"end":{"line":60,"column":13}},"loc":{"start":{"line":60,"column":20},"end":{"line":72,"column":5}},"line":60},"4":{"name":"(anonymous_4)","decl":{"start":{"line":72,"column":13},"end":{"line":72,"column":14}},"loc":{"start":{"line":72,"column":20},"end":{"line":74,"column":6}},"line":72}},"branchMap":{"0":{"loc":{"start":{"line":16,"column":46},"end":{"line":16,"column":92}},"type":"cond-expr","locations":[{"start":{"line":16,"column":70},"end":{"line":16,"column":73}},{"start":{"line":16,"column":76},"end":{"line":16,"column":92}}],"line":16},"1":{"loc":{"start":{"line":16,"column":46},"end":{"line":16,"column":67}},"type":"binary-expr","locations":[{"start":{"line":16,"column":46},"end":{"line":16,"column":49}},{"start":{"line":16,"column":53},"end":{"line":16,"column":67}}],"line":16},"2":{"loc":{"start":{"line":33,"column":2},"end":{"line":41,"column":3}},"type":"if","locations":[{"start":{"line":33,"column":2},"end":{"line":41,"column":3}},{"start":{"line":33,"column":2},"end":{"line":41,"column":3}}],"line":33},"3":{"loc":{"start":{"line":33,"column":6},"end":{"line":33,"column":72}},"type":"binary-expr","locations":[{"start":{"line":33,"column":6},"end":{"line":33,"column":22}},{"start":{"line":33,"column":26},"end":{"line":33,"column":41}},{"start":{"line":33,"column":45},"end":{"line":33,"column":57}},{"start":{"line":33,"column":61},"end":{"line":33,"column":72}}],"line":33},"4":{"loc":{"start":{"line":37,"column":9},"end":{"line":41,"column":3}},"type":"if","locations":[{"start":{"line":37,"column":9},"end":{"line":41,"column":3}},{"start":{"line":37,"column":9},"end":{"line":41,"column":3}}],"line":37},"5":{"loc":{"start":{"line":48,"column":4},"end":{"line":52,"column":5}},"type":"if","locations":[{"start":{"line":48,"column":4},"end":{"line":52,"column":5}},{"start":{"line":48,"column":4},"end":{"line":52,"column":5}}],"line":48},"6":{"loc":{"start":{"line":61,"column":6},"end":{"line":71,"column":7}},"type":"if","locations":[{"start":{"line":61,"column":6},"end":{"line":71,"column":7}},{"start":{"line":61,"column":6},"end":{"line":71,"column":7}}],"line":61}},"s":{"0":1,"1":1,"2":1,"3":1,"4":1,"5":1,"6":4,"7":1,"8":1,"9":1,"10":0,"11":0,"12":0,"13":0,"14":0,"15":0,"16":0,"17":0,"18":0,"19":0,"20":0,"21":0,"22":0,"23":0,"24":0,"25":1},"f":{"0":4,"1":0,"2":0,"3":0,"4":0},"b":{"0":[2,2],"1":[4,4],"2":[0,0],"3":[0,0,0,0],"4":[0,0],"5":[0,0],"6":[0,0]},"inputSourceMap":{"version":3,"names":["User","model","dotenv","config","addUser","req","res","firstName","lastName","email","role","body","userpassword","generatePassword","password","bcrypt","hash","status","json","message","t","test","findOne","where","then","emailExists","create","data","catch","err","error"],"sourceRoot":"/home/arthur/Desktop/Phantom App/Back-end/phantom-be-dream-team/src/controllers/","sources":["userController.js"],"sourcesContent":["import dotenv from 'dotenv';\nimport bcrypt from 'bcryptjs';\nimport generatePassword from '../helpers/generatePassword';\nimport model from '../models';\n\nconst User = model.User;\n\ndotenv.config();\nconst addUser = async (req, res) => {\n  // static create(req, res) {\n  const {firstName, lastName, email, role} = req.body;\n  const userpassword = generatePassword();\n  const password = await bcrypt.hash(userpassword, 10);\n\n  if (firstName === '' || lastName === '' || email === '' || role === '') {\n    return res.status(500).json({\n      message: req.t('required_field'),\n    });\n  } else if (!/^[a-zA-Z0-9._-]+@[a-zA-Z0-9.-]+\\.[a-zA-Z]{2,4}$/.test(email)) {\n    return res.status(400).json({\n      message: req.t('email_invalid'),\n    });\n  }\n  User.findOne({\n    where: {\n      email,\n    },\n  }).then((emailExists) => {\n    if (emailExists) {\n      return res.status(400).json({\n        message: 'email_exists',\n      });\n    }\n    return User.create({\n      firstName,\n      lastName,\n      email,\n      role,\n      password,\n    })\n        .then((data) => {\n          if (data) {\n            const message = `\n            email:${req.body.email}\n            password:${userpassword}\n            `;\n            res.status(201).json({\n              message: req.t('user_created'),\n              data,\n              message,\n            });\n          }\n        })\n        .catch((err) =>\n          res.status(400).json({\n            error: err.message,\n          }),\n        );\n  });\n};\nexport {addUser};\n\n"],"mappings":";;;;;;;AAAA;;AACA;;AACA;;AACA;;;;AAEA,MAAMA,IAAI,GAAGC,eAAA,CAAMD,IAAnB;;AAEAE,eAAA,CAAOC,MAAP;;AACA,MAAMC,OAAO,GAAG,OAAOC,GAAP,EAAYC,GAAZ,KAAoB;EAClC;EACA,MAAM;IAACC,SAAD;IAAYC,QAAZ;IAAsBC,KAAtB;IAA6BC;EAA7B,IAAqCL,GAAG,CAACM,IAA/C;EACA,MAAMC,YAAY,GAAG,IAAAC,yBAAA,GAArB;EACA,MAAMC,QAAQ,GAAG,MAAMC,iBAAA,CAAOC,IAAP,CAAYJ,YAAZ,EAA0B,EAA1B,CAAvB;;EAEA,IAAIL,SAAS,KAAK,EAAd,IAAoBC,QAAQ,KAAK,EAAjC,IAAuCC,KAAK,KAAK,EAAjD,IAAuDC,IAAI,KAAK,EAApE,EAAwE;IACtE,OAAOJ,GAAG,CAACW,MAAJ,CAAW,GAAX,EAAgBC,IAAhB,CAAqB;MAC1BC,OAAO,EAAEd,GAAG,CAACe,CAAJ,CAAM,gBAAN;IADiB,CAArB,CAAP;EAGD,CAJD,MAIO,IAAI,CAAC,kDAAkDC,IAAlD,CAAuDZ,KAAvD,CAAL,EAAoE;IACzE,OAAOH,GAAG,CAACW,MAAJ,CAAW,GAAX,EAAgBC,IAAhB,CAAqB;MAC1BC,OAAO,EAAEd,GAAG,CAACe,CAAJ,CAAM,eAAN;IADiB,CAArB,CAAP;EAGD;;EACDpB,IAAI,CAACsB,OAAL,CAAa;IACXC,KAAK,EAAE;MACLd;IADK;EADI,CAAb,EAIGe,IAJH,CAISC,WAAD,IAAiB;IACvB,IAAIA,WAAJ,EAAiB;MACf,OAAOnB,GAAG,CAACW,MAAJ,CAAW,GAAX,EAAgBC,IAAhB,CAAqB;QAC1BC,OAAO,EAAE;MADiB,CAArB,CAAP;IAGD;;IACD,OAAOnB,IAAI,CAAC0B,MAAL,CAAY;MACjBnB,SADiB;MAEjBC,QAFiB;MAGjBC,KAHiB;MAIjBC,IAJiB;MAKjBI;IALiB,CAAZ,EAOFU,IAPE,CAOIG,IAAD,IAAU;MACd,IAAIA,IAAJ,EAAU;QACR,MAAMR,OAAO,GAAI;AAC7B,oBAAoBd,GAAG,CAACM,IAAJ,CAASF,KAAM;AACnC,uBAAuBG,YAAa;AACpC,aAHY;QAIAN,GAAG,CAACW,MAAJ,CAAW,GAAX,EAAgBC,IAAhB,CAAqB;UACnBC,OAAO,EAAEd,GAAG,CAACe,CAAJ,CAAM,cAAN,CADU;UAEnBO,IAFmB;UAGnBR;QAHmB,CAArB;MAKD;IACF,CAnBE,EAoBFS,KApBE,CAoBKC,GAAD,IACLvB,GAAG,CAACW,MAAJ,CAAW,GAAX,EAAgBC,IAAhB,CAAqB;MACnBY,KAAK,EAAED,GAAG,CAACV;IADQ,CAArB,CArBC,CAAP;EAyBD,CAnCD;AAoCD,CAnDD"},"_coverageSchema":"1a1c01bbd47fc00a2c39e90264f33305004495a9","hash":"818328ec84d3aff67fd5354238a2696da3a2d33f","contentHash":"f770767857f219f6a4d16e07d1c45cf77a2edbb4f1c07e117768ba25143751d7"},"/home/arthur/Desktop/Phantom App/Back-end/phantom-be-dream-team/src/helpers/generatePassword.js":{"path":"/home/arthur/Desktop/Phantom App/Back-end/phantom-be-dream-team/src/helpers/generatePassword.js","statementMap":{"0":{"start":{"line":3,"column":0},"end":{"line":5,"column":3}},"1":{"start":{"line":6,"column":0},"end":{"line":6,"column":25}},"2":{"start":{"line":11,"column":2},"end":{"line":11,"column":86}},"3":{"start":{"line":12,"column":24},"end":{"line":12,"column":26}},"4":{"start":{"line":13,"column":17},"end":{"line":13,"column":19}},"5":{"start":{"line":15,"column":2},"end":{"line":18,"column":3}},"6":{"start":{"line":15,"column":15},"end":{"line":15,"column":16}},"7":{"start":{"line":16,"column":25},"end":{"line":16,"column":65}},"8":{"start":{"line":17,"column":4},"end":{"line":17,"column":64}},"9":{"start":{"line":20,"column":2},"end":{"line":20,"column":18}},"10":{"start":{"line":23,"column":15},"end":{"line":23,"column":31}},"11":{"start":{"line":24,"column":0},"end":{"line":24,"column":27}}},"fnMap":{"0":{"name":"generatePassword","decl":{"start":{"line":9,"column":9},"end":{"line":9,"column":25}},"loc":{"start":{"line":9,"column":28},"end":{"line":21,"column":1}},"line":9}},"branchMap":{},"s":{"0":1,"1":1,"2":0,"3":0,"4":0,"5":0,"6":0,"7":0,"8":0,"9":0,"10":1,"11":1},"f":{"0":0},"b":{},"inputSourceMap":{"version":3,"names":["generatePassword","chars","passwodLength","password","i","randomNumber","Math","floor","random","length","substring"],"sourceRoot":"/home/arthur/Desktop/Phantom App/Back-end/phantom-be-dream-team/src/helpers/","sources":["generatePassword.js"],"sourcesContent":["// eslint-disable-next-line require-jsdoc\nfunction generatePassword() {\n  const chars =\n      // eslint-disable-next-line max-len\n      '0123456789abcdefghijklmnopqrstuvwxyzABCDEFGHIJKLMNOPQRSTUVWXYZ!@#$%^&*()_+?><:{}[]';\n\n\n  const passwodLength = 15;\n\n  let password = '';\n\n  for (let i = 0; i < passwodLength; i++) {\n    const randomNumber = Math.floor(Math.random() * chars.length);\n    password += chars.substring(randomNumber, randomNumber + 1);\n  }\n  return password;\n}\n\nexport default generatePassword;\n"],"mappings":";;;;;;;AAAA;AACA,SAASA,gBAAT,GAA4B;EAC1B,MAAMC,KAAK,GACP;EACA,oFAFJ;EAKA,MAAMC,aAAa,GAAG,EAAtB;EAEA,IAAIC,QAAQ,GAAG,EAAf;;EAEA,KAAK,IAAIC,CAAC,GAAG,CAAb,EAAgBA,CAAC,GAAGF,aAApB,EAAmCE,CAAC,EAApC,EAAwC;IACtC,MAAMC,YAAY,GAAGC,IAAI,CAACC,KAAL,CAAWD,IAAI,CAACE,MAAL,KAAgBP,KAAK,CAACQ,MAAjC,CAArB;IACAN,QAAQ,IAAIF,KAAK,CAACS,SAAN,CAAgBL,YAAhB,EAA8BA,YAAY,GAAG,CAA7C,CAAZ;EACD;;EACD,OAAOF,QAAP;AACD;;eAEcH,gB"},"_coverageSchema":"1a1c01bbd47fc00a2c39e90264f33305004495a9","hash":"a48f63bbe5e8f3ed5e7e41e110c248c7abbacb86","contentHash":"2d4176fe9a917e7b7bd04ec5c953d1a84642a91d2656faae7e7d52b3045b566e"},"/home/arthur/Desktop/Phantom App/Back-end/phantom-be-dream-team/src/routes/api/routesRoute.js":{"path":"/home/arthur/Desktop/Phantom App/Back-end/phantom-be-dream-team/src/routes/api/routesRoute.js","statementMap":{"0":{"start":{"line":3,"column":0},"end":{"line":5,"column":3}},"1":{"start":{"line":6,"column":0},"end":{"line":6,"column":25}},"2":{"start":{"line":8,"column":15},"end":{"line":8,"column":57}},"3":{"start":{"line":10,"column":23},"end":{"line":10,"column":67}},"4":{"start":{"line":12,"column":13},"end":{"line":12,"column":46}},"5":{"start":{"line":14,"column":39},"end":{"line":14,"column":93}},"6":{"start":{"line":17,"column":15},"end":{"line":17,"column":40}},"7":{"start":{"line":19,"column":0},"end":{"line":19,"column":61}},"8":{"start":{"line":20,"column":0},"end":{"line":20,"column":64}},"9":{"start":{"line":21,"column":0},"end":{"line":21,"column":68}},"10":{"start":{"line":22,"column":0},"end":{"line":22,"column":63}},"11":{"start":{"line":23,"column":0},"end":{"line":23,"column":71}},"12":{"start":{"line":24,"column":0},"end":{"line":24,"column":66}},"13":{"start":{"line":25,"column":15},"end":{"line":25,"column":21}},"14":{"start":{"line":26,"column":0},"end":{"line":26,"column":27}}},"fnMap":{"0":{"name":"_interopRequireDefault","decl":{"start":{"line":14,"column":9},"end":{"line":14,"column":31}},"loc":{"start":{"line":14,"column":37},"end":{"line":14,"column":95}},"line":14}},"branchMap":{"0":{"loc":{"start":{"line":14,"column":46},"end":{"line":14,"column":92}},"type":"cond-expr","locations":[{"start":{"line":14,"column":70},"end":{"line":14,"column":73}},{"start":{"line":14,"column":76},"end":{"line":14,"column":92}}],"line":14},"1":{"loc":{"start":{"line":14,"column":46},"end":{"line":14,"column":67}},"type":"binary-expr","locations":[{"start":{"line":14,"column":46},"end":{"line":14,"column":49}},{"start":{"line":14,"column":53},"end":{"line":14,"column":67}}],"line":14}},"s":{"0":1,"1":1,"2":1,"3":1,"4":1,"5":1,"6":1,"7":1,"8":1,"9":1,"10":1,"11":1,"12":1,"13":1,"14":1},"f":{"0":1},"b":{"0":[0,1],"1":[1,1]},"inputSourceMap":{"version":3,"names":["router","express","Router","get","checkAdmin","findAll","findOne","put","updateRoute","post","addRoute","delete","removeRoute","deleteAll"],"sourceRoot":"/home/arthur/Desktop/Phantom App/Back-end/phantom-be-dream-team/src/routes/api/","sources":["routesRoute.js"],"sourcesContent":["import express from 'express';\nimport {\n  addRoute,\n  findAll,\n  findOne,\n  updateRoute,\n  removeRoute,\n  deleteAll,\n} from '../../controllers/routeController';\nimport {checkAdmin} from '../../middleware/check';\n\n// eslint-disable-next-line new-cap\nconst router = express.Router();\n\nrouter.get('/', checkAdmin, findAll);\nrouter.get('/:id', checkAdmin, findOne);\nrouter.put('/:id', checkAdmin, updateRoute);\nrouter.post('/', checkAdmin, addRoute);\nrouter.delete('/:id', checkAdmin, removeRoute);\nrouter.delete('/', checkAdmin, deleteAll);\n\nexport default router;\n"],"mappings":";;;;;;;AAAA;;AACA;;AAQA;;;;AAEA;AACA,MAAMA,MAAM,GAAGC,gBAAA,CAAQC,MAAR,EAAf;;AAEAF,MAAM,CAACG,GAAP,CAAW,GAAX,EAAgBC,iBAAhB,EAA4BC,wBAA5B;AACAL,MAAM,CAACG,GAAP,CAAW,MAAX,EAAmBC,iBAAnB,EAA+BE,wBAA/B;AACAN,MAAM,CAACO,GAAP,CAAW,MAAX,EAAmBH,iBAAnB,EAA+BI,4BAA/B;AACAR,MAAM,CAACS,IAAP,CAAY,GAAZ,EAAiBL,iBAAjB,EAA6BM,yBAA7B;AACAV,MAAM,CAACW,MAAP,CAAc,MAAd,EAAsBP,iBAAtB,EAAkCQ,4BAAlC;AACAZ,MAAM,CAACW,MAAP,CAAc,GAAd,EAAmBP,iBAAnB,EAA+BS,0BAA/B;eAEeb,M"},"_coverageSchema":"1a1c01bbd47fc00a2c39e90264f33305004495a9","hash":"7d12016b96b1ca78c168d192d2b5a0600aecf5f1","contentHash":"25b9b8dc76817ed01e7ba0ab82c70d72cd6886d2044b0a5675444cfee8c7c753"},"/home/arthur/Desktop/Phantom App/Back-end/phantom-be-dream-team/src/controllers/routeController.js":{"path":"/home/arthur/Desktop/Phantom App/Back-end/phantom-be-dream-team/src/controllers/routeController.js","statementMap":{"0":{"start":{"line":3,"column":0},"end":{"line":5,"column":3}},"1":{"start":{"line":6,"column":0},"end":{"line":6,"column":126}},"2":{"start":{"line":8,"column":23},"end":{"line":8,"column":84}},"3":{"start":{"line":10,"column":14},"end":{"line":10,"column":58}},"4":{"start":{"line":12,"column":25},"end":{"line":12,"column":64}},"5":{"start":{"line":14,"column":23},"end":{"line":14,"column":60}},"6":{"start":{"line":16,"column":39},"end":{"line":16,"column":93}},"7":{"start":{"line":18,"column":18},"end":{"line":18,"column":40}},"8":{"start":{"line":20,"column":17},"end":{"line":42,"column":1}},"9":{"start":{"line":22,"column":2},"end":{"line":24,"column":3}},"10":{"start":{"line":23,"column":4},"end":{"line":23,"column":76}},"11":{"start":{"line":27,"column":16},"end":{"line":27,"column":81}},"12":{"start":{"line":28,"column":2},"end":{"line":41,"column":5}},"13":{"start":{"line":40,"column":4},"end":{"line":40,"column":144}},"14":{"start":{"line":44,"column":0},"end":{"line":44,"column":28}},"15":{"start":{"line":46,"column":16},"end":{"line":62,"column":1}},"16":{"start":{"line":50,"column":6},"end":{"line":50,"column":15}},"17":{"start":{"line":54,"column":6},"end":{"line":54,"column":55}},"18":{"start":{"line":55,"column":2},"end":{"line":61,"column":5}},"19":{"start":{"line":59,"column":21},"end":{"line":59,"column":77}},"20":{"start":{"line":60,"column":4},"end":{"line":60,"column":23}},"21":{"start":{"line":64,"column":0},"end":{"line":64,"column":26}},"22":{"start":{"line":66,"column":17},"end":{"line":76,"column":1}},"23":{"start":{"line":67,"column":13},"end":{"line":67,"column":26}},"24":{"start":{"line":68,"column":2},"end":{"line":75,"column":5}},"25":{"start":{"line":74,"column":4},"end":{"line":74,"column":96}},"26":{"start":{"line":78,"column":0},"end":{"line":78,"column":27}},"27":{"start":{"line":80,"column":20},"end":{"line":110,"column":1}},"28":{"start":{"line":81,"column":13},"end":{"line":81,"column":26}},"29":{"start":{"line":82,"column":17},"end":{"line":82,"column":34}},"30":{"start":{"line":83,"column":18},"end":{"line":83,"column":36}},"31":{"start":{"line":84,"column":2},"end":{"line":97,"column":5}},"32":{"start":{"line":89,"column":4},"end":{"line":96,"column":5}},"33":{"start":{"line":91,"column":6},"end":{"line":91,"column":90}},"34":{"start":{"line":93,"column":6},"end":{"line":93,"column":93}},"35":{"start":{"line":95,"column":6},"end":{"line":95,"column":76}},"36":{"start":{"line":99,"column":18},"end":{"line":101,"column":14}},"37":{"start":{"line":99,"column":24},"end":{"line":101,"column":14}},"38":{"start":{"line":103,"column":2},"end":{"line":109,"column":5}},"39":{"start":{"line":108,"column":4},"end":{"line":108,"column":86}},"40":{"start":{"line":112,"column":0},"end":{"line":112,"column":34}},"41":{"start":{"line":114,"column":20},"end":{"line":124,"column":1}},"42":{"start":{"line":115,"column":13},"end":{"line":115,"column":26}},"43":{"start":{"line":116,"column":2},"end":{"line":123,"column":5}},"44":{"start":{"line":122,"column":4},"end":{"line":122,"column":147}},"45":{"start":{"line":126,"column":0},"end":{"line":126,"column":34}},"46":{"start":{"line":128,"column":18},"end":{"line":135,"column":1}},"47":{"start":{"line":129,"column":2},"end":{"line":134,"column":5}},"48":{"start":{"line":133,"column":4},"end":{"line":133,"column":67}},"49":{"start":{"line":138,"column":0},"end":{"line":138,"column":30}}},"fnMap":{"0":{"name":"_interopRequireDefault","decl":{"start":{"line":16,"column":9},"end":{"line":16,"column":31}},"loc":{"start":{"line":16,"column":37},"end":{"line":16,"column":95}},"line":16},"1":{"name":"(anonymous_1)","decl":{"start":{"line":20,"column":17},"end":{"line":20,"column":18}},"loc":{"start":{"line":20,"column":37},"end":{"line":42,"column":1}},"line":20},"2":{"name":"(anonymous_2)","decl":{"start":{"line":38,"column":10},"end":{"line":38,"column":11}},"loc":{"start":{"line":38,"column":21},"end":{"line":41,"column":3}},"line":38},"3":{"name":"(anonymous_3)","decl":{"start":{"line":46,"column":16},"end":{"line":46,"column":17}},"loc":{"start":{"line":46,"column":36},"end":{"line":62,"column":1}},"line":46},"4":{"name":"(anonymous_4)","decl":{"start":{"line":58,"column":10},"end":{"line":58,"column":11}},"loc":{"start":{"line":58,"column":18},"end":{"line":61,"column":3}},"line":58},"5":{"name":"(anonymous_5)","decl":{"start":{"line":66,"column":17},"end":{"line":66,"column":18}},"loc":{"start":{"line":66,"column":37},"end":{"line":76,"column":1}},"line":66},"6":{"name":"(anonymous_6)","decl":{"start":{"line":72,"column":10},"end":{"line":72,"column":11}},"loc":{"start":{"line":72,"column":18},"end":{"line":75,"column":3}},"line":72},"7":{"name":"(anonymous_7)","decl":{"start":{"line":80,"column":20},"end":{"line":80,"column":21}},"loc":{"start":{"line":80,"column":40},"end":{"line":110,"column":1}},"line":80},"8":{"name":"(anonymous_8)","decl":{"start":{"line":88,"column":10},"end":{"line":88,"column":11}},"loc":{"start":{"line":88,"column":18},"end":{"line":97,"column":3}},"line":88},"9":{"name":"(anonymous_9)","decl":{"start":{"line":99,"column":18},"end":{"line":99,"column":19}},"loc":{"start":{"line":99,"column":24},"end":{"line":101,"column":14}},"line":99},"10":{"name":"(anonymous_10)","decl":{"start":{"line":107,"column":10},"end":{"line":107,"column":11}},"loc":{"start":{"line":107,"column":17},"end":{"line":109,"column":3}},"line":107},"11":{"name":"(anonymous_11)","decl":{"start":{"line":114,"column":20},"end":{"line":114,"column":21}},"loc":{"start":{"line":114,"column":40},"end":{"line":124,"column":1}},"line":114},"12":{"name":"(anonymous_12)","decl":{"start":{"line":120,"column":10},"end":{"line":120,"column":11}},"loc":{"start":{"line":120,"column":17},"end":{"line":123,"column":3}},"line":120},"13":{"name":"(anonymous_13)","decl":{"start":{"line":128,"column":18},"end":{"line":128,"column":19}},"loc":{"start":{"line":128,"column":38},"end":{"line":135,"column":1}},"line":128},"14":{"name":"(anonymous_14)","decl":{"start":{"line":132,"column":10},"end":{"line":132,"column":11}},"loc":{"start":{"line":132,"column":18},"end":{"line":134,"column":3}},"line":132}},"branchMap":{"0":{"loc":{"start":{"line":16,"column":46},"end":{"line":16,"column":92}},"type":"cond-expr","locations":[{"start":{"line":16,"column":70},"end":{"line":16,"column":73}},{"start":{"line":16,"column":76},"end":{"line":16,"column":92}}],"line":16},"1":{"loc":{"start":{"line":16,"column":46},"end":{"line":16,"column":67}},"type":"binary-expr","locations":[{"start":{"line":16,"column":46},"end":{"line":16,"column":49}},{"start":{"line":16,"column":53},"end":{"line":16,"column":67}}],"line":16},"2":{"loc":{"start":{"line":22,"column":2},"end":{"line":24,"column":3}},"type":"if","locations":[{"start":{"line":22,"column":2},"end":{"line":24,"column":3}},{"start":{"line":22,"column":2},"end":{"line":24,"column":3}}],"line":22},"3":{"loc":{"start":{"line":22,"column":8},"end":{"line":22,"column":128}},"type":"binary-expr","locations":[{"start":{"line":22,"column":8},"end":{"line":22,"column":23}},{"start":{"line":22,"column":27},"end":{"line":22,"column":47}},{"start":{"line":22,"column":51},"end":{"line":22,"column":68}},{"start":{"line":22,"column":72},"end":{"line":22,"column":85}},{"start":{"line":22,"column":89},"end":{"line":22,"column":106}},{"start":{"line":22,"column":110},"end":{"line":22,"column":128}}],"line":22},"4":{"loc":{"start":{"line":40,"column":4},"end":{"line":40,"column":143}},"type":"cond-expr","locations":[{"start":{"line":40,"column":17},"end":{"line":40,"column":77}},{"start":{"line":40,"column":80},"end":{"line":40,"column":143}}],"line":40},"5":{"loc":{"start":{"line":74,"column":4},"end":{"line":74,"column":95}},"type":"cond-expr","locations":[{"start":{"line":74,"column":19},"end":{"line":74,"column":33}},{"start":{"line":74,"column":36},"end":{"line":74,"column":95}}],"line":74},"6":{"loc":{"start":{"line":89,"column":4},"end":{"line":96,"column":5}},"type":"if","locations":[{"start":{"line":89,"column":4},"end":{"line":96,"column":5}},{"start":{"line":89,"column":4},"end":{"line":96,"column":5}}],"line":89},"7":{"loc":{"start":{"line":91,"column":6},"end":{"line":91,"column":89}},"type":"cond-expr","locations":[{"start":{"line":91,"column":39},"end":{"line":91,"column":69}},{"start":{"line":91,"column":72},"end":{"line":91,"column":89}}],"line":91},"8":{"loc":{"start":{"line":93,"column":6},"end":{"line":93,"column":92}},"type":"cond-expr","locations":[{"start":{"line":93,"column":40},"end":{"line":93,"column":71}},{"start":{"line":93,"column":74},"end":{"line":93,"column":92}}],"line":93},"9":{"loc":{"start":{"line":99,"column":24},"end":{"line":101,"column":14}},"type":"cond-expr","locations":[{"start":{"line":99,"column":66},"end":{"line":101,"column":3}},{"start":{"line":101,"column":6},"end":{"line":101,"column":14}}],"line":99},"10":{"loc":{"start":{"line":99,"column":24},"end":{"line":99,"column":63}},"type":"binary-expr","locations":[{"start":{"line":99,"column":24},"end":{"line":99,"column":41}},{"start":{"line":99,"column":45},"end":{"line":99,"column":63}}],"line":99},"11":{"loc":{"start":{"line":108,"column":4},"end":{"line":108,"column":85}},"type":"binary-expr","locations":[{"start":{"line":108,"column":4},"end":{"line":108,"column":21}},{"start":{"line":108,"column":25},"end":{"line":108,"column":85}}],"line":108},"12":{"loc":{"start":{"line":122,"column":4},"end":{"line":122,"column":146}},"type":"cond-expr","locations":[{"start":{"line":122,"column":15},"end":{"line":122,"column":75}},{"start":{"line":122,"column":78},"end":{"line":122,"column":146}}],"line":122}},"s":{"0":1,"1":1,"2":1,"3":1,"4":1,"5":1,"6":2,"7":1,"8":1,"9":2,"10":1,"11":1,"12":1,"13":1,"14":1,"15":1,"16":1,"17":1,"18":1,"19":1,"20":1,"21":1,"22":1,"23":1,"24":1,"25":1,"26":1,"27":1,"28":2,"29":2,"30":2,"31":2,"32":1,"33":1,"34":1,"35":0,"36":1,"37":1,"38":1,"39":1,"40":1,"41":1,"42":0,"43":0,"44":0,"45":1,"46":1,"47":0,"48":0,"49":1},"f":{"0":2,"1":2,"2":1,"3":1,"4":1,"5":1,"6":1,"7":2,"8":1,"9":1,"10":1,"11":0,"12":0,"13":0,"14":0},"b":{"0":[2,0],"1":[2,2],"2":[1,1],"3":[2,2,2,1,1,1],"4":[1,0],"5":[1,0],"6":[1,0],"7":[1,0],"8":[1,0],"9":[0,1],"10":[1,1],"11":[1,1],"12":[0,0]},"inputSourceMap":{"version":3,"names":["busRoutes","model","routes","addRoute","req","res","body","origin","destination","distance","code","latitude","l
[...]
{\n                // eslint-disable-next-line max-len\n                req.body.latitude == undefined ? (latitude = data.coordinates[0]) : (req.body.latitude);\n                // eslint-disable-next-line max-len\n                req.body.longitude == undefined ? (longitude = data.coordinates[1]) : (req.body.longitude);\n        } else {\n          responseHandler(res, 400, req.t('updated_invalid_req'));\n        }\n      });\n  // eslint-disable-next-line max-len\n  const passMap = () => req.body.latitude || req.body.longitude ? {coordinates: draw(latitude, longitude)} : req.body;\n\n  await busRoutes.update(passMap(), {\n    where: {\n      routeId: id,\n    },\n  }).then((num) => {\n    num[1].length > 0 && responseHandler(res, 200, req.t('updated_ok'));\n  });\n};\n\nconst removeRoute = async (req, res) => {\n  const id = req.params.id;\n\n  await busRoutes.destroy({\n    where: {routeId: id},\n  }).then((num) => {\n        // eslint-disable-next-line max-len\n        1 == num ? responseHandler(res, 200, req.t('deleted_ok')) : responseHandler(res, 400, req.t('delete_invalid_req'));\n  });\n};\n\nconst deleteAll = async (req, res) => {\n  await busRoutes.destroy({\n    where: {},\n    truncate: false,\n  }).then((nums) => {\n    responseHandler(res, 200, req.t('many_deleted'));\n  });\n};\n\n// eslint-disable-next-line max-len\nexport {addRoute, findAll, fetchOne as findOne, updateRoute, removeRoute, deleteAll};\n"],"mappings":";;;;;;;AAAA;;AACA;;AACA;;AACA;;;;AACA,MAAMA,SAAS,GAAGC,eAAA,CAAMC,MAAxB;;AAEA,MAAMC,QAAQ,GAAG,OAAOC,GAAP,EAAYC,GAAZ,KAAoB;EACnC;EACA,IAAI,EAAED,GAAG,CAACE,IAAJ,CAASC,MAAT,IAAmBH,GAAG,CAACE,IAAJ,CAASE,WAA5B,IAA2CJ,GAAG,CAACE,IAAJ,CAASG,QAApD,IAAgEL,GAAG,CAACE,IAAJ,CAASI,IAAzE,IAAiFN,GAAG,CAACE,IAAJ,CAASK,QAA1F,IAAsGP,GAAG,CAACE,IAAJ,CAASM,SAAjH,CAAJ,EAAiI;IAC/H,OAAO,IAAAC,wBAAA,EAAgBR,GAAhB,EAAqB,GAArB,EAA0BD,GAAG,CAACU,CAAJ,CAAM,gBAAN,CAA1B,CAAP;EACD;;EAAA;EAED,MAAMC,KAAK,GAAG,IAAAC,qBAAA,EAAKZ,GAAG,CAACE,IAAJ,CAASK,QAAd,EAAwBP,GAAG,CAACE,IAAJ,CAASM,SAAjC,CAAd;EAEA,MAAMZ,SAAS,CAACiB,YAAV,CAAuB;IAC3BC,KAAK,EAAE;MACLX,MAAM,EAAEH,GAAG,CAACE,IAAJ,CAASC,MADZ;MAELC,WAAW,EAAEJ,GAAG,CAACE,IAAJ,CAASE,WAFjB;MAGLE,IAAI,EAAEN,GAAG,CAACE,IAAJ,CAASI,IAHV;MAILD,QAAQ,EAAEL,GAAG,CAACE,IAAJ,CAASG;IAJd,CADoB;IAO3BU,QAAQ,EAAE;MAACC,WAAW,EAAEL;IAAd;EAPiB,CAAvB,EAQHM,IARG,CAQGC,OAAD,IAAa;IACf;IACAA,OAAO,CAAC,CAAD,CAAP,GAAa,IAAAT,wBAAA,EAAgBR,GAAhB,EAAqB,GAArB,EAA0BD,GAAG,CAACU,CAAJ,CAAM,YAAN,CAA1B,CAAb,GAA8D,IAAAD,wBAAA,EAAgBR,GAAhB,EAAqB,GAArB,EAA0BD,GAAG,CAACU,CAAJ,CAAM,eAAN,CAA1B,CAA9D;EACL,CAXK,CAAN;AAYD,CApBD;;;;AAsBA,MAAMS,OAAO,GAAG,OAAOnB,GAAP,EAAYC,GAAZ,KAAoB;EAClC,MAAM;IAACmB,IAAD;IAAOC;EAAP,IAAerB,GAAG,CAACsB,KAAzB;EACA,MAAM;IAACC,KAAD;IAAQC;EAAR,IAAkB,IAAAC,gCAAA,EAAcL,IAAd,EAAoBC,IAApB,CAAxB;EAEA,MAAMzB,SAAS,CAAC8B,eAAV,CAA0B;IAACH,KAAD;IAAQC;EAAR,CAA1B,EACDP,IADC,CACKU,IAAD,IAAU;IACd,MAAMC,QAAQ,GAAG,IAAAC,gCAAA,EAAcF,IAAd,EAAoBP,IAApB,EAA0BG,KAA1B,CAAjB;IACAtB,GAAG,CAAC6B,IAAJ,CAASF,QAAT;EACD,CAJC,CAAN;AAKD,CATD;;;;AAWA,MAAMG,QAAQ,GAAG,OAAO/B,GAAP,EAAYC,GAAZ,KAAoB;EACnC,MAAM+B,EAAE,GAAGhC,GAAG,CAACiC,MAAJ,CAAWD,EAAtB;EAEA,MAAMpC,SAAS,CAACsC,OAAV,CAAkB;IACtBpB,KAAK,EAAE;MACLqB,OAAO,EAAEH;IADJ;EADe,CAAlB,EAIHf,IAJG,CAIGU,IAAD,IAAU;IACZ;IACA,QAAQA,IAAR,GAAe1B,GAAG,CAAC6B,IAAJ,CAASH,IAAT,CAAf,GAAgC,IAAAlB,wBAAA,EAAgBR,GAAhB,EAAqB,GAArB,EAA0BD,GAAG,CAACU,CAAJ,CAAM,WAAN,CAA1B,CAAhC;EACL,CAPK,CAAN;AAQD,CAXD;;;;AAaA,MAAM0B,WAAW,GAAG,OAAOpC,GAAP,EAAYC,GAAZ,KAAoB;EACtC,MAAM+B,EAAE,GAAGhC,GAAG,CAACiC,MAAJ,CAAWD,EAAtB;EACA,IAAIzB,QAAQ,GAAGP,GAAG,CAACE,IAAJ,CAASK,QAAxB;EACA,IAAIC,SAAS,GAAGR,GAAG,CAACE,IAAJ,CAASM,SAAzB;EACA,MAAMZ,SAAS,CAACsC,OAAV,CAAkB;IAACpB,KAAK,EAAE;MAACqB,OAAO,EAAEH;IAAV;EAAR,CAAlB,EACDf,IADC,CACKU,IAAD,IAAU;IACd,IAAIA,IAAI,IAAI,IAAZ,EAAkB;MACV;MACA3B,GAAG,CAACE,IAAJ,CAASK,QAAT,IAAqB8B,SAArB,GAAkC9B,QAAQ,GAAGoB,IAAI,CAACX,WAAL,CAAiB,CAAjB,CAA7C,GAAqEhB,GAAG,CAACE,IAAJ,CAASK,QAA9E,CAFU,CAGV;;MACAP,GAAG,CAACE,IAAJ,CAASM,SAAT,IAAsB6B,SAAtB,GAAmC7B,SAAS,GAAGmB,IAAI,CAACX,WAAL,CAAiB,CAAjB,CAA/C,GAAuEhB,GAAG,CAACE,IAAJ,CAASM,SAAhF;IACP,CALD,MAKO;MACL,IAAAC,wBAAA,EAAgBR,GAAhB,EAAqB,GAArB,EAA0BD,GAAG,CAACU,CAAJ,CAAM,qBAAN,CAA1B;IACD;EACF,CAVC,CAAN,CAJsC,CAetC;;EACA,MAAM4B,OAAO,GAAG,MAAMtC,GAAG,CAACE,IAAJ,CAASK,QAAT,IAAqBP,GAAG,CAACE,IAAJ,CAASM,SAA9B,GAA0C;IAACQ,WAAW,EAAE,IAAAJ,qBAAA,EAAKL,QAAL,EAAeC,SAAf;EAAd,CAA1C,GAAqFR,GAAG,CAACE,IAA/G;;EAEA,MAAMN,SAAS,CAAC2C,MAAV,CAAiBD,OAAO,EAAxB,EAA4B;IAChCxB,KAAK,EAAE;MACLqB,OAAO,EAAEH;IADJ;EADyB,CAA5B,EAIHf,IAJG,CAIGuB,GAAD,IAAS;IACfA,GAAG,CAAC,CAAD,CAAH,CAAOC,MAAP,GAAgB,CAAhB,IAAqB,IAAAhC,wBAAA,EAAgBR,GAAhB,EAAqB,GAArB,EAA0BD,GAAG,CAACU,CAAJ,CAAM,YAAN,CAA1B,CAArB;EACD,CANK,CAAN;AAOD,CAzBD;;;;AA2BA,MAAMgC,WAAW,GAAG,OAAO1C,GAAP,EAAYC,GAAZ,KAAoB;EACtC,MAAM+B,EAAE,GAAGhC,GAAG,CAACiC,MAAJ,CAAWD,EAAtB;EAEA,MAAMpC,SAAS,CAAC+C,OAAV,CAAkB;IACtB7B,KAAK,EAAE;MAACqB,OAAO,EAAEH;IAAV;EADe,CAAlB,EAEHf,IAFG,CAEGuB,GAAD,IAAS;IACX;IACA,KAAKA,GAAL,GAAW,IAAA/B,wBAAA,EAAgBR,GAAhB,EAAqB,GAArB,EAA0BD,GAAG,CAACU,CAAJ,CAAM,YAAN,CAA1B,CAAX,GAA4D,IAAAD,wBAAA,EAAgBR,GAAhB,EAAqB,GAArB,EAA0BD,GAAG,CAACU,CAAJ,CAAM,oBAAN,CAA1B,CAA5D;EACL,CALK,CAAN;AAMD,CATD;;;;AAWA,MAAMkC,SAAS,GAAG,OAAO5C,GAAP,EAAYC,GAAZ,KAAoB;EACpC,MAAML,SAAS,CAAC+C,OAAV,CAAkB;IACtB7B,KAAK,EAAE,EADe;IAEtB+B,QAAQ,EAAE;EAFY,CAAlB,EAGH5B,IAHG,CAGG6B,IAAD,IAAU;IAChB,IAAArC,wBAAA,EAAgBR,GAAhB,EAAqB,GAArB,EAA0BD,GAAG,CAACU,CAAJ,CAAM,cAAN,CAA1B;EACD,CALK,CAAN;AAMD,CAPD,C,CASA"},"_coverageSchema":"1a1c01bbd47fc00a2c39e90264f33305004495a9","hash":"8e0a332de2b49c111845c9a3139a7b758c5ae75f","contentHash":"23b76a0053692b9ec440de855784869156be325dd780c25f3d95f79cea55b1e1"},"/home/arthur/Desktop/Phantom App/Back-end/phantom-be-dream-team/src/helpers/responseHandler.js":{"path":"/home/arthur/Desktop/Phantom App/Back-end/phantom-be-dream-team/src/helpers/responseHandler.js","statementMap":{"0":{"start":{"line":3,"column":0},"end":{"line":5,"column":3}},"1":{"start":{"line":6,"column":0},"end":{"line":6,"column":25}},"2":{"start":{"line":8,"column":24},"end":{"line":15,"column":1}},"3":{"start":{"line":9,"column":14},"end":{"line":9,"column":45}},"4":{"start":{"line":10,"column":2},"end":{"line":14,"column":5}},"5":{"start":{"line":17,"column":15},"end":{"line":17,"column":30}},"6":{"start":{"line":18,"column":0},"end":{"line":18,"column":27}}},"fnMap":{"0":{"name":"(anonymous_0)","decl":{"start":{"line":8,"column":24},"end":{"line":8,"column":25}},"loc":{"start":{"line":8,"column":52},"end":{"line":15,"column":1}},"line":8}},"branchMap":{"0":{"loc":{"start":{"line":9,"column":14},"end":{"line":9,"column":45}},"type":"cond-expr","locations":[{"start":{"line":9,"column":27},"end":{"line":9,"column":36}},{"start":{"line":9,"column":39},"end":{"line":9,"column":45}}],"line":9}},"s":{"0":1,"1":1,"2":1,"3":3,"4":3,"5":1,"6":1},"f":{"0":3},"b":{"0":[2,1]},"inputSourceMap":{"version":3,"names":["responseHandler","res","code","record","req","msg","status","json","Message"],"sourceRoot":"/home/arthur/Desktop/Phantom App/Back-end/phantom-be-dream-team/src/helpers/","sources":["responseHandler.js"],"sourcesContent":["const responseHandler = (res, code, record, req) => {\n  const msg = code < 400 ? 'success' : 'fail';\n  return res.status(code).json({Message: msg, code, record});\n};\n\nexport default responseHandler;\n"],"mappings":";;;;;;;AAAA,MAAMA,eAAe,GAAG,CAACC,GAAD,EAAMC,IAAN,EAAYC,MAAZ,EAAoBC,GAApB,KAA4B;EAClD,MAAMC,GAAG,GAAGH,IAAI,GAAG,GAAP,GAAa,SAAb,GAAyB,MAArC;EACA,OAAOD,GAAG,CAACK,MAAJ,CAAWJ,IAAX,EAAiBK,IAAjB,CAAsB;IAACC,OAAO,EAAEH,GAAV;IAAeH,IAAf;IAAqBC;EAArB,CAAtB,CAAP;AACD,CAHD;;eAKeH,e"},"_coverageSchema":"1a1c01bbd47fc00a2c39e90264f33305004495a9","hash":"5578b7d29855ecfa33fa08cd228e2df516bd02e8","contentHash":"bd2c62cae0a0974159ab0bad9cd009edc7c02b9ca94a2f40fab1b44a19095fdf"},"/home/arthur/Desktop/Phantom App/Back-end/phantom-be-dream-team/src/helpers/paginationHandler.js":{"path":"/home/arthur/Desktop/Phantom App/Back-end/phantom-be-dream-team/src/helpers/paginationHandler.js","statementMap":{"0":{"start":{"line":3,"column":0},"end":{"line":5,"column":3}},"1":{"start":{"line":6,"column":0},"end":{"line":6,"column":55}},"2":{"start":{"line":8,"column":22},"end":{"line":15,"column":1}},"3":{"start":{"line":9,"column":16},"end":{"line":9,"column":32}},"4":{"start":{"line":10,"column":17},"end":{"line":10,"column":40}},"5":{"start":{"line":11,"column":2},"end":{"line":14,"column":4}},"6":{"start":{"line":17,"column":0},"end":{"line":17,"column":38}},"7":{"start":{"line":19,"column":22},"end":{"line":32,"column":1}},"8":{"start":{"line":23,"column":6},"end":{"line":23,"column":10}},"9":{"start":{"line":24,"column":22},"end":{"line":24,"column":38}},"10":{"start":{"line":25,"column":21},"end":{"line":25,"column":50}},"11":{"start":{"line":26,"column":2},"end":{"line":31,"column":4}},"12":{"start":{"line":34,"column":0},"end":{"line":34,"column":38}}},"fnMap":{"0":{"name":"(anonymous_0)","decl":{"start":{"line":8,"column":22},"end":{"line":8,"column":23}},"loc":{"start":{"line":8,"column":38},"end":{"line":15,"column":1}},"line":8},"1":{"name":"(anonymous_1)","decl":{"start":{"line":19,"column":22},"end":{"line":19,"column":23}},"loc":{"start":{"line":19,"column":45},"end":{"line":32,"column":1}},"line":19}},"branchMap":{"0":{"loc":{"start":{"line":9,"column":16},"end":{"line":9,"column":32}},"type":"cond-expr","locations":[{"start":{"line":9,"column":23},"end":{"line":9,"column":28}},{"start":{"line":9,"column":31},"end":{"line":9,"column":32}}],"line":9},"1":{"loc":{"start":{"line":10,"column":17},"end":{"line":10,"column":40}},"type":"cond-expr","locations":[{"start":{"line":10,"column":24},"end":{"line":10,"column":36}},{"start":{"line":10,"column":39},"end":{"line":10,"column":40}}],"line":10},"2":{"loc":{"start":{"line":24,"column":22},"end":{"line":24,"column":38}},"type":"cond-expr","locations":[{"start":{"line":24,"column":29},"end":{"line":24,"column":34}},{"start":{"line":24,"column":37},"end":{"line":24,"column":38}}],"line":24}},"s":{"0":1,"1":1,"2":1,"3":1,"4":1,"5":1,"6":1,"7":1,"8":1,"9":1,"10":1,"11":1,"12":1},"f":{"0":1,"1":1},"b":{"0":[0,1],"1":[0,1],"2":[0,1]},"inputSourceMap":{"version":3,"names":["getPagination","page","size","limit","offset","getPagingData","data","count","totalItems","rows","result","currentPage","totalPages","Math","ceil"],"sourceRoot":"/home/arthur/Desktop/Phantom App/Back-end/phantom-be-dream-team/src/helpers/","sources":["paginationHandler.js"],"sourcesContent":["const getPagination = (page, size) => {\n  const limit = size ? + size : 3;\n  const offset = page ? page * limit : 0;\n  return {limit, offset};\n};\n\n\nconst getPagingData = (data, page, limit) => {\n  const {count: totalItems, rows: result} = data;\n  const currentPage = page ? + page : 0;\n  const totalPages = Math.ceil(totalItems / limit);\n  return {totalItems, result, totalPages, currentPage};\n};\n\nexport {getPagingData, getPagination};\n"],"mappings":";;;;;;;AAAA,MAAMA,aAAa,GAAG,CAACC,IAAD,EAAOC,IAAP,KAAgB;EACpC,MAAMC,KAAK,GAAGD,IAAI,GAAG,CAAEA,IAAL,GAAY,CAA9B;EACA,MAAME,MAAM,GAAGH,IAAI,GAAGA,IAAI,GAAGE,KAAV,GAAkB,CAArC;EACA,OAAO;IAACA,KAAD;IAAQC;EAAR,CAAP;AACD,CAJD;;;;AAOA,MAAMC,aAAa,GAAG,CAACC,IAAD,EAAOL,IAAP,EAAaE,KAAb,KAAuB;EAC3C,MAAM;IAACI,KAAK,EAAEC,UAAR;IAAoBC,IAAI,EAAEC;EAA1B,IAAoCJ,IAA1C;EACA,MAAMK,WAAW,GAAGV,IAAI,GAAG,CAAEA,IAAL,GAAY,CAApC;EACA,MAAMW,UAAU,GAAGC,IAAI,CAACC,IAAL,CAAUN,UAAU,GAAGL,KAAvB,CAAnB;EACA,OAAO;IAACK,UAAD;IAAaE,MAAb;IAAqBE,UAArB;IAAiCD;EAAjC,CAAP;AACD,CALD"},"_coverageSchema":"1a1c01bbd47fc00a2c39e90264f33305004495a9","hash":"6b4869aa56abbfb4fea1b06c553cb3b186a41077","contentHash":"76c9e93d2b77321268b91997ffc0a5e596f84a0ff12e02d611130ecf9234b025"},"/home/arthur/Desktop/Phantom App/Back-end/phantom-be-dream-team/src/helpers/drawCoordinates.js":{"path":"/home/arthur/Desktop/Phantom App/Back-end/phantom-be-dream-team/src/helpers/drawCoordinates.js","statementMap":{"0":{"start":{"line":3,"column":0},"end":{"line":5,"column":3}},"1":{"start":{"line":6,"column":0},"end":{"line":6,"column":22}},"2":{"start":{"line":8,"column":13},"end":{"line":13,"column":1}},"3":{"start":{"line":9,"column":16},"end":{"line":11,"column":3}},"4":{"start":{"line":12,"column":2},"end":{"line":12,"column":27}},"5":{"start":{"line":15,"column":0},"end":{"line":15,"column":20}}},"fnMap":{"0":{"name":"(anonymous_0)","decl":{"start":{"line":8,"column":13},"end":{"line":8,"column":14}},"loc":{"start":{"line":8,"column":38},"end":{"line":13,"column":1}},"line":8}},"branchMap":{},"s":{"0":1,"1":1,"2":1,"3":1,"4":1,"5":1},"f":{"0":1},"b":{},"inputSourceMap":{"version":3,"names":["draw","latitude","longitude","point","coordinates"],"sourceRoot":"/home/arthur/Desktop/Phantom App/Back-end/phantom-be-dream-team/src/helpers/","sources":["drawCoordinates.js"],"sourcesContent":["export const draw = (latitude, longitude) => {\n  const point = {coordinates: [latitude, longitude]};\n  return point.coordinates;\n};\n"],"mappings":";;;;;;;AAAO,MAAMA,IAAI,GAAG,CAACC,QAAD,EAAWC,SAAX,KAAyB;EAC3C,MAAMC,KAAK,GAAG;IAACC,WAAW,EAAE,CAACH,QAAD,EAAWC,SAAX;EAAd,CAAd;EACA,OAAOC,KAAK,CAACC,WAAb;AACD,CAHM"},"_coverageSchema":"1a1c01bbd47fc00a2c39e90264f33305004495a9","hash":"9c094c7e7e6c2d0774e998fb0b6f32e9b124fb34","contentHash":"77e1d47fed4698002cf15b2a776e5238181e3bb9d261805697d18acbd10c7dca"},"/home/arthur/Desktop/Phantom App/Back-end/phantom-be-dream-team/src/middleware/check.js":{"path":"/home/arthur/Desktop/Phantom App/Back-end/phantom-be-dream-team/src/middleware/check.js","statementMap":{"0":{"start":{"line":3,"column":0},"end":{"line":5,"column":3}},"1":{"start":{"line":6,"column":0},"end":{"line":6,"column":28}},"2":{"start":{"line":8,"column":11},"end":{"line":8,"column":27}},"3":{"start":{"line":10,"column":19},"end":{"line":28,"column":1}},"4":{"start":{"line":11,"column":22},"end":{"line":11,"column":47}},"5":{"start":{"line":13,"column":2},"end":{"line":22,"column":3}},"6":{"start":{"line":14,"column":18},"end":{"line":14,"column":43}},"7":{"start":{"line":15,"column":20},"end":{"line":15,"column":48}},"8":{"start":{"line":16,"column":4},"end":{"line":16,"column":31}},"9":{"start":{"line":16,"column":17},"end":{"line":16,"column":31}},"10":{"start":{"line":18,"column":4},"end":{"line":21,"column":7}},"11":{"start":{"line":24,"column":2},"end":{"line":27,"column":5}},"12":{"start":{"line":30,"column":0},"end":{"line":30,"column":32}}},"fnMap":{"0":{"name":"(anonymous_0)","decl":{"start":{"line":10,"column":19},"end":{"line":10,"column":20}},"loc":{"start":{"line":10,"column":39},"end":{"line":28,"column":1}},"line":10}},"branchMap":{"0":{"loc":{"start":{"line":13,"column":2},"end":{"line":22,"column":3}},"type":"if","locations":[{"start":{"line":13,"column":2},"end":{"line":22,"column":3}},{"start":{"line":13,"column":2},"end":{"line":22,"column":3}}],"line":13},"1":{"loc":{"start":{"line":16,"column":4},"end":{"line":16,"column":31}},"type":"if","locations":[{"start":{"line":16,"column":4},"end":{"line":16,"column":31}},{"start":{"line":16,"column":4},"end":{"line":16,"column":31}}],"line":16}},"s":{"0":1,"1":1,"2":1,"3":1,"4":6,"5":6,"6":6,"7":6,"8":6,"9":6,"10":0,"11":0,"12":1},"f":{"0":6},"b":{"0":[6,0],"1":[6,0]},"inputSourceMap":{"version":3,"names":["checkAdmin","req","res","next","bearerToken","headers","authorization","token","split","payload","decodeToken","status","json","message"],"sourceRoot":"/home/arthur/Desktop/Phantom App/Back-end/phantom-be-dream-team/src/middleware/","sources":["check.js"],"sourcesContent":["import {decodeToken} from './jwt';\n\nexport const checkAdmin = (req, res, next) => {\n  const bearerToken = req.headers.authorization;\n  if (bearerToken) {\n    const token = bearerToken.split(' ')[1];\n    const payload = decodeToken(token);\n    if (payload) return next();\n    // eslint-disable-next-line max-len\n    return res.status(401).json({status: 'fail', message: 'you are not allowed to access this service'});\n  }\n  return res\n      .status(401)\n      .json({status: 'fail', message: 'Not Authorized , please login'});\n};\n"],"mappings":";;;;;;;AAAA;;AAEO,MAAMA,UAAU,GAAG,CAACC,GAAD,EAAMC,GAAN,EAAWC,IAAX,KAAoB;EAC5C,MAAMC,WAAW,GAAGH,GAAG,CAACI,OAAJ,CAAYC,aAAhC;;EACA,IAAIF,WAAJ,EAAiB;IACf,MAAMG,KAAK,GAAGH,WAAW,CAACI,KAAZ,CAAkB,GAAlB,EAAuB,CAAvB,CAAd;IACA,MAAMC,OAAO,GAAG,IAAAC,gBAAA,EAAYH,KAAZ,CAAhB;IACA,IAAIE,OAAJ,EAAa,OAAON,IAAI,EAAX,CAHE,CAIf;;IACA,OAAOD,GAAG,CAACS,MAAJ,CAAW,GAAX,EAAgBC,IAAhB,CAAqB;MAACD,MAAM,EAAE,MAAT;MAAiBE,OAAO,EAAE;IAA1B,CAArB,CAAP;EACD;;EACD,OAAOX,GAAG,CACLS,MADE,CACK,GADL,EAEFC,IAFE,CAEG;IAACD,MAAM,EAAE,MAAT;IAAiBE,OAAO,EAAE;EAA1B,CAFH,CAAP;AAGD,CAZM"},"_coverageSchema":"1a1c01bbd47fc00a2c39e90264f33305004495a9","hash":"3f4c7453deea5ba7124086c2200e1cee8e9766a1","contentHash":"1e5e46a001b738291713ad210919072bafab1dc89ae4bed0251f000ffa21d2cf"},"/home/arthur/Desktop/Phantom App/Back-end/phantom-be-dream-team/src/middleware/jwt.js":{"path":"/home/arthur/Desktop/Phantom App/Back-end/phantom-be-dream-team/src/middleware/jwt.js","statementMap":{"0":{"start":{"line":3,"column":0},"end":{"line":5,"column":3}},"1":{"start":{"line":6,"column":0},"end":{"line":6,"column":49}},"2":{"start":{"line":8,"column":0},"end":{"line":8,"column":25}},"3":{"start":{"line":10,"column":20},"end":{"line":10,"column":67}},"4":{"start":{"line":12,"column":39},"end":{"line":12,"column":93}},"5":{"start":{"line":15,"column":20},"end":{"line":15,"column":42}},"6":{"start":{"line":17,"column":18},"end":{"line":19,"column":1}},"7":{"start":{"line":18,"column":2},"end":{"line":18,"column":58}},"8":{"start":{"line":21,"column":0},"end":{"line":21,"column":30}},"9":{"start":{"line":23,"column":20},"end":{"line":25,"column":1}},"10":{"start":{"line":24,"column":2},"end":{"line":24,"column":58}},"11":{"start":{"line":27,"column":0},"end":{"line":27,"column":34}}},"fnMap":{"0":{"name":"_interopRequireDefault","decl":{"start":{"line":12,"column":9},"end":{"line":12,"column":31}},"loc":{"start":{"line":12,"column":37},"end":{"line":12,"column":95}},"line":12},"1":{"name":"(anonymous_1)","decl":{"start":{"line":17,"column":18},"end":{"line":17,"column":19}},"loc":{"start":{"line":17,"column":29},"end":{"line":19,"column":1}},"line":17},"2":{"name":"(anonymous_2)","decl":{"start":{"line":23,"column":20},"end":{"line":23,"column":21}},"loc":{"start":{"line":23,"column":29},"end":{"line":25,"column":1}},"line":23}},"branchMap":{"0":{"loc":{"start":{"line":12,"column":46},"end":{"line":12,"column":92}},"type":"cond-expr","locations":[{"start":{"line":12,"column":70},"end":{"line":12,"column":73}},{"start":{"line":12,"column":76},"end":{"line":12,"column":92}}],"line":12},"1":{"loc":{"start":{"line":12,"column":46},"end":{"line":12,"column":67}},"type":"binary-expr","locations":[{"start":{"line":12,"column":46},"end":{"line":12,"column":49}},{"start":{"line":12,"column":53},"end":{"line":12,"column":67}}],"line":12}},"s":{"0":1,"1":1,"2":1,"3":1,"4":1,"5":1,"6":1,"7":0,"8":1,"9":1,"10":6,"11":1},"f":{"0":1,"1":0,"2":6},"b":{"0":[0,1],"1":[1,1]},"inputSourceMap":{"version":3,"names":["private_key","process","env","JWT_SECRET","signToken","payload","jwt","sign","decodeToken","token","decode"],"sourceRoot":"/home/arthur/Desktop/Phantom App/Back-end/phantom-be-dream-team/src/middleware/","sources":["jwt.js"],"sourcesContent":["\n\nimport 'dotenv/config';\nimport jwt from 'jsonwebtoken';\n\n// eslint-disable-next-line camelcase\nconst private_key = process.env.JWT_SECRET;\n\nexport const signToken = (payload) => {\n  return jwt.sign(payload, private_key);\n};\n\nexport const decodeToken = (token) => {\n  return jwt.decode(token, private_key);\n};\n"],"mappings":";;;;;;;AAEA;;AACA;;;;AAEA;AACA,MAAMA,WAAW,GAAGC,OAAO,CAACC,GAAR,CAAYC,UAAhC;;AAEO,MAAMC,SAAS,GAAIC,OAAD,IAAa;EACpC,OAAOC,qBAAA,CAAIC,IAAJ,CAASF,OAAT,EAAkBL,WAAlB,CAAP;AACD,CAFM;;;;AAIA,MAAMQ,WAAW,GAAIC,KAAD,IAAW;EACpC,OAAOH,qBAAA,CAAII,MAAJ,CAAWD,KAAX,EAAkBT,WAAlB,CAAP;AACD,CAFM"},"_coverageSchema":"1a1c01bbd47fc00a2c39e90264f33305004495a9","hash":"25bf9bd47465c3e442c2916deec808347a45dcf3","contentHash":"ad513c1d584fea17539d45face7c5d975ce3bf505345e9b037cc57b045af20fc"}}