{"/Users/andelarwanda/Desktop/project/phantom-be-dream-team/src/app.js":{"path":"/Users/andelarwanda/Desktop/project/phantom-be-dream-team/src/app.js","statementMap":{"0":{"start":{"line":3,"column":0},"end":{"line":5,"column":3}},"1":{"start":{"line":6,"column":0},"end":{"line":6,"column":25}},"2":{"start":{"line":8,"column":15},"end":{"line":8,"column":57}},"3":{"start":{"line":10,"column":14},"end":{"line":10,"column":55}},"4":{"start":{"line":12,"column":24},"end":{"line":12,"column":77}},"5":{"start":{"line":14,"column":12},"end":{"line":14,"column":58}},"6":{"start":{"line":16,"column":12},"end":{"line":16,"column":51}},"7":{"start":{"line":18,"column":13},"end":{"line":18,"column":69}},"8":{"start":{"line":20,"column":15},"end":{"line":20,"column":57}},"9":{"start":{"line":22,"column":24},"end":{"line":22,"column":77}},"10":{"start":{"line":24,"column":29},"end":{"line":24,"column":87}},"11":{"start":{"line":26,"column":20},"end":{"line":26,"column":68}},"12":{"start":{"line":28,"column":23},"end":{"line":28,"column":87}},"13":{"start":{"line":30,"column":14},"end":{"line":30,"column":63}},"14":{"start":{"line":32,"column":0},"end":{"line":32,"column":25}},"15":{"start":{"line":34,"column":39},"end":{"line":34,"column":93}},"16":{"start":{"line":36,"column":15},"end":{"line":36,"column":38}},"17":{"start":{"line":37,"column":0},"end":{"line":37,"column":33}},"18":{"start":{"line":38,"column":0},"end":{"line":38,"column":36}},"19":{"start":{"line":39,"column":0},"end":{"line":39,"column":40}},"20":{"start":{"line":41,"column":0},"end":{"line":46,"column":3}},"21":{"start":{"line":48,"column":0},"end":{"line":48,"column":68}},"22":{"start":{"line":49,"column":0},"end":{"line":49,"column":36}},"23":{"start":{"line":50,"column":0},"end":{"line":54,"column":3}},"24":{"start":{"line":51,"column":2},"end":{"line":53,"column":5}},"25":{"start":{"line":55,"column":0},"end":{"line":55,"column":40}},"26":{"start":{"line":56,"column":0},"end":{"line":56,"column":33}},"27":{"start":{"line":57,"column":0},"end":{"line":57,"column":41}},"28":{"start":{"line":58,"column":0},"end":{"line":60,"column":4}},"29":{"start":{"line":63,"column":0},"end":{"line":63,"column":33}},"30":{"start":{"line":64,"column":0},"end":{"line":64,"column":36}},"31":{"start":{"line":65,"column":0},"end":{"line":65,"column":40}},"32":{"start":{"line":67,"column":0},"end":{"line":67,"column":37}},"33":{"start":{"line":69,"column":0},"end":{"line":76,"column":4}},"34":{"start":{"line":77,"column":0},"end":{"line":77,"column":40}},"35":{"start":{"line":78,"column":0},"end":{"line":82,"column":3}},"36":{"start":{"line":79,"column":2},"end":{"line":81,"column":5}},"37":{"start":{"line":83,"column":15},"end":{"line":83,"column":21}},"38":{"start":{"line":84,"column":0},"end":{"line":84,"column":27}}},"fnMap":{"0":{"name":"_interopRequireDefault","decl":{"start":{"line":34,"column":9},"end":{"line":34,"column":31}},"loc":{"start":{"line":34,"column":37},"end":{"line":34,"column":95}},"line":34},"1":{"name":"(anonymous_1)","decl":{"start":{"line":50,"column":22},"end":{"line":50,"column":23}},"loc":{"start":{"line":50,"column":36},"end":{"line":54,"column":1}},"line":50},"2":{"name":"(anonymous_2)","decl":{"start":{"line":78,"column":16},"end":{"line":78,"column":17}},"loc":{"start":{"line":78,"column":36},"end":{"line":82,"column":1}},"line":78}},"branchMap":{"0":{"loc":{"start":{"line":34,"column":46},"end":{"line":34,"column":92}},"type":"cond-expr","locations":[{"start":{"line":34,"column":70},"end":{"line":34,"column":73}},{"start":{"line":34,"column":76},"end":{"line":34,"column":92}}],"line":34},"1":{"loc":{"start":{"line":34,"column":46},"end":{"line":34,"column":67}},"type":"binary-expr","locations":[{"start":{"line":34,"column":46},"end":{"line":34,"column":49}},{"start":{"line":34,"column":53},"end":{"line":34,"column":67}}],"line":34},"2":{"loc":{"start":{"line":39,"column":14},"end":{"line":39,"column":38}},"type":"binary-expr","locations":[{"start":{"line":39,"column":14},"end":{"line":39,"column":30}},{"start":{"line":39,"column":34},"end":{"line":39,"column":38}}],"line":39}},"s":{"0":1,"1":1,"2":1,"3":1,"4":1,"5":1,"6":1,"7":1,"8":1,"9":1,"10":1,"11":1,"12":1,"13":1,"14":1,"15":12,"16":1,"17":1,"18":1,"19":1,"20":1,"21":1,"22":1,"23":1,"24":0,"25":1,"26":1,"27":1,"28":1,"29":1,"30":1,"31":1,"32":1,"33":1,"34":1,"35":1,"36":0,"37":1,"38":1},"f":{"0":12,"1":0,"2":0},"b":{"0":[3,9],"1":[12,12],"2":[1,0]},"inputSourceMap":{"version":3,"names":["server","express","use","cors","json","listen","process","env","PORT","i18next","Backend","middleware","LanguageDetector","init","fallbackLng","backend","loadPath","handle","get","req","res","status","message","t","morgan","cookieParser","swaggerUi","serve","setup","swaggerDoc","explorer","routes","globalErrorHandler","swaggerDocument","swaggerOptions","docExpansion","persistAuthorization","next","error"],"sourceRoot":"/Users/andelarwanda/Desktop/project/phantom-be-dream-team/src/","sources":["app.js"],"sourcesContent":["import express from 'express';\nimport morgan from 'morgan';\nimport swaggerUi from 'swagger-ui-express';\nimport swaggerDoc from './data.json';\nimport cors from 'cors';\nimport swaggerDocument from './documentation/index'\nimport i18next from 'i18next';\nimport Backend from 'i18next-fs-backend';\nimport middleware from 'i18next-http-middleware';\nimport cookieParser from 'cookie-parser';\n\nimport globalErrorHandler from './controllers/errorController';\nimport routes from './routes/index';\nimport 'dotenv/config';\nconst server = express();\n\nserver.use(cors());\nserver.use(express.json());\nserver.listen(process.env.PORT || 3000);\ni18next\n    .use(Backend)\n    .use(middleware.LanguageDetector)\n    .init({\n      fallbackLng: 'en',\n      backend: {\n        loadPath: './locales/{{lng}}/translation.json',\n      },\n    });\n\nserver.use(middleware.handle(i18next));\nserver.use(express.json());\n\n\nserver.get('/api/v1', (req, res) => {\n  res.status(200).json({\n    message: req.t('welcome_message'),\n  });\n});\n\nserver.use(morgan(\"dev\"));\nserver.use(cors());\nserver.use(cookieParser())\n\nserver.use(\"/api-docs\", swaggerUi.serve, swaggerUi.setup(swaggerDoc, { explorer: true }));\n\n// server.use(forgotPasssword)\n// server.use(resetPassword)\n\nserver.use(cors());\nserver.use(express.json());\n\nserver.use('/api/v1/', routes);\n\n\n// ERROR HANDLING MIDDLEWARE\nserver.use(globalErrorHandler);\n\n// eslint-disable-next-line max-len\nserver.use('/api-docs', swaggerUi.serve, swaggerUi.setup(swaggerDocument, {\n  swaggerOptions: {\n    docExpansion: 'none',\n    persistAuthorization: true,\n  },\n}, swaggerDoc,{explorer: true}));\nserver.use(morgan('dev'));\nserver.use('*', (req, res, next) => {\n  res.status(404).json({error: 'NOT FOUND'});\n});\nexport default server;\n"],"mappings":";;;;;;;AAAA;;AACA;;AACA;;AACA;;AACA;;AACA;;AACA;;AACA;;AACA;;AACA;;AAEA;;AACA;;AACA;;;;AACA,MAAMA,MAAM,GAAG,IAAAC,gBAAA,GAAf;AAEAD,MAAM,CAACE,GAAP,CAAW,IAAAC,aAAA,GAAX;AACAH,MAAM,CAACE,GAAP,CAAWD,gBAAA,CAAQG,IAAR,EAAX;AACAJ,MAAM,CAACK,MAAP,CAAcC,OAAO,CAACC,GAAR,CAAYC,IAAZ,IAAoB,IAAlC;;AACAC,gBAAA,CACKP,GADL,CACSQ,yBADT,EAEKR,GAFL,CAESS,8BAAA,CAAWC,gBAFpB,EAGKC,IAHL,CAGU;EACJC,WAAW,EAAE,IADT;EAEJC,OAAO,EAAE;IACPC,QAAQ,EAAE;EADH;AAFL,CAHV;;AAUAhB,MAAM,CAACE,GAAP,CAAWS,8BAAA,CAAWM,MAAX,CAAkBR,gBAAlB,CAAX;AACAT,MAAM,CAACE,GAAP,CAAWD,gBAAA,CAAQG,IAAR,EAAX;AAGAJ,MAAM,CAACkB,GAAP,CAAW,SAAX,EAAsB,CAACC,GAAD,EAAMC,GAAN,KAAc;EAClCA,GAAG,CAACC,MAAJ,CAAW,GAAX,EAAgBjB,IAAhB,CAAqB;IACnBkB,OAAO,EAAEH,GAAG,CAACI,CAAJ,CAAM,iBAAN;EADU,CAArB;AAGD,CAJD;AAMAvB,MAAM,CAACE,GAAP,CAAW,IAAAsB,eAAA,EAAO,KAAP,CAAX;AACAxB,MAAM,CAACE,GAAP,CAAW,IAAAC,aAAA,GAAX;AACAH,MAAM,CAACE,GAAP,CAAW,IAAAuB,qBAAA,GAAX;AAEAzB,MAAM,CAACE,GAAP,CAAW,WAAX,EAAwBwB,yBAAA,CAAUC,KAAlC,EAAyCD,yBAAA,CAAUE,KAAV,CAAgBC,aAAhB,EAA4B;EAAEC,QAAQ,EAAE;AAAZ,CAA5B,CAAzC,E,CAEA;AACA;;AAEA9B,MAAM,CAACE,GAAP,CAAW,IAAAC,aAAA,GAAX;AACAH,MAAM,CAACE,GAAP,CAAWD,gBAAA,CAAQG,IAAR,EAAX;AAEAJ,MAAM,CAACE,GAAP,CAAW,UAAX,EAAuB6B,eAAvB,E,CAGA;;AACA/B,MAAM,CAACE,GAAP,CAAW8B,wBAAX,E,CAEA;;AACAhC,MAAM,CAACE,GAAP,CAAW,WAAX,EAAwBwB,yBAAA,CAAUC,KAAlC,EAAyCD,yBAAA,CAAUE,KAAV,CAAgBK,cAAhB,EAAiC;EACxEC,cAAc,EAAE;IACdC,YAAY,EAAE,MADA;IAEdC,oBAAoB,EAAE;EAFR;AADwD,CAAjC,EAKtCP,aALsC,EAK3B;EAACC,QAAQ,EAAE;AAAX,CAL2B,CAAzC;AAMA9B,MAAM,CAACE,GAAP,CAAW,IAAAsB,eAAA,EAAO,KAAP,CAAX;AACAxB,MAAM,CAACE,GAAP,CAAW,GAAX,EAAgB,CAACiB,GAAD,EAAMC,GAAN,EAAWiB,IAAX,KAAoB;EAClCjB,GAAG,CAACC,MAAJ,CAAW,GAAX,EAAgBjB,IAAhB,CAAqB;IAACkC,KAAK,EAAE;EAAR,CAArB;AACD,CAFD;eAGetC,M"},"_coverageSchema":"1a1c01bbd47fc00a2c39e90264f33305004495a9","hash":"4f7a2a6fdfbcff074a11a248f5bc28746455dacc","contentHash":"c6c155008f74ae336b65254791cac01718c772b8c06f9eb63c305ad1bb8026f7"},"/Users/andelarwanda/Desktop/project/phantom-be-dream-team/src/documentation/index.js":{"path":"/Users/andelarwanda/Desktop/project/phantom-be-dream-team/src/documentation/index.js","statementMap":{"0":{"start":{"line":3,"column":0},"end":{"line":5,"column":3}},"1":{"start":{"line":6,"column":0},"end":{"line":6,"column":25}},"2":{"start":{"line":8,"column":13},"end":{"line":8,"column":31}},"3":{"start":{"line":10,"column":54},"end":{"line":10,"column":73}},"4":{"start":{"line":10,"column":75},"end":{"line":10,"column":326}},"5":{"start":{"line":10,"column":125},"end":{"line":10,"column":161}},"6":{"start":{"line":10,"column":163},"end":{"line":10,"column":324}},"7":{"start":{"line":10,"column":224},"end":{"line":10,"column":287}},"8":{"start":{"line":10,"column":327},"end":{"line":10,"column":339}},"9":{"start":{"line":12,"column":33},"end":{"line":12,"column":489}},"10":{"start":{"line":12,"column":46},"end":{"line":12,"column":47}},"11":{"start":{"line":12,"column":91},"end":{"line":12,"column":131}},"12":{"start":{"line":12,"column":133},"end":{"line":12,"column":487}},"13":{"start":{"line":12,"column":194},"end":{"line":12,"column":236}},"14":{"start":{"line":12,"column":402},"end":{"line":12,"column":483}},"15":{"start":{"line":12,"column":490},"end":{"line":12,"column":504}},"16":{"start":{"line":14,"column":44},"end":{"line":14,"column":195}},"17":{"start":{"line":14,"column":62},"end":{"line":14,"column":166}},"18":{"start":{"line":14,"column":176},"end":{"line":14,"column":193}},"19":{"start":{"line":14,"column":196},"end":{"line":14,"column":207}},"20":{"start":{"line":16,"column":14},"end":{"line":16,"column":45}},"21":{"start":{"line":18,"column":20},"end":{"line":18,"column":61}},"22":{"start":{"line":20,"column":15},"end":{"line":55,"column":1}},"23":{"start":{"line":56,"column":15},"end":{"line":56,"column":21}},"24":{"start":{"line":57,"column":0},"end":{"line":57,"column":27}}},"fnMap":{"0":{"name":"ownKeys","decl":{"start":{"line":10,"column":9},"end":{"line":10,"column":16}},"loc":{"start":{"line":10,"column":41},"end":{"line":10,"column":341}},"line":10},"1":{"name":"(anonymous_1)","decl":{"start":{"line":10,"column":207},"end":{"line":10,"column":208}},"loc":{"start":{"line":10,"column":222},"end":{"line":10,"column":289}},"line":10},"2":{"name":"_objectSpread","decl":{"start":{"line":12,"column":9},"end":{"line":12,"column":22}},"loc":{"start":{"line":12,"column":31},"end":{"line":12,"column":506}},"line":12},"3":{"name":"(anonymous_3)","decl":{"start":{"line":12,"column":177},"end":{"line":12,"column":178}},"loc":{"start":{"line":12,"column":192},"end":{"line":12,"column":238}},"line":12},"4":{"name":"(anonymous_4)","decl":{"start":{"line":12,"column":385},"end":{"line":12,"column":386}},"loc":{"start":{"line":12,"column":400},"end":{"line":12,"column":485}},"line":12},"5":{"name":"_defineProperty","decl":{"start":{"line":14,"column":9},"end":{"line":14,"column":24}},"loc":{"start":{"line":14,"column":42},"end":{"line":14,"column":209}},"line":14}},"branchMap":{"0":{"loc":{"start":{"line":10,"column":75},"end":{"line":10,"column":326}},"type":"if","locations":[{"start":{"line":10,"column":75},"end":{"line":10,"column":326}},{"start":{"line":10,"column":75},"end":{"line":10,"column":326}}],"line":10},"1":{"loc":{"start":{"line":10,"column":163},"end":{"line":10,"column":291}},"type":"binary-expr","locations":[{"start":{"line":10,"column":163},"end":{"line":10,"column":177}},{"start":{"line":10,"column":182},"end":{"line":10,"column":290}}],"line":10},"2":{"loc":{"start":{"line":12,"column":91},"end":{"line":12,"column":131}},"type":"cond-expr","locations":[{"start":{"line":12,"column":114},"end":{"line":12,"column":126}},{"start":{"line":12,"column":129},"end":{"line":12,"column":131}}],"line":12},"3":{"loc":{"start":{"line":12,"column":133},"end":{"line":12,"column":486}},"type":"cond-expr","locations":[{"start":{"line":12,"column":141},"end":{"line":12,"column":239}},{"start":{"line":12,"column":242},"end":{"line":12,"column":486}}],"line":12},"4":{"loc":{"start":{"line":12,"column":242},"end":{"line":12,"column":486}},"type":"cond-expr","locations":[{"start":{"line":12,"column":277},"end":{"line":12,"column":350}},{"start":{"line":12,"column":353},"end":{"line":12,"column":486}}],"line":12},"5":{"loc":{"start":{"line":14,"column":44},"end":{"line":14,"column":195}},"type":"if","locations":[{"start":{"line":14,"column":44},"end":{"line":14,"column":195}},{"start":{"line":14,"column":44},"end":{"line":14,"column":195}}],"line":14}},"s":{"0":1,"1":1,"2":1,"3":2,"4":2,"5":2,"6":2,"7":0,"8":2,"9":2,"10":2,"11":2,"12":2,"13":4,"14":0,"15":2,"16":4,"17":0,"18":4,"19":4,"20":1,"21":1,"22":1,"23":1,"24":1},"f":{"0":2,"1":0,"2":2,"3":4,"4":0,"5":4},"b":{"0":[2,0],"1":[2,2],"2":[2,0],"3":[2,0],"4":[0,0],"5":[0,4]},"inputSourceMap":{"version":3,"names":["paths","users","definitions","usersDefinition","config","swagger","info","title","description","version","contact","name","email","url","license","schemes","securityDefinitions","Bearer","type","in","ApiKeyAuth","servers"],"sourceRoot":"/Users/andelarwanda/Desktop/project/phantom-be-dream-team/src/documentation/","sources":["index.js"],"sourcesContent":["\nimport { users, usersDefinition } from './users';\n\nconst paths = { ...users };\n\nconst definitions = { ...usersDefinition };\n\nconst config = {\n  swagger: '2.0',\n  info: {\n    title: 'Dream Team Phantom API ',\n    description: 'This is team project,Dream team',\n    version: '1.0.0',\n    contact: {\n      name: 'Phantom Developers',\n      email: 'benafrica.009@gmail.com',\n      url: 'localhost:3000/',\n    },\n    license: {\n      name: 'Apache 2.0',\n      url: 'http://www.apache.org/licenses/LICENSE-2.0.html',\n    },\n  },\n\n  schemes: ['HTTP', 'HTTPS'],\n\n  securityDefinitions: {\n    Bearer: {\n      type: 'apiKey',\n      name: 'Authorization',\n      in: 'header',\n    },\n    ApiKeyAuth: {\n      type: 'apiKey',\n      name: 'refreshToken',\n      in: 'header',\n    },\n  },\n\n  servers: [\n    {\n      url: 'http://localhost:3000',\n      name: 'DEV',\n    },\n  ],\n\n  paths,\n  definitions,\n};\n\nexport default config;"],"mappings":";;;;;;;AACA;;;;;;;;AAEA,MAAMA,KAAK,qBAAQC,YAAR,CAAX;;AAEA,MAAMC,WAAW,qBAAQC,sBAAR,CAAjB;;AAEA,MAAMC,MAAM,GAAG;EACbC,OAAO,EAAE,KADI;EAEbC,IAAI,EAAE;IACJC,KAAK,EAAE,yBADH;IAEJC,WAAW,EAAE,iCAFT;IAGJC,OAAO,EAAE,OAHL;IAIJC,OAAO,EAAE;MACPC,IAAI,EAAE,oBADC;MAEPC,KAAK,EAAE,yBAFA;MAGPC,GAAG,EAAE;IAHE,CAJL;IASJC,OAAO,EAAE;MACPH,IAAI,EAAE,YADC;MAEPE,GAAG,EAAE;IAFE;EATL,CAFO;EAiBbE,OAAO,EAAE,CAAC,MAAD,EAAS,OAAT,CAjBI;EAmBbC,mBAAmB,EAAE;IACnBC,MAAM,EAAE;MACNC,IAAI,EAAE,QADA;MAENP,IAAI,EAAE,eAFA;MAGNQ,EAAE,EAAE;IAHE,CADW;IAMnBC,UAAU,EAAE;MACVF,IAAI,EAAE,QADI;MAEVP,IAAI,EAAE,cAFI;MAGVQ,EAAE,EAAE;IAHM;EANO,CAnBR;EAgCbE,OAAO,EAAE,CACP;IACER,GAAG,EAAE,uBADP;IAEEF,IAAI,EAAE;EAFR,CADO,CAhCI;EAuCbX,KAvCa;EAwCbE;AAxCa,CAAf;eA2CeE,M"},"_coverageSchema":"1a1c01bbd47fc00a2c39e90264f33305004495a9","hash":"d4332dbbff8a934f9c51593d1b1e7820932b8ae1","contentHash":"37d5d41261d594da196f70fb8b87f1097c3f631bc18fced6a58ba83e65e613fd"},"/Users/andelarwanda/Desktop/project/phantom-be-dream-team/src/documentation/users.js":{"path":"/Users/andelarwanda/Desktop/project/phantom-be-dream-team/src/documentation/users.js","statementMap":{"0":{"start":{"line":3,"column":0},"end":{"line":5,"column":3}},"1":{"start":{"line":6,"column":0},"end":{"line":6,"column":49}},"2":{"start":{"line":7,"column":14},"end":{"line":80,"column":1}},"3":{"start":{"line":81,"column":0},"end":{"line":81,"column":22}},"4":{"start":{"line":82,"column":24},"end":{"line":102,"column":1}},"5":{"start":{"line":103,"column":0},"end":{"line":103,"column":42}}},"fnMap":{},"branchMap":{},"s":{"0":1,"1":1,"2":1,"3":1,"4":1,"5":1},"f":{},"b":{},"inputSourceMap":{"version":3,"names":["users","post","tags","summary","description","operationId","consumes","produces","parameters","name","in","required","schema","$ref","responses","get","type","delete","usersDefinition","Register","properties","firstName","lastName","email","role"],"sourceRoot":"/Users/andelarwanda/Desktop/project/phantom-be-dream-team/src/documentation/","sources":["users.js"],"sourcesContent":["\nexport const users = {\n    '/api/v1/users/register': {\n      post: {\n        tags: ['Users'],\n        summary: 'CREATE',\n        description: 'CREATE',\n        operationId: 'addUser',\n        consumes: ['application/json'],\n        produces: ['application/json'],\n        parameters: [\n          {\n            name: 'body',\n            in: 'body',\n            description: 'Create user',\n            required: true,\n            schema: {\n              $ref: '#/definitions/Register',\n            },\n          },\n     \n        ],\n        responses: {\n          200: {\n            description: 'Success',\n          },\n          400: {\n            description: 'Bad request',\n          },\n          500: {\n            description: 'Internal server error',\n          },\n        },\n      },\n    },\n  \n    '/api/v1/users/': {\n      get: {\n        tags: ['Users'],\n        summary: 'GET_ALL',\n        description: 'GET_ALL',\n        operationId: 'findAll',\n        produces: ['application/json'],\n     \n        responses: {\n          200: {\n            description: 'OK',\n            schema: {\n              type: 'string',\n            },\n          },\n        },\n      },\n    },\n    '/api/v1/users/:id': {\n      delete: {\n        tags: ['Users'],\n        summary: 'DELETE',\n        description: 'DELETE',\n        operationId: 'delete',\n        consumes: ['application/json'],\n        produces: ['application/json'],\n        parameters: [\n          {\n            name: 'Accept-Language',\n            in: 'header',\n            description: 'the Accept-Language',\n            required: false,\n            type: 'string',\n          },\n        ],\n        responses: {\n          200: {\n            description: 'OK',\n            schema: {\n              type: 'string',\n            },\n          },\n        },\n      },\n    },\n  };\n  \n  export const usersDefinition = {\n    Register: {\n      type: 'object',\n      in: 'body',\n      required: [\n        'firstName',\n        'lastName',\n        'email',\n        'role',\n      ],\n      properties: {\n        firstName: {\n          type: 'string',\n        },\n        lastName: {\n          type: 'string',\n        },\n        email: {\n          type: 'string',\n        },\n        role: {\n          type: 'string',\n        },\n        \n      },\n    },\n  };"],"mappings":";;;;;;AACO,MAAMA,KAAK,GAAG;EACjB,0BAA0B;IACxBC,IAAI,EAAE;MACJC,IAAI,EAAE,CAAC,OAAD,CADF;MAEJC,OAAO,EAAE,QAFL;MAGJC,WAAW,EAAE,QAHT;MAIJC,WAAW,EAAE,SAJT;MAKJC,QAAQ,EAAE,CAAC,kBAAD,CALN;MAMJC,QAAQ,EAAE,CAAC,kBAAD,CANN;MAOJC,UAAU,EAAE,CACV;QACEC,IAAI,EAAE,MADR;QAEEC,EAAE,EAAE,MAFN;QAGEN,WAAW,EAAE,aAHf;QAIEO,QAAQ,EAAE,IAJZ;QAKEC,MAAM,EAAE;UACNC,IAAI,EAAE;QADA;MALV,CADU,CAPR;MAmBJC,SAAS,EAAE;QACT,KAAK;UACHV,WAAW,EAAE;QADV,CADI;QAIT,KAAK;UACHA,WAAW,EAAE;QADV,CAJI;QAOT,KAAK;UACHA,WAAW,EAAE;QADV;MAPI;IAnBP;EADkB,CADT;EAmCjB,kBAAkB;IAChBW,GAAG,EAAE;MACHb,IAAI,EAAE,CAAC,OAAD,CADH;MAEHC,OAAO,EAAE,SAFN;MAGHC,WAAW,EAAE,SAHV;MAIHC,WAAW,EAAE,SAJV;MAKHE,QAAQ,EAAE,CAAC,kBAAD,CALP;MAOHO,SAAS,EAAE;QACT,KAAK;UACHV,WAAW,EAAE,IADV;UAEHQ,MAAM,EAAE;YACNI,IAAI,EAAE;UADA;QAFL;MADI;IAPR;EADW,CAnCD;EAqDjB,qBAAqB;IACnBC,MAAM,EAAE;MACNf,IAAI,EAAE,CAAC,OAAD,CADA;MAENC,OAAO,EAAE,QAFH;MAGNC,WAAW,EAAE,QAHP;MAINC,WAAW,EAAE,QAJP;MAKNC,QAAQ,EAAE,CAAC,kBAAD,CALJ;MAMNC,QAAQ,EAAE,CAAC,kBAAD,CANJ;MAONC,UAAU,EAAE,CACV;QACEC,IAAI,EAAE,iBADR;QAEEC,EAAE,EAAE,QAFN;QAGEN,WAAW,EAAE,qBAHf;QAIEO,QAAQ,EAAE,KAJZ;QAKEK,IAAI,EAAE;MALR,CADU,CAPN;MAgBNF,SAAS,EAAE;QACT,KAAK;UACHV,WAAW,EAAE,IADV;UAEHQ,MAAM,EAAE;YACNI,IAAI,EAAE;UADA;QAFL;MADI;IAhBL;EADW;AArDJ,CAAd;;AAkFE,MAAME,eAAe,GAAG;EAC7BC,QAAQ,EAAE;IACRH,IAAI,EAAE,QADE;IAERN,EAAE,EAAE,MAFI;IAGRC,QAAQ,EAAE,CACR,WADQ,EAER,UAFQ,EAGR,OAHQ,EAIR,MAJQ,CAHF;IASRS,UAAU,EAAE;MACVC,SAAS,EAAE;QACTL,IAAI,EAAE;MADG,CADD;MAIVM,QAAQ,EAAE;QACRN,IAAI,EAAE;MADE,CAJA;MAOVO,KAAK,EAAE;QACLP,IAAI,EAAE;MADD,CAPG;MAUVQ,IAAI,EAAE;QACJR,IAAI,EAAE;MADF;IAVI;EATJ;AADmB,CAAxB"},"_coverageSchema":"1a1c01bbd47fc00a2c39e90264f33305004495a9","hash":"03d30868a3111621bcd711ac8cb7764db854a612","contentHash":"84150bdb75474a8c032c80266cc5d803acba014391f3915402fe206b5c053f87"},"/Users/andelarwanda/Desktop/project/phantom-be-dream-team/src/controllers/errorController.js":{"path":"/Users/andelarwanda/Desktop/project/phantom-be-dream-team/src/controllers/errorController.js","statementMap":{"0":{"start":{"line":3,"column":21},"end":{"line":9,"column":1}},"1":{"start":{"line":4,"column":2},"end":{"line":8,"column":5}},"2":{"start":{"line":11,"column":0},"end":{"line":16,"column":2}},"3":{"start":{"line":13,"column":2},"end":{"line":13,"column":41}},"4":{"start":{"line":14,"column":2},"end":{"line":14,"column":37}},"5":{"start":{"line":15,"column":2},"end":{"line":15,"column":25}}},"fnMap":{"0":{"name":"(anonymous_0)","decl":{"start":{"line":3,"column":21},"end":{"line":3,"column":22}},"loc":{"start":{"line":3,"column":35},"end":{"line":9,"column":1}},"line":3},"1":{"name":"(anonymous_1)","decl":{"start":{"line":11,"column":17},"end":{"line":11,"column":18}},"loc":{"start":{"line":11,"column":42},"end":{"line":16,"column":1}},"line":11}},"branchMap":{"0":{"loc":{"start":{"line":13,"column":19},"end":{"line":13,"column":40}},"type":"binary-expr","locations":[{"start":{"line":13,"column":19},"end":{"line":13,"column":33}},{"start":{"line":13,"column":37},"end":{"line":13,"column":40}}],"line":13},"1":{"loc":{"start":{"line":14,"column":15},"end":{"line":14,"column":36}},"type":"binary-expr","locations":[{"start":{"line":14,"column":15},"end":{"line":14,"column":25}},{"start":{"line":14,"column":29},"end":{"line":14,"column":36}}],"line":14}},"s":{"0":1,"1":0,"2":1,"3":0,"4":0,"5":0},"f":{"0":0,"1":0},"b":{"0":[0,0],"1":[0,0]},"inputSourceMap":{"version":3,"names":["sendErrorDev","err","res","status","statusCode","json","error","message","module","exports","req","next"],"sourceRoot":"/Users/andelarwanda/Desktop/project/phantom-be-dream-team/src/controllers/","sources":["errorController.js"],"sourcesContent":["const sendErrorDev = (err, res) => {\n  res.status(err.statusCode).json({\n    status: err.status,\n    error: err,\n    message: err.message,\n  });\n};\n\nmodule.exports = (err, req, res, next) => {\n  //   console.log(err.stack);\n  err.statusCode = err.statusCode || 500;\n  err.status = err.status || 'error';\n  sendErrorDev(err, res);\n};\n"],"mappings":";;AAAA,MAAMA,YAAY,GAAG,CAACC,GAAD,EAAMC,GAAN,KAAc;EACjCA,GAAG,CAACC,MAAJ,CAAWF,GAAG,CAACG,UAAf,EAA2BC,IAA3B,CAAgC;IAC9BF,MAAM,EAAEF,GAAG,CAACE,MADkB;IAE9BG,KAAK,EAAEL,GAFuB;IAG9BM,OAAO,EAAEN,GAAG,CAACM;EAHiB,CAAhC;AAKD,CAND;;AAQAC,MAAM,CAACC,OAAP,GAAiB,CAACR,GAAD,EAAMS,GAAN,EAAWR,GAAX,EAAgBS,IAAhB,KAAyB;EACxC;EACAV,GAAG,CAACG,UAAJ,GAAiBH,GAAG,CAACG,UAAJ,IAAkB,GAAnC;EACAH,GAAG,CAACE,MAAJ,GAAaF,GAAG,CAACE,MAAJ,IAAc,OAA3B;EACAH,YAAY,CAACC,GAAD,EAAMC,GAAN,CAAZ;AACD,CALD"},"_coverageSchema":"1a1c01bbd47fc00a2c39e90264f33305004495a9","hash":"0ee2e74719f4a58581bbdafb12cfdca605cd550d","contentHash":"3e36c57938a57ae372902e7bc3b293d52bcd33e7fec13e6f7fb9e74a34e63aa3"},"/Users/andelarwanda/Desktop/project/phantom-be-dream-team/src/routes/index.js":{"path":"/Users/andelarwanda/Desktop/project/phantom-be-dream-team/src/routes/index.js","statementMap":{"0":{"start":{"line":3,"column":0},"end":{"line":5,"column":3}},"1":{"start":{"line":6,"column":0},"end":{"line":6,"column":25}},"2":{"start":{"line":8,"column":15},"end":{"line":8,"column":57}},"3":{"start":{"line":10,"column":18},"end":{"line":10,"column":69}},"4":{"start":{"line":12,"column":19},"end":{"line":12,"column":71}},"5":{"start":{"line":14,"column":16},"end":{"line":14,"column":65}},"6":{"start":{"line":16,"column":18},"end":{"line":16,"column":69}},"7":{"start":{"line":18,"column":21},"end":{"line":18,"column":75}},"8":{"start":{"line":20,"column":17},"end":{"line":20,"column":67}},"9":{"start":{"line":22,"column":39},"end":{"line":22,"column":93}},"10":{"start":{"line":25,"column":15},"end":{"line":25,"column":40}},"11":{"start":{"line":27,"column":0},"end":{"line":27,"column":42}},"12":{"start":{"line":28,"column":0},"end":{"line":28,"column":44}},"13":{"start":{"line":29,"column":0},"end":{"line":29,"column":47}},"14":{"start":{"line":30,"column":0},"end":{"line":30,"column":44}},"15":{"start":{"line":31,"column":0},"end":{"line":31,"column":40}},"16":{"start":{"line":32,"column":0},"end":{"line":32,"column":43}},"17":{"start":{"line":33,"column":15},"end":{"line":33,"column":21}},"18":{"start":{"line":34,"column":0},"end":{"line":34,"column":27}}},"fnMap":{"0":{"name":"_interopRequireDefault","decl":{"start":{"line":22,"column":9},"end":{"line":22,"column":31}},"loc":{"start":{"line":22,"column":37},"end":{"line":22,"column":95}},"line":22}},"branchMap":{"0":{"loc":{"start":{"line":22,"column":46},"end":{"line":22,"column":92}},"type":"cond-expr","locations":[{"start":{"line":22,"column":70},"end":{"line":22,"column":73}},{"start":{"line":22,"column":76},"end":{"line":22,"column":92}}],"line":22},"1":{"loc":{"start":{"line":22,"column":46},"end":{"line":22,"column":67}},"type":"binary-expr","locations":[{"start":{"line":22,"column":46},"end":{"line":22,"column":49}},{"start":{"line":22,"column":53},"end":{"line":22,"column":67}}],"line":22}},"s":{"0":1,"1":1,"2":1,"3":1,"4":1,"5":1,"6":1,"7":1,"8":1,"9":7,"10":1,"11":1,"12":1,"13":1,"14":1,"15":1,"16":1,"17":1,"18":1},"f":{"0":7},"b":{"0":[6,1],"1":[7,7]},"inputSourceMap":{"version":3,"names":["routes","express","Router","use","userRoutes","busRoutes","Profilerouter","simulateRouter","busRoute","resetRoute"],"sourceRoot":"/Users/andelarwanda/Desktop/project/phantom-be-dream-team/src/routes/","sources":["index.js"],"sourcesContent":["import express from 'express';\nimport userRoutes from './api/userRoutes';\nimport busRoutes from './api/routesRoute';\nimport busRoute from './api/busRoute';\nimport resetRoute from './api/resetRoute';\nimport Profilerouter from './api/updateProfile';\nimport simulateRouter from './api/busInRoad';\n\n// eslint-disable-next-line new-cap\nconst routes = express.Router();\n\nroutes.use('/users', userRoutes);\nroutes.use('/routes', busRoutes);\nroutes.use('/profile', Profilerouter);\nroutes.use('/simulate', simulateRouter);\nroutes.use('/buses', busRoute);\nroutes.use('/users1', resetRoute);\n\n\nexport default routes;\n"],"mappings":";;;;;;;AAAA;;AACA;;AACA;;AACA;;AACA;;AACA;;AACA;;;;AAEA;AACA,MAAMA,MAAM,GAAGC,gBAAA,CAAQC,MAAR,EAAf;;AAEAF,MAAM,CAACG,GAAP,CAAW,QAAX,EAAqBC,mBAArB;AACAJ,MAAM,CAACG,GAAP,CAAW,SAAX,EAAsBE,oBAAtB;AACAL,MAAM,CAACG,GAAP,CAAW,UAAX,EAAuBG,sBAAvB;AACAN,MAAM,CAACG,GAAP,CAAW,WAAX,EAAwBI,kBAAxB;AACAP,MAAM,CAACG,GAAP,CAAW,QAAX,EAAqBK,iBAArB;AACAR,MAAM,CAACG,GAAP,CAAW,SAAX,EAAsBM,mBAAtB;eAGeT,M"},"_coverageSchema":"1a1c01bbd47fc00a2c39e90264f33305004495a9","hash":"4fff4177d6ce71fb8f2aed37fab67afc6b3dcae8","contentHash":"844f7142d3a3ec5ad1b9c407e87f7d70f31e7e0b91b85258333dd068bec95481"},"/Users/andelarwanda/Desktop/project/phantom-be-dream-team/src/routes/api/userRoutes.js":{"path":"/Users/andelarwanda/Desktop/project/phantom-be-dream-team/src/routes/api/userRoutes.js","statementMap":{"0":{"start":{"line":3,"column":0},"end":{"line":5,"column":3}},"1":{"start":{"line":6,"column":0},"end":{"line":6,"column":25}},"2":{"start":{"line":8,"column":15},"end":{"line":8,"column":57}},"3":{"start":{"line":10,"column":22},"end":{"line":10,"column":89}},"4":{"start":{"line":12,"column":13},"end":{"line":12,"column":46}},"5":{"start":{"line":14,"column":23},"end":{"line":14,"column":67}},"6":{"start":{"line":16,"column":39},"end":{"line":16,"column":93}},"7":{"start":{"line":18,"column":15},"end":{"line":18,"column":40}},"8":{"start":{"line":20,"column":0},"end":{"line":20,"column":53}},"9":{"start":{"line":21,"column":0},"end":{"line":21,"column":70}},"10":{"start":{"line":22,"column":0},"end":{"line":22,"column":62}},"11":{"start":{"line":23,"column":0},"end":{"line":23,"column":68}},"12":{"start":{"line":24,"column":0},"end":{"line":24,"column":63}},"13":{"start":{"line":25,"column":0},"end":{"line":25,"column":70}},"14":{"start":{"line":26,"column":15},"end":{"line":26,"column":21}},"15":{"start":{"line":27,"column":0},"end":{"line":27,"column":27}}},"fnMap":{"0":{"name":"_interopRequireDefault","decl":{"start":{"line":16,"column":9},"end":{"line":16,"column":31}},"loc":{"start":{"line":16,"column":37},"end":{"line":16,"column":95}},"line":16}},"branchMap":{"0":{"loc":{"start":{"line":16,"column":46},"end":{"line":16,"column":92}},"type":"cond-expr","locations":[{"start":{"line":16,"column":70},"end":{"line":16,"column":73}},{"start":{"line":16,"column":76},"end":{"line":16,"column":92}}],"line":16},"1":{"loc":{"start":{"line":16,"column":46},"end":{"line":16,"column":67}},"type":"binary-expr","locations":[{"start":{"line":16,"column":46},"end":{"line":16,"column":49}},{"start":{"line":16,"column":53},"end":{"line":16,"column":67}}],"line":16}},"s":{"0":1,"1":1,"2":1,"3":1,"4":1,"5":1,"6":2,"7":1,"8":1,"9":1,"10":1,"11":1,"12":1,"13":1,"14":1,"15":1},"f":{"0":2},"b":{"0":[0,2],"1":[2,2]},"inputSourceMap":{"version":3,"names":["router","express","Router","post","authController","login","checkAdmin","addUser","get","allUsers","findOneUser","put","update","delete","deleteUser"],"sourceRoot":"/Users/andelarwanda/Desktop/project/phantom-be-dream-team/src/routes/api/","sources":["userRoutes.js"],"sourcesContent":["import express from 'express';\nimport authController from '../../controllers/authController';\nimport {checkAdmin} from '../../middleware/check'\n\nimport { addUser, allUsers, findOneUser, update, deleteUser} from '../../controllers/usersController'\n\n\n\nconst router = express.Router();\n\nrouter.post('/login', authController.login);\nrouter.post('/register',checkAdmin, addUser)\nrouter.get('/',checkAdmin, allUsers)\nrouter.get('/:id',checkAdmin, findOneUser)\nrouter.put('/:id',checkAdmin, update)\nrouter.delete('/:id',checkAdmin, deleteUser)\n\n\n\nexport default router;\n"],"mappings":";;;;;;;AAAA;;AACA;;AACA;;AAEA;;;;AAIA,MAAMA,MAAM,GAAGC,gBAAA,CAAQC,MAAR,EAAf;;AAEAF,MAAM,CAACG,IAAP,CAAY,QAAZ,EAAsBC,uBAAA,CAAeC,KAArC;AACAL,MAAM,CAACG,IAAP,CAAY,WAAZ,EAAwBG,iBAAxB,EAAoCC,wBAApC;AACAP,MAAM,CAACQ,GAAP,CAAW,GAAX,EAAeF,iBAAf,EAA2BG,yBAA3B;AACAT,MAAM,CAACQ,GAAP,CAAW,MAAX,EAAkBF,iBAAlB,EAA8BI,4BAA9B;AACAV,MAAM,CAACW,GAAP,CAAW,MAAX,EAAkBL,iBAAlB,EAA8BM,uBAA9B;AACAZ,MAAM,CAACa,MAAP,CAAc,MAAd,EAAqBP,iBAArB,EAAiCQ,2BAAjC;eAIed,M"},"_coverageSchema":"1a1c01bbd47fc00a2c39e90264f33305004495a9","hash":"388b4fbce2cca3d49192328897015c294398acff","contentHash":"969114b9142951784cb2cc608ae5e037411c209b75c504044ee5de0b2b9c15a2"},"/Users/andelarwanda/Desktop/project/phantom-be-dream-team/src/controllers/authController.js":{"path":"/Users/andelarwanda/Desktop/project/phantom-be-dream-team/src/controllers/authController.js","statementMap":{"0":{"start":{"line":3,"column":23},"end":{"line":3,"column":84}},"1":{"start":{"line":5,"column":14},"end":{"line":5,"column":58}},"2":{"start":{"line":7,"column":16},"end":{"line":7,"column":59}},"3":{"start":{"line":9,"column":39},"end":{"line":9,"column":93}},"4":{"start":{"line":11,"column":0},"end":{"line":50,"column":2}},"5":{"start":{"line":15,"column":6},"end":{"line":15,"column":14}},"6":{"start":{"line":17,"column":2},"end":{"line":23,"column":3}},"7":{"start":{"line":19,"column":4},"end":{"line":22,"column":7}},"8":{"start":{"line":26,"column":15},"end":{"line":30,"column":4}},"9":{"start":{"line":32,"column":2},"end":{"line":35,"column":5}},"10":{"start":{"line":32,"column":13},"end":{"line":35,"column":5}},"11":{"start":{"line":37,"column":26},"end":{"line":39,"column":3}},"12":{"start":{"line":38,"column":4},"end":{"line":38,"column":76}},"13":{"start":{"line":41,"column":2},"end":{"line":47,"column":3}},"14":{"start":{"line":43,"column":4},"end":{"line":46,"column":7}},"15":{"start":{"line":49,"column":2},"end":{"line":49,"column":48}}},"fnMap":{"0":{"name":"_interopRequireDefault","decl":{"start":{"line":9,"column":9},"end":{"line":9,"column":31}},"loc":{"start":{"line":9,"column":37},"end":{"line":9,"column":95}},"line":9},"1":{"name":"(anonymous_1)","decl":{"start":{"line":11,"column":16},"end":{"line":11,"column":17}},"loc":{"start":{"line":11,"column":42},"end":{"line":50,"column":1}},"line":11},"2":{"name":"(anonymous_2)","decl":{"start":{"line":37,"column":26},"end":{"line":37,"column":27}},"loc":{"start":{"line":37,"column":75},"end":{"line":39,"column":3}},"line":37}},"branchMap":{"0":{"loc":{"start":{"line":9,"column":46},"end":{"line":9,"column":92}},"type":"cond-expr","locations":[{"start":{"line":9,"column":70},"end":{"line":9,"column":73}},{"start":{"line":9,"column":76},"end":{"line":9,"column":92}}],"line":9},"1":{"loc":{"start":{"line":9,"column":46},"end":{"line":9,"column":67}},"type":"binary-expr","locations":[{"start":{"line":9,"column":46},"end":{"line":9,"column":49}},{"start":{"line":9,"column":53},"end":{"line":9,"column":67}}],"line":9},"2":{"loc":{"start":{"line":17,"column":2},"end":{"line":23,"column":3}},"type":"if","locations":[{"start":{"line":17,"column":2},"end":{"line":23,"column":3}},{"start":{"line":17,"column":2},"end":{"line":23,"column":3}}],"line":17},"3":{"loc":{"start":{"line":17,"column":6},"end":{"line":17,"column":25}},"type":"binary-expr","locations":[{"start":{"line":17,"column":6},"end":{"line":17,"column":12}},{"start":{"line":17,"column":16},"end":{"line":17,"column":25}}],"line":17},"4":{"loc":{"start":{"line":32,"column":2},"end":{"line":35,"column":5}},"type":"if","locations":[{"start":{"line":32,"column":2},"end":{"line":35,"column":5}},{"start":{"line":32,"column":2},"end":{"line":35,"column":5}}],"line":32},"5":{"loc":{"start":{"line":41,"column":2},"end":{"line":47,"column":3}},"type":"if","locations":[{"start":{"line":41,"column":2},"end":{"line":47,"column":3}},{"start":{"line":41,"column":2},"end":{"line":47,"column":3}}],"line":41},"6":{"loc":{"start":{"line":41,"column":6},"end":{"line":41,"column":64}},"type":"binary-expr","locations":[{"start":{"line":41,"column":6},"end":{"line":41,"column":11}},{"start":{"line":41,"column":15},"end":{"line":41,"column":64}}],"line":41}},"s":{"0":1,"1":1,"2":1,"3":3,"4":1,"5":2,"6":2,"7":0,"8":2,"9":0,"10":0,"11":0,"12":0,"13":0,"14":0,"15":0},"f":{"0":3,"1":2,"2":0},"b":{"0":[2,1],"1":[3,3],"2":[0,2],"3":[2,2],"4":[0,0],"5":[0,0],"6":[0,0]},"inputSourceMap":{"version":3,"names":["exports","login","req","res","next","email","password","body","status","json","message","user","models","User","findOne","where","correctPassword","candidatePassword","userPassword","bcrypt","compare","createSendToken"],"sourceRoot":"/Users/andelarwanda/Desktop/project/phantom-be-dream-team/src/controllers/","sources":["authController.js"],"sourcesContent":["import createSendToken from '../helpers/createSendToken';\nimport models from '../models';\nimport bcrypt from 'bcryptjs';\n\n\nexports.login = async (req, res, next) => {\n  const {email, password} = req.body;\n\n  // 1)Check if email & password exist.\n  if (!email || !password) {\n    // eslint-disable-next-line max-len\n    return res.status(400).json({status: 'fail', message: 'Please provide email and password!'});\n  }\n\n  // 2)Check if user exist and password is correct\n\n  const user = await models.User.findOne({where: {email}});\n  // eslint-disable-next-line max-len\n  if (!user) return res.status(401).json({status: 'fail', message: 'Incorrect email or password'});\n  const correctPassword = async function(candidatePassword, userPassword) {\n    return await bcrypt.compare(candidatePassword, userPassword);\n  };\n\n  if (!user || !(await correctPassword(password, user.password))) {\n    // eslint-disable-next-line max-len\n    return res.status(401).json({status: 'fail', message: 'Incorrect email or password'});\n  }\n  createSendToken(user, 200, res);\n};\n\n"],"mappings":";;AAAA;;AACA;;AACA;;;;AAGAA,OAAO,CAACC,KAAR,GAAgB,OAAOC,GAAP,EAAYC,GAAZ,EAAiBC,IAAjB,KAA0B;EACxC,MAAM;IAACC,KAAD;IAAQC;EAAR,IAAoBJ,GAAG,CAACK,IAA9B,CADwC,CAGxC;;EACA,IAAI,CAACF,KAAD,IAAU,CAACC,QAAf,EAAyB;IACvB;IACA,OAAOH,GAAG,CAACK,MAAJ,CAAW,GAAX,EAAgBC,IAAhB,CAAqB;MAACD,MAAM,EAAE,MAAT;MAAiBE,OAAO,EAAE;IAA1B,CAArB,CAAP;EACD,CAPuC,CASxC;;;EAEA,MAAMC,IAAI,GAAG,MAAMC,eAAA,CAAOC,IAAP,CAAYC,OAAZ,CAAoB;IAACC,KAAK,EAAE;MAACV;IAAD;EAAR,CAApB,CAAnB,CAXwC,CAYxC;;EACA,IAAI,CAACM,IAAL,EAAW,OAAOR,GAAG,CAACK,MAAJ,CAAW,GAAX,EAAgBC,IAAhB,CAAqB;IAACD,MAAM,EAAE,MAAT;IAAiBE,OAAO,EAAE;EAA1B,CAArB,CAAP;;EACX,MAAMM,eAAe,GAAG,gBAAeC,iBAAf,EAAkCC,YAAlC,EAAgD;IACtE,OAAO,MAAMC,iBAAA,CAAOC,OAAP,CAAeH,iBAAf,EAAkCC,YAAlC,CAAb;EACD,CAFD;;EAIA,IAAI,CAACP,IAAD,IAAS,EAAE,MAAMK,eAAe,CAACV,QAAD,EAAWK,IAAI,CAACL,QAAhB,CAAvB,CAAb,EAAgE;IAC9D;IACA,OAAOH,GAAG,CAACK,MAAJ,CAAW,GAAX,EAAgBC,IAAhB,CAAqB;MAACD,MAAM,EAAE,MAAT;MAAiBE,OAAO,EAAE;IAA1B,CAArB,CAAP;EACD;;EACD,IAAAW,wBAAA,EAAgBV,IAAhB,EAAsB,GAAtB,EAA2BR,GAA3B;AACD,CAvBD"},"_coverageSchema":"1a1c01bbd47fc00a2c39e90264f33305004495a9","hash":"3091bfd4053532744546c6710c235df064ff1a6d","contentHash":"73779ed7265fba0f3c383543faa3b20937144a152311949baf4182ed12d14037"},"/Users/andelarwanda/Desktop/project/phantom-be-dream-team/src/helpers/createSendToken.js":{"path":"/Users/andelarwanda/Desktop/project/phantom-be-dream-team/src/helpers/createSendToken.js","statementMap":{"0":{"start":{"line":3,"column":0},"end":{"line":5,"column":3}},"1":{"start":{"line":6,"column":0},"end":{"line":6,"column":25}},"2":{"start":{"line":8,"column":20},"end":{"line":8,"column":67}},"3":{"start":{"line":10,"column":39},"end":{"line":10,"column":93}},"4":{"start":{"line":12,"column":18},"end":{"line":16,"column":2}},"5":{"start":{"line":12,"column":24},"end":{"line":16,"column":2}},"6":{"start":{"line":18,"column":24},"end":{"line":28,"column":1}},"7":{"start":{"line":19,"column":16},"end":{"line":19,"column":35}},"8":{"start":{"line":21,"column":2},"end":{"line":21,"column":28}},"9":{"start":{"line":22,"column":2},"end":{"line":27,"column":5}},"10":{"start":{"line":30,"column":15},"end":{"line":30,"column":30}},"11":{"start":{"line":31,"column":0},"end":{"line":31,"column":27}}},"fnMap":{"0":{"name":"_interopRequireDefault","decl":{"start":{"line":10,"column":9},"end":{"line":10,"column":31}},"loc":{"start":{"line":10,"column":37},"end":{"line":10,"column":95}},"line":10},"1":{"name":"(anonymous_1)","decl":{"start":{"line":12,"column":18},"end":{"line":12,"column":19}},"loc":{"start":{"line":12,"column":24},"end":{"line":16,"column":2}},"line":12},"2":{"name":"(anonymous_2)","decl":{"start":{"line":18,"column":24},"end":{"line":18,"column":25}},"loc":{"start":{"line":18,"column":51},"end":{"line":28,"column":1}},"line":18}},"branchMap":{"0":{"loc":{"start":{"line":10,"column":46},"end":{"line":10,"column":92}},"type":"cond-expr","locations":[{"start":{"line":10,"column":70},"end":{"line":10,"column":73}},{"start":{"line":10,"column":76},"end":{"line":10,"column":92}}],"line":10},"1":{"loc":{"start":{"line":10,"column":46},"end":{"line":10,"column":67}},"type":"binary-expr","locations":[{"start":{"line":10,"column":46},"end":{"line":10,"column":49}},{"start":{"line":10,"column":53},"end":{"line":10,"column":67}}],"line":10}},"s":{"0":1,"1":1,"2":1,"3":1,"4":1,"5":0,"6":1,"7":0,"8":0,"9":0,"10":1,"11":1},"f":{"0":1,"1":0,"2":0},"b":{"0":[0,1],"1":[1,1]},"inputSourceMap":{"version":3,"names":["signToken","id","jwt","sign","process","env","JWT_SECRET","expiresIn","JWT_EXPIRES_IN","createSendToken","user","statusCode","res","token","_id","password","undefined","status","json","message","userID"],"sourceRoot":"/Users/andelarwanda/Desktop/project/phantom-be-dream-team/src/helpers/","sources":["createSendToken.js"],"sourcesContent":["import jwt from 'jsonwebtoken';\nconst signToken = (id) =>\n  jwt.sign({id}, process.env.JWT_SECRET, {\n    expiresIn: process.env.JWT_EXPIRES_IN,\n  });\nconst createSendToken = (user, statusCode, res) => {\n  const token = signToken(user._id);\n\n  // remove the password from the output\n  user.password = undefined;\n\n  res.status(statusCode).json({\n    status: 'success',\n    token,\n    message: 'Login Successful',\n    userID:user.id\n  });\n};\n\nexport default createSendToken;\n\n"],"mappings":";;;;;;;AAAA;;;;AACA,MAAMA,SAAS,GAAIC,EAAD,IAChBC,qBAAA,CAAIC,IAAJ,CAAS;EAACF;AAAD,CAAT,EAAeG,OAAO,CAACC,GAAR,CAAYC,UAA3B,EAAuC;EACrCC,SAAS,EAAEH,OAAO,CAACC,GAAR,CAAYG;AADc,CAAvC,CADF;;AAIA,MAAMC,eAAe,GAAG,CAACC,IAAD,EAAOC,UAAP,EAAmBC,GAAnB,KAA2B;EACjD,MAAMC,KAAK,GAAGb,SAAS,CAACU,IAAI,CAACI,GAAN,CAAvB,CADiD,CAGjD;;EACAJ,IAAI,CAACK,QAAL,GAAgBC,SAAhB;EAEAJ,GAAG,CAACK,MAAJ,CAAWN,UAAX,EAAuBO,IAAvB,CAA4B;IAC1BD,MAAM,EAAE,SADkB;IAE1BJ,KAF0B;IAG1BM,OAAO,EAAE,kBAHiB;IAI1BC,MAAM,EAACV,IAAI,CAACT;EAJc,CAA5B;AAMD,CAZD;;eAceQ,e"},"_coverageSchema":"1a1c01bbd47fc00a2c39e90264f33305004495a9","hash":"7a3fe77c2938e25dfa3d121208a4169fbd31adba","contentHash":"d37858d6972e12aca5d357e17f451d028cc91acc8cc3223e220d253e8e75d4d6"},"/Users/andelarwanda/Desktop/project/phantom-be-dream-team/src/models/index.js":{"path":"/Users/andelarwanda/Desktop/project/phantom-be-dream-team/src/models/index.js","statementMap":{"0":{"start":{"line":3,"column":0},"end":{"line":5,"column":3}},"1":{"start":{"line":6,"column":0},"end":{"line":6,"column":25}},"2":{"start":{"line":8,"column":10},"end":{"line":8,"column":23}},"3":{"start":{"line":10,"column":12},"end":{"line":10,"column":27}},"4":{"start":{"line":12,"column":17},"end":{"line":12,"column":62}},"5":{"start":{"line":14,"column":14},"end":{"line":14,"column":65}},"6":{"start":{"line":16,"column":39},"end":{"line":16,"column":93}},"7":{"start":{"line":18,"column":49},"end":{"line":18,"column":96}},"8":{"start":{"line":18,"column":84},"end":{"line":18,"column":96}},"9":{"start":{"line":18,"column":121},"end":{"line":18,"column":134}},"10":{"start":{"line":18,"column":159},"end":{"line":18,"column":172}},"11":{"start":{"line":18,"column":174},"end":{"line":18,"column":309}},"12":{"start":{"line":18,"column":234},"end":{"line":18,"column":292}},"13":{"start":{"line":20,"column":53},"end":{"line":20,"column":111}},"14":{"start":{"line":20,"column":98},"end":{"line":20,"column":109}},"15":{"start":{"line":20,"column":112},"end":{"line":20,"column":214}},"16":{"start":{"line":20,"column":188},"end":{"line":20,"column":212}},"17":{"start":{"line":20,"column":227},"end":{"line":20,"column":264}},"18":{"start":{"line":20,"column":266},"end":{"line":20,"column":321}},"19":{"start":{"line":20,"column":297},"end":{"line":20,"column":319}},"20":{"start":{"line":20,"column":335},"end":{"line":20,"column":337}},"21":{"start":{"line":20,"column":367},"end":{"line":20,"column":423}},"22":{"start":{"line":20,"column":425},"end":{"line":20,"column":726}},"23":{"start":{"line":20,"column":448},"end":{"line":20,"column":724}},"24":{"start":{"line":20,"column":534},"end":{"line":20,"column":606}},"25":{"start":{"line":20,"column":608},"end":{"line":20,"column":722}},"26":{"start":{"line":20,"column":646},"end":{"line":20,"column":687}},"27":{"start":{"line":20,"column":697},"end":{"line":20,"column":720}},"28":{"start":{"line":20,"column":727},"end":{"line":20,"column":748}},"29":{"start":{"line":20,"column":749},"end":{"line":20,"column":787}},"30":{"start":{"line":20,"column":762},"end":{"line":20,"column":785}},"31":{"start":{"line":20,"column":788},"end":{"line":20,"column":802}},"32":{"start":{"line":22,"column":17},"end":{"line":22,"column":48}},"33":{"start":{"line":23,"column":12},"end":{"line":23,"column":42}},"34":{"start":{"line":24,"column":15},"end":{"line":24,"column":35}},"35":{"start":{"line":25,"column":11},"end":{"line":25,"column":13}},"36":{"start":{"line":28,"column":0},"end":{"line":40,"column":1}},"37":{"start":{"line":29,"column":2},"end":{"line":37,"column":5}},"38":{"start":{"line":39,"column":2},"end":{"line":39,"column":96}},"39":{"start":{"line":42,"column":0},"end":{"line":47,"column":3}},"40":{"start":{"line":43,"column":0},"end":{"line":43,"column":72}},"41":{"start":{"line":44,"column":16},"end":{"line":44,"column":90}},"42":{"start":{"line":46,"column":2},"end":{"line":46,"column":25}},"43":{"start":{"line":48,"column":0},"end":{"line":52,"column":3}},"44":{"start":{"line":49,"column":2},"end":{"line":51,"column":3}},"45":{"start":{"line":50,"column":4},"end":{"line":50,"column":32}},"46":{"start":{"line":53,"column":0},"end":{"line":53,"column":25}},"47":{"start":{"line":54,"column":0},"end":{"line":54,"column":34}},"48":{"start":{"line":55,"column":0},"end":{"line":59,"column":3}},"49":{"start":{"line":56,"column":2},"end":{"line":56,"column":53}},"50":{"start":{"line":58,"column":2},"end":{"line":58,"column":66}},"51":{"start":{"line":60,"column":0},"end":{"line":64,"column":3}},"52":{"start":{"line":61,"column":2},"end":{"line":61,"column":30}},"53":{"start":{"line":63,"column":2},"end":{"line":63,"column":43}},"54":{"start":{"line":65,"column":15},"end":{"line":65,"column":17}},"55":{"start":{"line":66,"column":0},"end":{"line":66,"column":27}}},"fnMap":{"0":{"name":"_interopRequireDefault","decl":{"start":{"line":16,"column":9},"end":{"line":16,"column":31}},"loc":{"start":{"line":16,"column":37},"end":{"line":16,"column":95}},"line":16},"1":{"name":"_getRequireWildcardCache","decl":{"start":{"line":18,"column":9},"end":{"line":18,"column":33}},"loc":{"start":{"line":18,"column":47},"end":{"line":18,"column":311}},"line":18},"2":{"name":"(anonymous_2)","decl":{"start":{"line":18,"column":209},"end":{"line":18,"column":210}},"loc":{"start":{"line":18,"column":232},"end":{"line":18,"column":294}},"line":18},"3":{"name":"_interopRequireWildcard","decl":{"start":{"line":20,"column":9},"end":{"line":20,"column":32}},"loc":{"start":{"line":20,"column":51},"end":{"line":20,"column":804}},"line":20},"4":{"name":"(anonymous_4)","decl":{"start":{"line":42,"column":39},"end":{"line":42,"column":40}},"loc":{"start":{"line":43,"column":0},"end":{"line":43,"column":72}},"line":43},"5":{"name":"(anonymous_5)","decl":{"start":{"line":43,"column":82},"end":{"line":43,"column":83}},"loc":{"start":{"line":43,"column":90},"end":{"line":47,"column":1}},"line":43},"6":{"name":"(anonymous_6)","decl":{"start":{"line":48,"column":24},"end":{"line":48,"column":25}},"loc":{"start":{"line":48,"column":37},"end":{"line":52,"column":1}},"line":48},"7":{"name":"(anonymous_7)","decl":{"start":{"line":55,"column":30},"end":{"line":55,"column":31}},"loc":{"start":{"line":55,"column":36},"end":{"line":57,"column":1}},"line":55},"8":{"name":"(anonymous_8)","decl":{"start":{"line":57,"column":9},"end":{"line":57,"column":10}},"loc":{"start":{"line":57,"column":16},"end":{"line":59,"column":1}},"line":57},"9":{"name":"(anonymous_9)","decl":{"start":{"line":60,"column":30},"end":{"line":60,"column":31}},"loc":{"start":{"line":60,"column":36},"end":{"line":62,"column":1}},"line":60},"10":{"name":"(anonymous_10)","decl":{"start":{"line":62,"column":9},"end":{"line":62,"column":10}},"loc":{"start":{"line":62,"column":16},"end":{"line":64,"column":1}},"line":62}},"branchMap":{"0":{"loc":{"start":{"line":16,"column":46},"end":{"line":16,"column":92}},"type":"cond-expr","locations":[{"start":{"line":16,"column":70},"end":{"line":16,"column":73}},{"start":{"line":16,"column":76},"end":{"line":16,"column":92}}],"line":16},"1":{"loc":{"start":{"line":16,"column":46},"end":{"line":16,"column":67}},"type":"binary-expr","locations":[{"start":{"line":16,"column":46},"end":{"line":16,"column":49}},{"start":{"line":16,"column":53},"end":{"line":16,"column":67}}],"line":16},"2":{"loc":{"start":{"line":18,"column":49},"end":{"line":18,"column":96}},"type":"if","locations":[{"start":{"line":18,"column":49},"end":{"line":18,"column":96}},{"start":{"line":18,"column":49},"end":{"line":18,"column":96}}],"line":18},"3":{"loc":{"start":{"line":18,"column":241},"end":{"line":18,"column":291}},"type":"cond-expr","locations":[{"start":{"line":18,"column":255},"end":{"line":18,"column":271}},{"start":{"line":18,"column":274},"end":{"line":18,"column":291}}],"line":18},"4":{"loc":{"start":{"line":20,"column":53},"end":{"line":20,"column":111}},"type":"if","locations":[{"start":{"line":20,"column":53},"end":{"line":20,"column":111}},{"start":{"line":20,"column":53},"end":{"line":20,"column":111}}],"line":20},"5":{"loc":{"start":{"line":20,"column":57},"end":{"line":20,"column":94}},"type":"binary-expr","locations":[{"start":{"line":20,"column":57},"end":{"line":20,"column":69}},{"start":{"line":20,"column":73},"end":{"line":20,"column":76}},{"start":{"line":20,"column":80},"end":{"line":20,"column":94}}],"line":20},"6":{"loc":{"start":{"line":20,"column":112},"end":{"line":20,"column":214}},"type":"if","locations":[{"start":{"line":20,"column":112},"end":{"line":20,"column":214}},{"start":{"line":20,"column":112},"end":{"line":20,"column":214}}],"line":20},"7":{"loc":{"start":{"line":20,"column":116},"end":{"line":20,"column":184}},"type":"binary-expr","locations":[{"start":{"line":20,"column":116},"end":{"line":20,"column":128}},{"start":{"line":20,"column":132},"end":{"line":20,"column":155}},{"start":{"line":20,"column":159},"end":{"line":20,"column":184}}],"line":20},"8":{"loc":{"start":{"line":20,"column":266},"end":{"line":20,"column":321}},"type":"if","locations":[{"start":{"line":20,"column":266},"end":{"line":20,"column":321}},{"start":{"line":20,"column":266},"end":{"line":20,"column":321}}],"line":20},"9":{"loc":{"start":{"line":20,"column":270},"end":{"line":20,"column":293}},"type":"binary-expr","locations":[{"start":{"line":20,"column":270},"end":{"line":20,"column":275}},{"start":{"line":20,"column":279},"end":{"line":20,"column":293}}],"line":20},"10":{"loc":{"start":{"line":20,"column":367},"end":{"line":20,"column":423}},"type":"binary-expr","locations":[{"start":{"line":20,"column":367},"end":{"line":20,"column":388}},{"start":{"line":20,"column":392},"end":{"line":20,"column":423}}],"line":20},"11":{"loc":{"start":{"line":20,"column":448},"end":{"line":20,"column":724}},"type":"if","locations":[{"start":{"line":20,"column":448},"end":{"line":20,"column":724}},{"start":{"line":20,"column":448},"end":{"line":20,"column":724}}],"line":20},"12":{"loc":{"start":{"line":20,"column":452},"end":{"line":20,"column":519}},"type":"binary-expr","locations":[{"start":{"line":20,"column":452},"end":{"line":20,"column":469}},{"start":{"line":20,"column":473},"end":{"line":20,"column":519}}],"line":20},"13":{"loc":{"start":{"line":20,"column":534},"end":{"line":20,"column":606}},"type":"cond-expr","locations":[{"start":{"line":20,"column":558},"end":{"line":20,"column":599}},{"start":{"line":20,"column":602},"end":{"line":20,"column":606}}],"line":20},"14":{"loc":{"start":{"line":20,"column":608},"end":{"line":20,"column":722}},"type":"if","locations":[{"start":{"line":20,"column":608},"end":{"line":20,"column":722}},{"start":{"line":20,"column":608},"end":{"line":20,"column":722}}],"line":20},"15":{"loc":{"start":{"line":20,"column":612},"end":{"line":20,"column":642}},"type":"binary-expr","locations":[{"start":{"line":20,"column":612},"end":{"line":20,"column":616}},{"start":{"line":20,"column":621},"end":{"line":20,"column":629}},{"start":{"line":20,"column":633},"end":{"line":20,"column":641}}],"line":20},"16":{"loc":{"start":{"line":20,"column":749},"end":{"line":20,"column":787}},"type":"if","locations":[{"start":{"line":20,"column":749},"end":{"line":20,"column":787}},{"start":{"line":20,"column":749},"end":{"line":20,"column":787}}],"line":20},"17":{"loc":{"start":{"line":23,"column":12},"end":{"line":23,"column":42}},"type":"binary-expr","locations":[{"start":{"line":23,"column":12},"end":{"line":23,"column":32}},{"start":{"line":23,"column":36},"end":{"line":23,"column":42}}],"line":23},"18":{"loc":{"start":{"line":28,"column":0},"end":{"line":40,"column":1}},"type":"if","locations":[{"start":{"line":28,"column":0},"end":{"line":40,"column":1}},{"start":{"line":28,"column":0},"end":{"line":40,"column":1}}],"line":28},"19":{"loc":{"start":{"line":43,"column":0},"end":{"line":43,"column":72}},"type":"binary-expr","locations":[{"start":{"line":43,"column":0},"end":{"line":43,"column":23}},{"start":{"line":43,"column":27},"end":{"line":43,"column":44}},{"start":{"line":43,"column":48},"end":{"line":43,"column":72}}],"line":43},"20":{"loc":{"start":{"line":49,"column":2},"end":{"line":51,"column":3}},"type":"if","locations":[{"start":{"line":49,"column":2},"end":{"line":51,"column":3}},{"start":{"line":49,"column":2},"end":{"line":51,"column":3}}],"line":49}},"s":{"0":1,"1":1,"2":1,"3":1,"4":1,"5":1,"6":1,"7":1,"8":0,"9":1,"10":1,"11":1,"12":1,"13":1,"14":0,"15":1,"16":0,"17":1,"18":1,"19":0,"20":1,"21":1,"22":1,"23":147,"24":146,"25":146,"26":1,"27":145,"28":1,"29":1,"30":1,"31":1,"32":1,"33":1,"34":1,"35":1,"36":1,"37":1,"38":0,"39":1,"40":5,"41":4,"42":4,"43":1,"44":4,"45":4,"46":1,"47":1,"48":1,"49":0,"50":0,"51":1,"52":0,"53":0,"54":1,"55":1},"f":{"0":1,"1":1,"2":1,"3":1,"4":5,"5":4,"6":4,"7":0,"8":0,"9":0,"10":0},"b":{"0":[0,1],"1":[1,1],"2":[0,1],"3":[0,1],"4":[0,1],"5":[1,1,1],"6":[0,1],"7":[1,1,1],"8":[0,1],"9":[1,1],"10":[1,1],"11":[146,1],"12":[147,146],"13":[146,0],"14":[1,145],"15":[146,146,145],"16":[1,0],"17":[1,0],"18":[1,0],"19":[5,5,4],"20":[4,0]},"inputSourceMap":{"version":3,"names":["basename","_basename","__filename","env","process","NODE_ENV","config","prop","db","sequelize","url","Sequelize","dialect","dialectOptions","ssl","require","rejectUnauthorized","database","username","password","readdirSync","__dirname","filter","file","indexOf","slice","forEach","model","join","DataTypes","name","Object","keys","modelName","associate","authenticate","then","console","log","catch","err","error"],"sourceRoot":"/Users/andelarwanda/Desktop/project/phantom-be-dream-team/src/models/","sources":["index.js"],"sourcesContent":["import {readdirSync} from 'fs';\nimport {basename as _basename, join} from 'path';\nimport Sequelize, {DataTypes} from 'sequelize';\nimport prop from '../config/config';\n\nconst basename = _basename(__filename);\nconst env = process.env.NODE_ENV || 'test';\nconst config = prop[env];\nconst db = {};\n\nlet sequelize;\nif (config.url) {\n  sequelize = new Sequelize(config.url, {\n    dialect: 'postgres',\n    dialectOptions: {\n        ssl: {\n            require: true,\n            rejectUnauthorized: false\n        }\n     },\n  });\n} else {\n  sequelize = new Sequelize(\n      config.database,\n      config.username,\n      config.password,\n      config,\n  );\n}\n\nreaddirSync(__dirname)\n    .filter(\n        (file) =>\n          // eslint-disable-next-line max-len\n          file.indexOf('.') !== 0 && file !== basename && file.slice(-3) === '.js',\n    )\n    .forEach((file) => {\n      const model = require(join(__dirname, file))(sequelize, DataTypes);\n      db[model.name] = model;\n    });\n\nObject.keys(db).forEach((modelName) => {\n  if (db[modelName].associate) {\n    db[modelName].associate(db);\n  }\n});\n\ndb.sequelize = sequelize;\ndb.Sequelize = Sequelize;\nsequelize\n    .authenticate()\n    .then(() => {\n      console.log('Connected! Database Status : ON 🔥.');\n    })\n    .catch((err) => {\n      console.error('Failed to connect! Database Status : OFF:', err);\n    });\n\nsequelize\n.authenticate()  \n.then(() => {    console.log('DB connected') })  \n.catch((err) => {    console.error('Failed to connect!', err);  });\n\nexport default db;\n"],"mappings":";;;;;;;AAAA;;AACA;;AACA;;AACA;;;;;;;;AAEA,MAAMA,QAAQ,GAAG,IAAAC,cAAA,EAAUC,UAAV,CAAjB;AACA,MAAMC,GAAG,GAAGC,OAAO,CAACD,GAAR,CAAYE,QAAZ,IAAwB,MAApC;AACA,MAAMC,MAAM,GAAGC,eAAA,CAAKJ,GAAL,CAAf;AACA,MAAMK,EAAE,GAAG,EAAX;AAEA,IAAIC,SAAJ;;AACA,IAAIH,MAAM,CAACI,GAAX,EAAgB;EACdD,SAAS,GAAG,IAAIE,kBAAJ,CAAcL,MAAM,CAACI,GAArB,EAA0B;IACpCE,OAAO,EAAE,UAD2B;IAEpCC,cAAc,EAAE;MACZC,GAAG,EAAE;QACDC,OAAO,EAAE,IADR;QAEDC,kBAAkB,EAAE;MAFnB;IADO;EAFoB,CAA1B,CAAZ;AASD,CAVD,MAUO;EACLP,SAAS,GAAG,IAAIE,kBAAJ,CACRL,MAAM,CAACW,QADC,EAERX,MAAM,CAACY,QAFC,EAGRZ,MAAM,CAACa,QAHC,EAIRb,MAJQ,CAAZ;AAMD;;AAED,IAAAc,eAAA,EAAYC,SAAZ,EACKC,MADL,CAESC,IAAD,IACE;AACAA,IAAI,CAACC,OAAL,CAAa,GAAb,MAAsB,CAAtB,IAA2BD,IAAI,KAAKvB,QAApC,IAAgDuB,IAAI,CAACE,KAAL,CAAW,CAAC,CAAZ,MAAmB,KAJ7E,EAMKC,OANL,CAMcH,IAAD,IAAU;EACjB,MAAMI,KAAK,GAAGZ,OAAO,CAAC,IAAAa,UAAA,EAAKP,SAAL,EAAgBE,IAAhB,CAAD,CAAP,CAA+Bd,SAA/B,EAA0CoB,oBAA1C,CAAd;;EACArB,EAAE,CAACmB,KAAK,CAACG,IAAP,CAAF,GAAiBH,KAAjB;AACD,CATL;AAWAI,MAAM,CAACC,IAAP,CAAYxB,EAAZ,EAAgBkB,OAAhB,CAAyBO,SAAD,IAAe;EACrC,IAAIzB,EAAE,CAACyB,SAAD,CAAF,CAAcC,SAAlB,EAA6B;IAC3B1B,EAAE,CAACyB,SAAD,CAAF,CAAcC,SAAd,CAAwB1B,EAAxB;EACD;AACF,CAJD;AAMAA,EAAE,CAACC,SAAH,GAAeA,SAAf;AACAD,EAAE,CAACG,SAAH,GAAeA,kBAAf;AACAF,SAAS,CACJ0B,YADL,GAEKC,IAFL,CAEU,MAAM;EACVC,OAAO,CAACC,GAAR,CAAY,qCAAZ;AACD,CAJL,EAKKC,KALL,CAKYC,GAAD,IAAS;EACdH,OAAO,CAACI,KAAR,CAAc,2CAAd,EAA2DD,GAA3D;AACD,CAPL;AASA/B,SAAS,CACR0B,YADD,GAECC,IAFD,CAEM,MAAM;EAAKC,OAAO,CAACC,GAAR,CAAY,cAAZ;AAA6B,CAF9C,EAGCC,KAHD,CAGQC,GAAD,IAAS;EAAKH,OAAO,CAACI,KAAR,CAAc,oBAAd,EAAoCD,GAApC;AAA4C,CAHjE;eAKehC,E"},"_coverageSchema":"1a1c01bbd47fc00a2c39e90264f33305004495a9","hash":"16ab160dd944583e6236bc90236754cd4d99d70d","contentHash":"7e340710a47c5f17908ab787d755fe8b3dce536847b1c7cf1156c4983fe1ac0b"},"/Users/andelarwanda/Desktop/project/phantom-be-dream-team/src/config/config.js":{"path":"/Users/andelarwanda/Desktop/project/phantom-be-dream-team/src/config/config.js","statementMap":{"0":{"start":{"line":3,"column":14},"end":{"line":3,"column":55}},"1":{"start":{"line":5,"column":39},"end":{"line":5,"column":93}},"2":{"start":{"line":7,"column":0},"end":{"line":7,"column":25}},"3":{"start":{"line":9,"column":0},"end":{"line":28,"column":2}}},"fnMap":{"0":{"name":"_interopRequireDefault","decl":{"start":{"line":5,"column":9},"end":{"line":5,"column":31}},"loc":{"start":{"line":5,"column":37},"end":{"line":5,"column":95}},"line":5}},"branchMap":{"0":{"loc":{"start":{"line":5,"column":46},"end":{"line":5,"column":92}},"type":"cond-expr","locations":[{"start":{"line":5,"column":70},"end":{"line":5,"column":73}},{"start":{"line":5,"column":76},"end":{"line":5,"column":92}}],"line":5},"1":{"loc":{"start":{"line":5,"column":46},"end":{"line":5,"column":67}},"type":"binary-expr","locations":[{"start":{"line":5,"column":46},"end":{"line":5,"column":49}},{"start":{"line":5,"column":53},"end":{"line":5,"column":67}}],"line":5}},"s":{"0":1,"1":1,"2":1,"3":1},"f":{"0":1},"b":{"0":[0,1],"1":[1,1]},"inputSourceMap":{"version":3,"names":["dotenv","config","module","exports","development","JWT_SECRET","process","env","url","DB_DEVELOPMENT_URL","dialect","port","PORT","test","DB_TESTING_URL","production","DB_PRODUCTION_URL"],"sourceRoot":"/Users/andelarwanda/Desktop/project/phantom-be-dream-team/src/config/","sources":["config.js"],"sourcesContent":["import dotenv from 'dotenv';\n\ndotenv.config();\n\nmodule.exports = {\n  development: {\n    JWT_SECRET: process.env.JWT_SECRET,\n    url: process.env.DB_DEVELOPMENT_URL,\n    dialect: 'postgres',\n    port: process.env.PORT,\n  },\n  test: {\n    JWT_SECRET: process.env.JWT_SECRET,\n    url: process.env.DB_TESTING_URL,\n    dialect: 'postgres',\n    port: process.env.PORT,\n  },\n  production: {\n    JWT_SECRET: process.env.JWT_SECRET,\n    url: process.env.DB_PRODUCTION_URL,\n    dialect: 'postgres',\n    port: process.env.PORT,\n  },\n};\n"],"mappings":";;AAAA;;;;AAEAA,eAAA,CAAOC,MAAP;;AAEAC,MAAM,CAACC,OAAP,GAAiB;EACfC,WAAW,EAAE;IACXC,UAAU,EAAEC,OAAO,CAACC,GAAR,CAAYF,UADb;IAEXG,GAAG,EAAEF,OAAO,CAACC,GAAR,CAAYE,kBAFN;IAGXC,OAAO,EAAE,UAHE;IAIXC,IAAI,EAAEL,OAAO,CAACC,GAAR,CAAYK;EAJP,CADE;EAOfC,IAAI,EAAE;IACJR,UAAU,EAAEC,OAAO,CAACC,GAAR,CAAYF,UADpB;IAEJG,GAAG,EAAEF,OAAO,CAACC,GAAR,CAAYO,cAFb;IAGJJ,OAAO,EAAE,UAHL;IAIJC,IAAI,EAAEL,OAAO,CAACC,GAAR,CAAYK;EAJd,CAPS;EAafG,UAAU,EAAE;IACVV,UAAU,EAAEC,OAAO,CAACC,GAAR,CAAYF,UADd;IAEVG,GAAG,EAAEF,OAAO,CAACC,GAAR,CAAYS,iBAFP;IAGVN,OAAO,EAAE,UAHC;IAIVC,IAAI,EAAEL,OAAO,CAACC,GAAR,CAAYK;EAJR;AAbG,CAAjB"},"_coverageSchema":"1a1c01bbd47fc00a2c39e90264f33305004495a9","hash":"4fa21e405e6de3ca76426876ed00a62eb5471b64","contentHash":"a8ada8b718694b05bc975a5409282dfc034374450776111a9bab2af4b6036942"},"/Users/andelarwanda/Desktop/project/phantom-be-dream-team/src/models/bus.js":{"path":"/Users/andelarwanda/Desktop/project/phantom-be-dream-team/src/models/bus.js","statementMap":{"0":{"start":{"line":5,"column":4},"end":{"line":5,"column":24}},"1":{"start":{"line":7,"column":0},"end":{"line":56,"column":2}},"2":{"start":{"line":19,"column":2},"end":{"line":54,"column":5}},"3":{"start":{"line":55,"column":2},"end":{"line":55,"column":13}}},"fnMap":{"0":{"name":"(anonymous_0)","decl":{"start":{"line":7,"column":17},"end":{"line":7,"column":18}},"loc":{"start":{"line":7,"column":43},"end":{"line":56,"column":1}},"line":7},"1":{"name":"(anonymous_1)","decl":{"start":{"line":14,"column":4},"end":{"line":14,"column":5}},"loc":{"start":{"line":14,"column":29},"end":{"line":15,"column":5}},"line":14}},"branchMap":{},"s":{"0":1,"1":1,"2":1,"3":1},"f":{"0":1,"1":1},"b":{},"inputSourceMap":{"version":3,"names":["Model","require","module","exports","sequelize","DataTypes","Bus","associate","models","init","plate","type","STRING","validate","notEmpty","is","args","msg","unique","busType","seat","INTEGER","modelName"],"sourceRoot":"/Users/andelarwanda/Desktop/project/phantom-be-dream-team/src/models/","sources":["bus.js"],"sourcesContent":["'use strict'\nconst { Model } = require('sequelize')\nmodule.exports = (sequelize, DataTypes) => {\n  class Bus extends Model {\n    /**\n     * Helper method for defining associations.\n     * This method is not a part of Sequelize lifecycle.\n     * The `models/index` file will call this method automatically.\n     */\n    static associate (models) {\n      // define association here\n\n    }\n  }\n  Bus.init(\n    {\n      plate: {\n        type: DataTypes.STRING,\n        validate: {\n          notEmpty: {\n            is: /^[R]*[A-Z]{2}[\\w ][0-9]{3}[\\w ][A-Z]{1}$/i,\n            args: false,\n            msg: 'Valid Plate number required'\n          }\n        },\n        unique: { msg: 'plate number already in use!' }\n      },\n      busType: {\n        type: DataTypes.STRING,\n        validate: {\n          notEmpty: {\n            args: true,\n            msg: 'bus type required'\n          }\n        }\n      },\n      seat: {\n        type: DataTypes.INTEGER,\n        validate: {\n          notEmpty: {\n            args: true,\n            msg: 'Bus seat required'\n          }\n        }\n      },\n   \n    }, {\n      sequelize,\n      modelName: 'Bus'\n    })\n  return Bus\n}\n"],"mappings":"AAAA;;AACA,MAAM;EAAEA;AAAF,IAAYC,OAAO,CAAC,WAAD,CAAzB;;AACAC,MAAM,CAACC,OAAP,GAAiB,CAACC,SAAD,EAAYC,SAAZ,KAA0B;EACzC,MAAMC,GAAN,SAAkBN,KAAlB,CAAwB;IACtB;AACJ;AACA;AACA;AACA;IACoB,OAATO,SAAS,CAAEC,MAAF,EAAU,CACxB;IAED;;EATqB;;EAWxBF,GAAG,CAACG,IAAJ,CACE;IACEC,KAAK,EAAE;MACLC,IAAI,EAAEN,SAAS,CAACO,MADX;MAELC,QAAQ,EAAE;QACRC,QAAQ,EAAE;UACRC,EAAE,EAAE,2CADI;UAERC,IAAI,EAAE,KAFE;UAGRC,GAAG,EAAE;QAHG;MADF,CAFL;MASLC,MAAM,EAAE;QAAED,GAAG,EAAE;MAAP;IATH,CADT;IAYEE,OAAO,EAAE;MACPR,IAAI,EAAEN,SAAS,CAACO,MADT;MAEPC,QAAQ,EAAE;QACRC,QAAQ,EAAE;UACRE,IAAI,EAAE,IADE;UAERC,GAAG,EAAE;QAFG;MADF;IAFH,CAZX;IAqBEG,IAAI,EAAE;MACJT,IAAI,EAAEN,SAAS,CAACgB,OADZ;MAEJR,QAAQ,EAAE;QACRC,QAAQ,EAAE;UACRE,IAAI,EAAE,IADE;UAERC,GAAG,EAAE;QAFG;MADF;IAFN;EArBR,CADF,EAgCK;IACDb,SADC;IAEDkB,SAAS,EAAE;EAFV,CAhCL;EAoCA,OAAOhB,GAAP;AACD,CAjDD"},"_coverageSchema":"1a1c01bbd47fc00a2c39e90264f33305004495a9","hash":"f7a4b792e5002eb8ee3a03286eec09b70ef64c2e","contentHash":"52c48e78c752a138085f7ac45352a7fc6d63ddeebf67ee107f1a175b0f5f3fc4"},"/Users/andelarwanda/Desktop/project/phantom-be-dream-team/src/models/busInroad.js":{"path":"/Users/andelarwanda/Desktop/project/phantom-be-dream-team/src/models/busInroad.js","statementMap":{"0":{"start":{"line":3,"column":17},"end":{"line":3,"column":37}},"1":{"start":{"line":5,"column":0},"end":{"line":51,"column":2}},"2":{"start":{"line":18,"column":2},"end":{"line":49,"column":5}},"3":{"start":{"line":50,"column":2},"end":{"line":50,"column":19}}},"fnMap":{"0":{"name":"(anonymous_0)","decl":{"start":{"line":5,"column":17},"end":{"line":5,"column":18}},"loc":{"start":{"line":5,"column":43},"end":{"line":51,"column":1}},"line":5},"1":{"name":"(anonymous_1)","decl":{"start":{"line":13,"column":4},"end":{"line":13,"column":5}},"loc":{"start":{"line":13,"column":23},"end":{"line":14,"column":5}},"line":13}},"branchMap":{},"s":{"0":1,"1":1,"2":1,"3":1},"f":{"0":1,"1":1},"b":{},"inputSourceMap":{"version":3,"names":["module","exports","sequelize","DataTypes","busInRoad","Model","associate","init","bus_Id","type","STRING","allowNull","time_Start","speed","INTEGER","driver_Email","validate","isEmail","lowercase","passangers","current_Loc","route_Id","modelName"],"sourceRoot":"/Users/andelarwanda/Desktop/project/phantom-be-dream-team/src/models/","sources":["busInroad.js"],"sourcesContent":["import {Model} from 'sequelize';\n\nmodule.exports = (sequelize, DataTypes) => {\n  // eslint-disable-next-line require-jsdoc\n  class busInRoad extends Model {\n    /**\n     * Helper method for defining associations.\n     * This method is not a part of Sequelize lifecycle.\n     * The `models/index` file will call this method automatically.\n     */\n    static associate() {\n      // define association here\n    }\n  }\n  busInRoad.init(\n      {\n        bus_Id: {type: DataTypes.STRING, allowNull: false},\n        time_Start: {type: DataTypes.STRING, allowNull: false},\n        speed: {type: DataTypes.INTEGER},\n        driver_Email: {\n          type: DataTypes.STRING,\n          validate: {isEmail: true},\n          lowercase: true,\n        },\n        passangers: {\n          type: DataTypes.INTEGER},\n        current_Loc: {\n          type: DataTypes.STRING,\n        },\n        route_Id:{type:DataTypes.STRING}\n\n      },\n      {\n        sequelize,\n        modelName: 'busInRoad',\n      },\n  );\n\n  return busInRoad;\n};"],"mappings":";;AAAA;;AAEAA,MAAM,CAACC,OAAP,GAAiB,CAACC,SAAD,EAAYC,SAAZ,KAA0B;EACzC;EACA,MAAMC,SAAN,SAAwBC,gBAAxB,CAA8B;IAC5B;AACJ;AACA;AACA;AACA;IACoB,OAATC,SAAS,GAAG,CACjB;IACD;;EAR2B;;EAU9BF,SAAS,CAACG,IAAV,CACI;IACEC,MAAM,EAAE;MAACC,IAAI,EAAEN,SAAS,CAACO,MAAjB;MAAyBC,SAAS,EAAE;IAApC,CADV;IAEEC,UAAU,EAAE;MAACH,IAAI,EAAEN,SAAS,CAACO,MAAjB;MAAyBC,SAAS,EAAE;IAApC,CAFd;IAGEE,KAAK,EAAE;MAACJ,IAAI,EAAEN,SAAS,CAACW;IAAjB,CAHT;IAIEC,YAAY,EAAE;MACZN,IAAI,EAAEN,SAAS,CAACO,MADJ;MAEZM,QAAQ,EAAE;QAACC,OAAO,EAAE;MAAV,CAFE;MAGZC,SAAS,EAAE;IAHC,CAJhB;IASEC,UAAU,EAAE;MACVV,IAAI,EAAEN,SAAS,CAACW;IADN,CATd;IAWEM,WAAW,EAAE;MACXX,IAAI,EAAEN,SAAS,CAACO;IADL,CAXf;IAcEW,QAAQ,EAAC;MAACZ,IAAI,EAACN,SAAS,CAACO;IAAhB;EAdX,CADJ,EAkBI;IACER,SADF;IAEEoB,SAAS,EAAE;EAFb,CAlBJ;EAwBA,OAAOlB,SAAP;AACD,CArCD"},"_coverageSchema":"1a1c01bbd47fc00a2c39e90264f33305004495a9","hash":"e180ae17a5f5ea69f41b89bb1f4dd1f6bf3146b4","contentHash":"1ddec41a768e6568a7221d639a4979259c0543a51d946e7c25511f767fd1bb33"},"/Users/andelarwanda/Desktop/project/phantom-be-dream-team/src/models/routes.js":{"path":"/Users/andelarwanda/Desktop/project/phantom-be-dream-team/src/models/routes.js","statementMap":{"0":{"start":{"line":3,"column":24},"end":{"line":3,"column":76}},"1":{"start":{"line":5,"column":39},"end":{"line":5,"column":93}},"2":{"start":{"line":9,"column":4},"end":{"line":9,"column":24}},"3":{"start":{"line":11,"column":0},"end":{"line":52,"column":2}},"4":{"start":{"line":24,"column":2},"end":{"line":38,"column":5}},"5":{"start":{"line":39,"column":2},"end":{"line":39,"column":31}},"6":{"start":{"line":41,"column":2},"end":{"line":49,"column":5}},"7":{"start":{"line":51,"column":2},"end":{"line":51,"column":16}}},"fnMap":{"0":{"name":"_interopRequireDefault","decl":{"start":{"line":5,"column":9},"end":{"line":5,"column":31}},"loc":{"start":{"line":5,"column":37},"end":{"line":5,"column":95}},"line":5},"1":{"name":"(anonymous_1)","decl":{"start":{"line":11,"column":17},"end":{"line":11,"column":18}},"loc":{"start":{"line":11,"column":43},"end":{"line":52,"column":1}},"line":11},"2":{"name":"(anonymous_2)","decl":{"start":{"line":19,"column":4},"end":{"line":19,"column":5}},"loc":{"start":{"line":19,"column":23},"end":{"line":20,"column":5}},"line":19}},"branchMap":{"0":{"loc":{"start":{"line":5,"column":46},"end":{"line":5,"column":92}},"type":"cond-expr","locations":[{"start":{"line":5,"column":70},"end":{"line":5,"column":73}},{"start":{"line":5,"column":76},"end":{"line":5,"column":92}}],"line":5},"1":{"loc":{"start":{"line":5,"column":46},"end":{"line":5,"column":67}},"type":"binary-expr","locations":[{"start":{"line":5,"column":46},"end":{"line":5,"column":49}},{"start":{"line":5,"column":53},"end":{"line":5,"column":67}}],"line":5}},"s":{"0":1,"1":1,"2":1,"3":1,"4":1,"5":1,"6":1,"7":1},"f":{"0":1,"1":1,"2":1},"b":{"0":[0,1],"1":[1,1]},"inputSourceMap":{"version":3,"names":["Model","require","module","exports","sequelize","DataTypes","routes","associate","init","routeId","type","UUID","defaultValue","UUIDV4","origin","STRING","destination","code","distance","routeSlug","coordinates","ARRAY","DECIMAL","modelName","removeAttribute","SequelizeSlugify","slugifyModel","source","suffixSource","incrementalSeparator","overwrite","bulkUpdate","column"],"sourceRoot":"/Users/andelarwanda/Desktop/project/phantom-be-dream-team/src/models/","sources":["routes.js"],"sourcesContent":["'use strict';\nimport SequelizeSlugify from 'sequelize-slugify';\nconst {Model} = require('sequelize');\nmodule.exports = (sequelize, DataTypes) => {\n  // eslint-disable-next-line require-jsdoc\n  class routes extends Model {\n    /**\n     * Helper method for defining associations.\n     * This method is not a part of Sequelize lifecycle.\n     * The `models/index` file will call this method automatically.\n     */\n    static associate() {\n      // define association here\n\n    }\n  }\n  routes.init(\n      {\n        routeId: {\n          type: DataTypes.UUID,\n          defaultValue: DataTypes.UUIDV4,\n        },\n\n        origin: DataTypes.STRING,\n        destination: DataTypes.STRING,\n        code: DataTypes.STRING,\n        distance: DataTypes.STRING,\n        routeSlug: DataTypes.STRING,\n        coordinates: DataTypes.ARRAY(DataTypes.DECIMAL),\n      },\n      {\n        sequelize,\n        modelName: 'routes',\n      },\n  );\n  routes.removeAttribute('id');\n\n  SequelizeSlugify.slugifyModel(routes, {\n    source: ['origin'],\n    suffixSource: ['code'],\n    incrementalSeparator: '-',\n    overwrite: true,\n    bulkUpdate: true,\n    suffixSource: ['destination'],\n    column: 'routeSlug',\n  });\n  return routes;\n};\n"],"mappings":"AAAA;;AACA;;;;AACA,MAAM;EAACA;AAAD,IAAUC,OAAO,CAAC,WAAD,CAAvB;;AACAC,MAAM,CAACC,OAAP,GAAiB,CAACC,SAAD,EAAYC,SAAZ,KAA0B;EACzC;EACA,MAAMC,MAAN,SAAqBN,KAArB,CAA2B;IACzB;AACJ;AACA;AACA;AACA;IACoB,OAATO,SAAS,GAAG,CACjB;IAED;;EATwB;;EAW3BD,MAAM,CAACE,IAAP,CACI;IACEC,OAAO,EAAE;MACPC,IAAI,EAAEL,SAAS,CAACM,IADT;MAEPC,YAAY,EAAEP,SAAS,CAACQ;IAFjB,CADX;IAMEC,MAAM,EAAET,SAAS,CAACU,MANpB;IAOEC,WAAW,EAAEX,SAAS,CAACU,MAPzB;IAQEE,IAAI,EAAEZ,SAAS,CAACU,MARlB;IASEG,QAAQ,EAAEb,SAAS,CAACU,MATtB;IAUEI,SAAS,EAAEd,SAAS,CAACU,MAVvB;IAWEK,WAAW,EAAEf,SAAS,CAACgB,KAAV,CAAgBhB,SAAS,CAACiB,OAA1B;EAXf,CADJ,EAcI;IACElB,SADF;IAEEmB,SAAS,EAAE;EAFb,CAdJ;EAmBAjB,MAAM,CAACkB,eAAP,CAAuB,IAAvB;;EAEAC,yBAAA,CAAiBC,YAAjB,CAA8BpB,MAA9B,EAAsC;IACpCqB,MAAM,EAAE,CAAC,QAAD,CAD4B;IAEpCC,YAAY,EAAE,CAAC,MAAD,CAFsB;IAGpCC,oBAAoB,EAAE,GAHc;IAIpCC,SAAS,EAAE,IAJyB;IAKpCC,UAAU,EAAE,IALwB;IAMpCH,YAAY,EAAE,CAAC,aAAD,CANsB;IAOpCI,MAAM,EAAE;EAP4B,CAAtC;;EASA,OAAO1B,MAAP;AACD,CA5CD"},"_coverageSchema":"1a1c01bbd47fc00a2c39e90264f33305004495a9","hash":"7f4239ab35abf38c87bf47f99040dbb195a70b91","contentHash":"e8725640c42a9be3569dcf17668657d04fadc6f87c6428e8d36bddf9bbabad0c"},"/Users/andelarwanda/Desktop/project/phantom-be-dream-team/src/models/user.js":{"path":"/Users/andelarwanda/Desktop/project/phantom-be-dream-team/src/models/user.js","statementMap":{"0":{"start":{"line":3,"column":17},"end":{"line":3,"column":37}},"1":{"start":{"line":5,"column":0},"end":{"line":52,"column":2}},"2":{"start":{"line":18,"column":2},"end":{"line":50,"column":5}},"3":{"start":{"line":51,"column":2},"end":{"line":51,"column":14}}},"fnMap":{"0":{"name":"(anonymous_0)","decl":{"start":{"line":5,"column":17},"end":{"line":5,"column":18}},"loc":{"start":{"line":5,"column":43},"end":{"line":52,"column":1}},"line":5},"1":{"name":"(anonymous_1)","decl":{"start":{"line":13,"column":4},"end":{"line":13,"column":5}},"loc":{"start":{"line":13,"column":23},"end":{"line":14,"column":5}},"line":13}},"branchMap":{},"s":{"0":1,"1":1,"2":1,"3":1},"f":{"0":1,"1":1},"b":{},"inputSourceMap":{"version":3,"names":["module","exports","sequelize","DataTypes","User","Model","associate","init","names","type","STRING","allowNull","phone","email","unique","validate","isEmail","lowercase","role","password","min","modelName"],"sourceRoot":"/Users/andelarwanda/Desktop/project/phantom-be-dream-team/src/models/","sources":["user.js"],"sourcesContent":["import {Model} from 'sequelize';\n\nmodule.exports = (sequelize, DataTypes) => {\n  // eslint-disable-next-line require-jsdoc\n  class User extends Model {\n    /**\n     * Helper method for defining associations.\n     * This method is not a part of Sequelize lifecycle.\n     * The `models/index` file will call this method automatically.\n     */\n    static associate() {\n      // define association here\n    }\n  }\n  User.init(\n      {\n        names: {type: DataTypes.STRING, allowNull: false},\n        phone: {type: DataTypes.STRING, allowNull: false},\n        email: {\n          type: DataTypes.STRING,\n          allowNull: false,\n          unique: true,\n          validate: {isEmail: true},\n          lowercase: true,\n        },\n        role: {\n          type: DataTypes.STRING, allowNull: false},\n        password: {\n          type: DataTypes.STRING,\n          allowNull: false,\n          validate: {min: 4},\n        },\n      },\n      {\n        sequelize,\n        modelName: 'User',\n      },\n  );\n\n  return User;\n};"],"mappings":";;AAAA;;AAEAA,MAAM,CAACC,OAAP,GAAiB,CAACC,SAAD,EAAYC,SAAZ,KAA0B;EACzC;EACA,MAAMC,IAAN,SAAmBC,gBAAnB,CAAyB;IACvB;AACJ;AACA;AACA;AACA;IACoB,OAATC,SAAS,GAAG,CACjB;IACD;;EARsB;;EAUzBF,IAAI,CAACG,IAAL,CACI;IACEC,KAAK,EAAE;MAACC,IAAI,EAAEN,SAAS,CAACO,MAAjB;MAAyBC,SAAS,EAAE;IAApC,CADT;IAEEC,KAAK,EAAE;MAACH,IAAI,EAAEN,SAAS,CAACO,MAAjB;MAAyBC,SAAS,EAAE;IAApC,CAFT;IAGEE,KAAK,EAAE;MACLJ,IAAI,EAAEN,SAAS,CAACO,MADX;MAELC,SAAS,EAAE,KAFN;MAGLG,MAAM,EAAE,IAHH;MAILC,QAAQ,EAAE;QAACC,OAAO,EAAE;MAAV,CAJL;MAKLC,SAAS,EAAE;IALN,CAHT;IAUEC,IAAI,EAAE;MACJT,IAAI,EAAEN,SAAS,CAACO,MADZ;MACoBC,SAAS,EAAE;IAD/B,CAVR;IAYEQ,QAAQ,EAAE;MACRV,IAAI,EAAEN,SAAS,CAACO,MADR;MAERC,SAAS,EAAE,KAFH;MAGRI,QAAQ,EAAE;QAACK,GAAG,EAAE;MAAN;IAHF;EAZZ,CADJ,EAmBI;IACElB,SADF;IAEEmB,SAAS,EAAE;EAFb,CAnBJ;EAyBA,OAAOjB,IAAP;AACD,CAtCD"},"_coverageSchema":"1a1c01bbd47fc00a2c39e90264f33305004495a9","hash":"9c7d0f5ab057ecaaa9c926325bf97d5bd74c252c","contentHash":"9a1b284369ef491f443dd0a16acc30d3be2adbc8a14405c22c7c2b0a3aa12d99"},"/Users/andelarwanda/Desktop/project/phantom-be-dream-team/src/middleware/check.js":{"path":"/Users/andelarwanda/Desktop/project/phantom-be-dream-team/src/middleware/check.js","statementMap":{"0":{"start":{"line":3,"column":0},"end":{"line":5,"column":3}},"1":{"start":{"line":6,"column":0},"end":{"line":6,"column":28}},"2":{"start":{"line":8,"column":11},"end":{"line":8,"column":27}},"3":{"start":{"line":10,"column":19},"end":{"line":28,"column":1}},"4":{"start":{"line":11,"column":22},"end":{"line":11,"column":47}},"5":{"start":{"line":13,"column":2},"end":{"line":22,"column":3}},"6":{"start":{"line":14,"column":18},"end":{"line":14,"column":43}},"7":{"start":{"line":15,"column":20},"end":{"line":15,"column":48}},"8":{"start":{"line":16,"column":4},"end":{"line":16,"column":31}},"9":{"start":{"line":16,"column":17},"end":{"line":16,"column":31}},"10":{"start":{"line":18,"column":4},"end":{"line":21,"column":7}},"11":{"start":{"line":24,"column":2},"end":{"line":27,"column":5}},"12":{"start":{"line":30,"column":0},"end":{"line":30,"column":32}}},"fnMap":{"0":{"name":"(anonymous_0)","decl":{"start":{"line":10,"column":19},"end":{"line":10,"column":20}},"loc":{"start":{"line":10,"column":39},"end":{"line":28,"column":1}},"line":10}},"branchMap":{"0":{"loc":{"start":{"line":13,"column":2},"end":{"line":22,"column":3}},"type":"if","locations":[{"start":{"line":13,"column":2},"end":{"line":22,"column":3}},{"start":{"line":13,"column":2},"end":{"line":22,"column":3}}],"line":13},"1":{"loc":{"start":{"line":16,"column":4},"end":{"line":16,"column":31}},"type":"if","locations":[{"start":{"line":16,"column":4},"end":{"line":16,"column":31}},{"start":{"line":16,"column":4},"end":{"line":16,"column":31}}],"line":16}},"s":{"0":1,"1":1,"2":1,"3":1,"4":5,"5":5,"6":4,"7":4,"8":4,"9":0,"10":4,"11":1,"12":1},"f":{"0":5},"b":{"0":[4,1],"1":[0,4]},"inputSourceMap":{"version":3,"names":["checkAdmin","req","res","next","bearerToken","headers","authorization","token","split","payload","decodeToken","status","json","message"],"sourceRoot":"/Users/andelarwanda/Desktop/project/phantom-be-dream-team/src/middleware/","sources":["check.js"],"sourcesContent":["import {decodeToken} from './jwt';\n\nexport const checkAdmin = (req, res, next) => {\n  const bearerToken = req.headers.authorization;\n  if (bearerToken) {\n    const token = bearerToken.split(' ')[1];\n    const payload = decodeToken(token);\n    if (payload) return next();\n    // eslint-disable-next-line max-len\n    return res.status(401).json({status: 'fail', message: 'you are not allowed to access this service'});\n  }\n  return res\n      .status(401)\n      .json({status: 'fail', message: 'Not Authorized , please login'});\n};\n"],"mappings":";;;;;;;AAAA;;AAEO,MAAMA,UAAU,GAAG,CAACC,GAAD,EAAMC,GAAN,EAAWC,IAAX,KAAoB;EAC5C,MAAMC,WAAW,GAAGH,GAAG,CAACI,OAAJ,CAAYC,aAAhC;;EACA,IAAIF,WAAJ,EAAiB;IACf,MAAMG,KAAK,GAAGH,WAAW,CAACI,KAAZ,CAAkB,GAAlB,EAAuB,CAAvB,CAAd;IACA,MAAMC,OAAO,GAAG,IAAAC,gBAAA,EAAYH,KAAZ,CAAhB;IACA,IAAIE,OAAJ,EAAa,OAAON,IAAI,EAAX,CAHE,CAIf;;IACA,OAAOD,GAAG,CAACS,MAAJ,CAAW,GAAX,EAAgBC,IAAhB,CAAqB;MAACD,MAAM,EAAE,MAAT;MAAiBE,OAAO,EAAE;IAA1B,CAArB,CAAP;EACD;;EACD,OAAOX,GAAG,CACLS,MADE,CACK,GADL,EAEFC,IAFE,CAEG;IAACD,MAAM,EAAE,MAAT;IAAiBE,OAAO,EAAE;EAA1B,CAFH,CAAP;AAGD,CAZM"},"_coverageSchema":"1a1c01bbd47fc00a2c39e90264f33305004495a9","hash":"f36948e7d58b27160b2a51e2f3b8165c4f956f98","contentHash":"7124d4a825de790991d3700cb2a11956c2f6aa72b6c54747ce1abbd252ca53e1"},"/Users/andelarwanda/Desktop/project/phantom-be-dream-team/src/middleware/jwt.js":{"path":"/Users/andelarwanda/Desktop/project/phantom-be-dream-team/src/middleware/jwt.js","statementMap":{"0":{"start":{"line":3,"column":0},"end":{"line":5,"column":3}},"1":{"start":{"line":6,"column":0},"end":{"line":6,"column":49}},"2":{"start":{"line":8,"column":0},"end":{"line":8,"column":25}},"3":{"start":{"line":10,"column":20},"end":{"line":10,"column":67}},"4":{"start":{"line":12,"column":39},"end":{"line":12,"column":93}},"5":{"start":{"line":15,"column":20},"end":{"line":15,"column":42}},"6":{"start":{"line":17,"column":18},"end":{"line":19,"column":1}},"7":{"start":
[...]
rollers/","sources":["user.js"],"sourcesContent":["import dotenv from 'dotenv';\nimport model from '../models';\nimport { Sequelize } from 'sequelize';\nimport jwt from 'jsonwebtoken';\nimport bcrypt from 'bcryptjs';\n\n\nconst User = model.User;\ndotenv.config();\n\nconst  getUser =  async (req, res) => {\n    const { id } = req.params;\n\n    \n    try{\n    const user = await User.findAll({\n      where: {\n          id\n      },\n      attributes: ['id', 'names','phone','email'], \n    });\n  \n    if (user=='') {\n      return res.status(400).send({\n        message: req.t('noUserFound')+' '+id\n      });\n    }\n  \n    return res.send(user);\n  }catch(err){\n    return res.status(500).send({\n      message: `Error:${err.message}`\n    });\n  }\n  };\n  \n  const updateUser = async (req, res) => {\n    var logged=false\n    const token = req.header('auth-token');\n    if(!token) return res.status(401).send({\n      message: req.t('AccessDenied')\n    });\n\n    try{\n      let tsec= process.env.JWT_SECRET|| \"nmmskl77.;y6\";\n      const verified = jwt.verify(token, tsec);\n      req.user = verified; \n      logged=true\n    }catch(err){\n        res.status(401).send({\n          message: req.t('WrongToken')\n        });\n    }\n    if(logged==true){\n\n  \n    const { names, phone, email, Newpassword,Oldpassword } = req.body;\n    const { id } = req.params;\n    try {\n    const user = await User.findOne({\n      where: {\n        id,\n      },\n    });\n  \n    if (!user) {\n      return res.status(400).send({\n        message: req.t('noUserFound')+' '+id\n      });\n    }\n  \n    \n      if (names) {\n        user.names = names;\n      }\n      if (phone) {\n        user.phone = phone;\n      }\n      if (email) {\n          user.email = email;\n        }\n      if(Newpassword){\n       \n        const correctPassword = async function( Oldpassword, Newpassword) {\n          return await bcrypt.compare( Oldpassword,  Newpassword);\n        };\n        if(await correctPassword(Oldpassword, user.password)){\n          const Npassword = await bcrypt.hash(Newpassword, 10);\n          user.password = Npassword;  \n        }\n        else{\n          return res.send({\n            message: req.t('WOP')\n          });\n        }\n      }\n      user.updated = Sequelize.fn('NOW');\n  \n      user.save();\n      return res.send({\n        message: req.t('profileUpdate')\n      });\n    } catch (err) {\n      return res.status(500).send({\n        message: `Error: ${err.message}`,\n      });\n    }\n  }};\n  export { getUser, updateUser };"],"mappings":";;;;;;;AAAA;;AACA;;AACA;;AACA;;AACA;;;;AAGA,MAAMA,IAAI,GAAGC,eAAA,CAAMD,IAAnB;;AACAE,eAAA,CAAOC,MAAP;;AAEA,MAAOC,OAAO,GAAI,OAAOC,GAAP,EAAYC,GAAZ,KAAoB;EAClC,MAAM;IAAEC;EAAF,IAASF,GAAG,CAACG,MAAnB;;EAGA,IAAG;IACH,MAAMC,IAAI,GAAG,MAAMT,IAAI,CAACU,OAAL,CAAa;MAC9BC,KAAK,EAAE;QACHJ;MADG,CADuB;MAI9BK,UAAU,EAAE,CAAC,IAAD,EAAO,OAAP,EAAe,OAAf,EAAuB,OAAvB;IAJkB,CAAb,CAAnB;;IAOA,IAAIH,IAAI,IAAE,EAAV,EAAc;MACZ,OAAOH,GAAG,CAACO,MAAJ,CAAW,GAAX,EAAgBC,IAAhB,CAAqB;QAC1BC,OAAO,EAAEV,GAAG,CAACW,CAAJ,CAAM,aAAN,IAAqB,GAArB,GAAyBT;MADR,CAArB,CAAP;IAGD;;IAED,OAAOD,GAAG,CAACQ,IAAJ,CAASL,IAAT,CAAP;EACD,CAfC,CAeD,OAAMQ,GAAN,EAAU;IACT,OAAOX,GAAG,CAACO,MAAJ,CAAW,GAAX,EAAgBC,IAAhB,CAAqB;MAC1BC,OAAO,EAAG,SAAQE,GAAG,CAACF,OAAQ;IADJ,CAArB,CAAP;EAGD;AACA,CAxBH;;;;AA0BE,MAAMG,UAAU,GAAG,OAAOb,GAAP,EAAYC,GAAZ,KAAoB;EACrC,IAAIa,MAAM,GAAC,KAAX;EACA,MAAMC,KAAK,GAAGf,GAAG,CAACgB,MAAJ,CAAW,YAAX,CAAd;EACA,IAAG,CAACD,KAAJ,EAAW,OAAOd,GAAG,CAACO,MAAJ,CAAW,GAAX,EAAgBC,IAAhB,CAAqB;IACrCC,OAAO,EAAEV,GAAG,CAACW,CAAJ,CAAM,cAAN;EAD4B,CAArB,CAAP;;EAIX,IAAG;IACD,IAAIM,IAAI,GAAEC,OAAO,CAACC,GAAR,CAAYC,UAAZ,IAAyB,cAAnC;;IACA,MAAMC,QAAQ,GAAGC,qBAAA,CAAIC,MAAJ,CAAWR,KAAX,EAAkBE,IAAlB,CAAjB;;IACAjB,GAAG,CAACI,IAAJ,GAAWiB,QAAX;IACAP,MAAM,GAAC,IAAP;EACD,CALD,CAKC,OAAMF,GAAN,EAAU;IACPX,GAAG,CAACO,MAAJ,CAAW,GAAX,EAAgBC,IAAhB,CAAqB;MACnBC,OAAO,EAAEV,GAAG,CAACW,CAAJ,CAAM,YAAN;IADU,CAArB;EAGH;;EACD,IAAGG,MAAM,IAAE,IAAX,EAAgB;IAGhB,MAAM;MAAEU,KAAF;MAASC,KAAT;MAAgBC,KAAhB;MAAuBC,WAAvB;MAAmCC;IAAnC,IAAmD5B,GAAG,CAAC6B,IAA7D;IACA,MAAM;MAAE3B;IAAF,IAASF,GAAG,CAACG,MAAnB;;IACA,IAAI;MACJ,MAAMC,IAAI,GAAG,MAAMT,IAAI,CAACmC,OAAL,CAAa;QAC9BxB,KAAK,EAAE;UACLJ;QADK;MADuB,CAAb,CAAnB;;MAMA,IAAI,CAACE,IAAL,EAAW;QACT,OAAOH,GAAG,CAACO,MAAJ,CAAW,GAAX,EAAgBC,IAAhB,CAAqB;UAC1BC,OAAO,EAAEV,GAAG,CAACW,CAAJ,CAAM,aAAN,IAAqB,GAArB,GAAyBT;QADR,CAArB,CAAP;MAGD;;MAGC,IAAIsB,KAAJ,EAAW;QACTpB,IAAI,CAACoB,KAAL,GAAaA,KAAb;MACD;;MACD,IAAIC,KAAJ,EAAW;QACTrB,IAAI,CAACqB,KAAL,GAAaA,KAAb;MACD;;MACD,IAAIC,KAAJ,EAAW;QACPtB,IAAI,CAACsB,KAAL,GAAaA,KAAb;MACD;;MACH,IAAGC,WAAH,EAAe;QAEb,MAAMI,eAAe,GAAG,gBAAgBH,WAAhB,EAA6BD,WAA7B,EAA0C;UAChE,OAAO,MAAMK,iBAAA,CAAOC,OAAP,CAAgBL,WAAhB,EAA8BD,WAA9B,CAAb;QACD,CAFD;;QAGA,IAAG,MAAMI,eAAe,CAACH,WAAD,EAAcxB,IAAI,CAAC8B,QAAnB,CAAxB,EAAqD;UACnD,MAAMC,SAAS,GAAG,MAAMH,iBAAA,CAAOI,IAAP,CAAYT,WAAZ,EAAyB,EAAzB,CAAxB;UACAvB,IAAI,CAAC8B,QAAL,GAAgBC,SAAhB;QACD,CAHD,MAII;UACF,OAAOlC,GAAG,CAACQ,IAAJ,CAAS;YACdC,OAAO,EAAEV,GAAG,CAACW,CAAJ,CAAM,KAAN;UADK,CAAT,CAAP;QAGD;MACF;;MACDP,IAAI,CAACiC,OAAL,GAAeC,oBAAA,CAAUC,EAAV,CAAa,KAAb,CAAf;MAEAnC,IAAI,CAACoC,IAAL;MACA,OAAOvC,GAAG,CAACQ,IAAJ,CAAS;QACdC,OAAO,EAAEV,GAAG,CAACW,CAAJ,CAAM,eAAN;MADK,CAAT,CAAP;IAGD,CA5CD,CA4CE,OAAOC,GAAP,EAAY;MACZ,OAAOX,GAAG,CAACO,MAAJ,CAAW,GAAX,EAAgBC,IAAhB,CAAqB;QAC1BC,OAAO,EAAG,UAASE,GAAG,CAACF,OAAQ;MADL,CAArB,CAAP;IAGD;EACF;AAAC,CAvEF"},"_coverageSchema":"1a1c01bbd47fc00a2c39e90264f33305004495a9","hash":"01f5264f2c37e1a3dd332f736db8f8baa9409826","contentHash":"e9446325e0d7739be95f6bb2dc19a88090797de211c484cd15553fbf7ff94578"},"/Users/andelarwanda/Desktop/project/phantom-be-dream-team/src/routes/api/busInRoad.js":{"path":"/Users/andelarwanda/Desktop/project/phantom-be-dream-team/src/routes/api/busInRoad.js","statementMap":{"0":{"start":{"line":3,"column":0},"end":{"line":5,"column":3}},"1":{"start":{"line":6,"column":0},"end":{"line":6,"column":25}},"2":{"start":{"line":8,"column":15},"end":{"line":8,"column":57}},"3":{"start":{"line":10,"column":17},"end":{"line":10,"column":55}},"4":{"start":{"line":12,"column":39},"end":{"line":12,"column":93}},"5":{"start":{"line":15,"column":15},"end":{"line":15,"column":40}},"6":{"start":{"line":17,"column":0},"end":{"line":17,"column":44}},"7":{"start":{"line":18,"column":0},"end":{"line":18,"column":54}},"8":{"start":{"line":19,"column":15},"end":{"line":19,"column":21}},"9":{"start":{"line":20,"column":0},"end":{"line":20,"column":27}}},"fnMap":{"0":{"name":"_interopRequireDefault","decl":{"start":{"line":12,"column":9},"end":{"line":12,"column":31}},"loc":{"start":{"line":12,"column":37},"end":{"line":12,"column":95}},"line":12}},"branchMap":{"0":{"loc":{"start":{"line":12,"column":46},"end":{"line":12,"column":92}},"type":"cond-expr","locations":[{"start":{"line":12,"column":70},"end":{"line":12,"column":73}},{"start":{"line":12,"column":76},"end":{"line":12,"column":92}}],"line":12},"1":{"loc":{"start":{"line":12,"column":46},"end":{"line":12,"column":67}},"type":"binary-expr","locations":[{"start":{"line":12,"column":46},"end":{"line":12,"column":49}},{"start":{"line":12,"column":53},"end":{"line":12,"column":67}}],"line":12}},"s":{"0":1,"1":1,"2":1,"3":1,"4":1,"5":1,"6":1,"7":1,"8":1,"9":1},"f":{"0":1},"b":{"0":[0,1],"1":[1,1]},"inputSourceMap":{"version":3,"names":["router","express","Router","get","getBusInRoad","patch","UpdateBusInfo"],"sourceRoot":"/Users/andelarwanda/Desktop/project/phantom-be-dream-team/src/routes/api/","sources":["busInRoad.js"],"sourcesContent":["import express from 'express'\nimport { getBusInRoad,UpdateBusInfo } from '../../controllers/busInRoad';\n// import verify from '../../helpers/verify';\nconst router = express.Router()\n\n\nrouter.get('/:id', getBusInRoad);\nrouter.patch('/update/:id', UpdateBusInfo);\n\nexport default router\n\n\n\n\n\n\n"],"mappings":";;;;;;;AAAA;;AACA;;;;AACA;AACA,MAAMA,MAAM,GAAGC,gBAAA,CAAQC,MAAR,EAAf;;AAGAF,MAAM,CAACG,GAAP,CAAW,MAAX,EAAmBC,uBAAnB;AACAJ,MAAM,CAACK,KAAP,CAAa,aAAb,EAA4BC,wBAA5B;eAEeN,M"},"_coverageSchema":"1a1c01bbd47fc00a2c39e90264f33305004495a9","hash":"8e0649e643f2a57d46c0611e484bf79e4bb4514f","contentHash":"ce5ae50e910a1dc2f0e834217a6a34b34213dcea43b6a1f977315a5b8b0fc3cc"},"/Users/andelarwanda/Desktop/project/phantom-be-dream-team/src/controllers/busInRoad.js":{"path":"/Users/andelarwanda/Desktop/project/phantom-be-dream-team/src/controllers/busInRoad.js","statementMap":{"0":{"start":{"line":3,"column":0},"end":{"line":5,"column":3}},"1":{"start":{"line":6,"column":0},"end":{"line":6,"column":54}},"2":{"start":{"line":8,"column":14},"end":{"line":8,"column":55}},"3":{"start":{"line":10,"column":14},"end":{"line":10,"column":58}},"4":{"start":{"line":12,"column":17},"end":{"line":12,"column":37}},"5":{"start":{"line":14,"column":20},"end":{"line":14,"column":67}},"6":{"start":{"line":16,"column":16},"end":{"line":16,"column":59}},"7":{"start":{"line":18,"column":39},"end":{"line":18,"column":93}},"8":{"start":{"line":20,"column":18},"end":{"line":20,"column":43}},"9":{"start":{"line":22,"column":0},"end":{"line":22,"column":25}},"10":{"start":{"line":24,"column":21},"end":{"line":49,"column":1}},"11":{"start":{"line":27,"column":6},"end":{"line":27,"column":16}},"12":{"start":{"line":29,"column":2},"end":{"line":48,"column":3}},"13":{"start":{"line":30,"column":18},"end":{"line":35,"column":6}},"14":{"start":{"line":37,"column":4},"end":{"line":41,"column":5}},"15":{"start":{"line":38,"column":6},"end":{"line":40,"column":9}},"16":{"start":{"line":43,"column":4},"end":{"line":43,"column":27}},"17":{"start":{"line":45,"column":4},"end":{"line":47,"column":7}},"18":{"start":{"line":51,"column":0},"end":{"line":51,"column":36}},"19":{"start":{"line":53,"column":22},"end":{"line":117,"column":1}},"20":{"start":{"line":54,"column":15},"end":{"line":54,"column":20}},"21":{"start":{"line":55,"column":16},"end":{"line":55,"column":40}},"22":{"start":{"line":56,"column":2},"end":{"line":58,"column":5}},"23":{"start":{"line":56,"column":14},"end":{"line":58,"column":5}},"24":{"start":{"line":60,"column":2},"end":{"line":69,"column":3}},"25":{"start":{"line":61,"column":21},"end":{"line":61,"column":80}},"26":{"start":{"line":63,"column":4},"end":{"line":63,"column":24}},"27":{"start":{"line":64,"column":4},"end":{"line":64,"column":18}},"28":{"start":{"line":66,"column":4},"end":{"line":68,"column":7}},"29":{"start":{"line":71,"column":2},"end":{"line":116,"column":3}},"30":{"start":{"line":76,"column":8},"end":{"line":76,"column":16}},"31":{"start":{"line":79,"column":8},"end":{"line":79,"column":18}},"32":{"start":{"line":81,"column":4},"end":{"line":115,"column":5}},"33":{"start":{"line":82,"column":20},"end":{"line":87,"column":8}},"34":{"start":{"line":89,"column":6},"end":{"line":93,"column":7}},"35":{"start":{"line":90,"column":8},"end":{"line":92,"column":11}},"36":{"start":{"line":95,"column":6},"end":{"line":97,"column":7}},"37":{"start":{"line":96,"column":8},"end":{"line":96,"column":32}},"38":{"start":{"line":99,"column":6},"end":{"line":101,"column":7}},"39":{"start":{"line":100,"column":8},"end":{"line":100,"column":42}},"40":{"start":{"line":103,"column":6},"end":{"line":105,"column":7}},"41":{"start":{"line":104,"column":8},"end":{"line":104,"column":38}},"42":{"start":{"line":107,"column":6},"end":{"line":107,"column":23}},"43":{"start":{"line":108,"column":6},"end":{"line":110,"column":9}},"44":{"start":{"line":112,"column":6},"end":{"line":114,"column":9}},"45":{"start":{"line":119,"column":0},"end":{"line":119,"column":38}}},"fnMap":{"0":{"name":"_interopRequireDefault","decl":{"start":{"line":18,"column":9},"end":{"line":18,"column":31}},"loc":{"start":{"line":18,"column":37},"end":{"line":18,"column":95}},"line":18},"1":{"name":"(anonymous_1)","decl":{"start":{"line":24,"column":21},"end":{"line":24,"column":22}},"loc":{"start":{"line":24,"column":41},"end":{"line":49,"column":1}},"line":24},"2":{"name":"(anonymous_2)","decl":{"start":{"line":53,"column":22},"end":{"line":53,"column":23}},"loc":{"start":{"line":53,"column":42},"end":{"line":117,"column":1}},"line":53}},"branchMap":{"0":{"loc":{"start":{"line":18,"column":46},"end":{"line":18,"column":92}},"type":"cond-expr","locations":[{"start":{"line":18,"column":70},"end":{"line":18,"column":73}},{"start":{"line":18,"column":76},"end":{"line":18,"column":92}}],"line":18},"1":{"loc":{"start":{"line":18,"column":46},"end":{"line":18,"column":67}},"type":"binary-expr","locations":[{"start":{"line":18,"column":46},"end":{"line":18,"column":49}},{"start":{"line":18,"column":53},"end":{"line":18,"column":67}}],"line":18},"2":{"loc":{"start":{"line":37,"column":4},"end":{"line":41,"column":5}},"type":"if","locations":[{"start":{"line":37,"column":4},"end":{"line":41,"column":5}},{"start":{"line":37,"column":4},"end":{"line":41,"column":5}}],"line":37},"3":{"loc":{"start":{"line":56,"column":2},"end":{"line":58,"column":5}},"type":"if","locations":[{"start":{"line":56,"column":2},"end":{"line":58,"column":5}},{"start":{"line":56,"column":2},"end":{"line":58,"column":5}}],"line":56},"4":{"loc":{"start":{"line":71,"column":2},"end":{"line":116,"column":3}},"type":"if","locations":[{"start":{"line":71,"column":2},"end":{"line":116,"column":3}},{"start":{"line":71,"column":2},"end":{"line":116,"column":3}}],"line":71},"5":{"loc":{"start":{"line":89,"column":6},"end":{"line":93,"column":7}},"type":"if","locations":[{"start":{"line":89,"column":6},"end":{"line":93,"column":7}},{"start":{"line":89,"column":6},"end":{"line":93,"column":7}}],"line":89},"6":{"loc":{"start":{"line":95,"column":6},"end":{"line":97,"column":7}},"type":"if","locations":[{"start":{"line":95,"column":6},"end":{"line":97,"column":7}},{"start":{"line":95,"column":6},"end":{"line":97,"column":7}}],"line":95},"7":{"loc":{"start":{"line":99,"column":6},"end":{"line":101,"column":7}},"type":"if","locations":[{"start":{"line":99,"column":6},"end":{"line":101,"column":7}},{"start":{"line":99,"column":6},"end":{"line":101,"column":7}}],"line":99},"8":{"loc":{"start":{"line":103,"column":6},"end":{"line":105,"column":7}},"type":"if","locations":[{"start":{"line":103,"column":6},"end":{"line":105,"column":7}},{"start":{"line":103,"column":6},"end":{"line":105,"column":7}}],"line":103}},"s":{"0":1,"1":1,"2":1,"3":1,"4":1,"5":1,"6":1,"7":4,"8":1,"9":1,"10":1,"11":0,"12":0,"13":0,"14":0,"15":0,"16":0,"17":0,"18":1,"19":1,"20":0,"21":0,"22":0,"23":0,"24":0,"25":0,"26":0,"27":0,"28":0,"29":0,"30":0,"31":0,"32":0,"33":0,"34":0,"35":0,"36":0,"37":0,"38":0,"39":0,"40":0,"41":0,"42":0,"43":0,"44":0,"45":1},"f":{"0":4,"1":0,"2":0},"b":{"0":[1,3],"1":[4,4],"2":[0,0],"3":[0,0],"4":[0,0],"5":[0,0],"6":[0,0],"7":[0,0],"8":[0,0]},"inputSourceMap":{"version":3,"names":["busInRoad","model","dotenv","config","getBusInRoad","req","res","id","params","buses","findAll","where","route_Id","attributes","status","send","message","err","UpdateBusInfo","logged","token","header","t","verified","jwt","verify","process","env","JWT_SECRET","user","speed","passangers","current_Loc","body","email","save"],"sourceRoot":"/Users/andelarwanda/Desktop/project/phantom-be-dream-team/src/controllers/","sources":["busInRoad.js"],"sourcesContent":["import dotenv from 'dotenv';\nimport model from '../models';\nimport { Sequelize } from 'sequelize';\nimport jwt from 'jsonwebtoken';\nimport bcrypt from 'bcryptjs';\n\n\nconst busInRoad = model.busInRoad;\ndotenv.config();\n\nconst  getBusInRoad =  async (req, res) => {\n    const {id} = req.params;\n\n    \n    try{\n    const buses = await busInRoad.findAll({\n      where: {\n        route_Id:id\n      },attributes: ['bus_Id','time_Start','speed','driver_Email','passangers','current_Loc','route_Id']\n    });\n  \n    if (buses=='') {\n      return res.status(400).send({\n        message: `There is no bus in route `+id\n      });\n    }\n  \n    return res.send(buses);\n  }catch(err){\n    return res.status(500).send({\n      message: `Error:${err.message}`\n    });\n  }\n  };\n  \n  const UpdateBusInfo = async (req, res) =>{\n    var logged=false\n    const token = req.header('auth-token');\n    if(!token) return res.status(401).send({\n      message: req.t('AccessDenied')\n    });\n\n    try{\n      const verified = jwt.verify(token, process.env.JWT_SECRET);\n      req.user = verified; \n      logged=true\n    }catch(err){\n        res.status(401).send({\n          message: req.t('WrongToken')\n        });\n    }\n    if(logged==true){\n        const { speed, passangers, current_Loc} = req.body;\n        const { id } = req.params;\n    try {\n        const buses = await busInRoad.findAll({\n            where: {\n              id:id\n            },attributes: ['bus_Id','time_Start','speed','driver_Email','passangers','current_Loc','route_Id']\n          });\n          if (buses=='') {\n                  return res.status(400).send({\n                    message: `There is no ongoing  bus with this `+id\n                  });\n                }\n      \n      if (speed) {\n        busInRoad.speed = speed;\n      }\n      if (passangers) {\n        busInRoad.passangers = passangers;\n      }\n      if (current_Loc) {\n        busInRoad.email = current_Loc;\n        }\n        busInRoad.save();\n      return res.status(200).send({\n        message: `Bus info updated`+id\n      });\n    } catch (err) {\n      return res.status(500).send({\n        message: `Error: ${err.message}`,\n      });\n    }\n  }};\n\n  export { getBusInRoad, UpdateBusInfo};"],"mappings":";;;;;;;AAAA;;AACA;;AACA;;AACA;;AACA;;;;AAGA,MAAMA,SAAS,GAAGC,eAAA,CAAMD,SAAxB;;AACAE,eAAA,CAAOC,MAAP;;AAEA,MAAOC,YAAY,GAAI,OAAOC,GAAP,EAAYC,GAAZ,KAAoB;EACvC,MAAM;IAACC;EAAD,IAAOF,GAAG,CAACG,MAAjB;;EAGA,IAAG;IACH,MAAMC,KAAK,GAAG,MAAMT,SAAS,CAACU,OAAV,CAAkB;MACpCC,KAAK,EAAE;QACLC,QAAQ,EAACL;MADJ,CAD6B;MAGlCM,UAAU,EAAE,CAAC,QAAD,EAAU,YAAV,EAAuB,OAAvB,EAA+B,cAA/B,EAA8C,YAA9C,EAA2D,aAA3D,EAAyE,UAAzE;IAHsB,CAAlB,CAApB;;IAMA,IAAIJ,KAAK,IAAE,EAAX,EAAe;MACb,OAAOH,GAAG,CAACQ,MAAJ,CAAW,GAAX,EAAgBC,IAAhB,CAAqB;QAC1BC,OAAO,EAAG,2BAAD,GAA4BT;MADX,CAArB,CAAP;IAGD;;IAED,OAAOD,GAAG,CAACS,IAAJ,CAASN,KAAT,CAAP;EACD,CAdC,CAcD,OAAMQ,GAAN,EAAU;IACT,OAAOX,GAAG,CAACQ,MAAJ,CAAW,GAAX,EAAgBC,IAAhB,CAAqB;MAC1BC,OAAO,EAAG,SAAQC,GAAG,CAACD,OAAQ;IADJ,CAArB,CAAP;EAGD;AACA,CAvBH;;;;AAyBE,MAAME,aAAa,GAAG,OAAOb,GAAP,EAAYC,GAAZ,KAAmB;EACvC,IAAIa,MAAM,GAAC,KAAX;EACA,MAAMC,KAAK,GAAGf,GAAG,CAACgB,MAAJ,CAAW,YAAX,CAAd;EACA,IAAG,CAACD,KAAJ,EAAW,OAAOd,GAAG,CAACQ,MAAJ,CAAW,GAAX,EAAgBC,IAAhB,CAAqB;IACrCC,OAAO,EAAEX,GAAG,CAACiB,CAAJ,CAAM,cAAN;EAD4B,CAArB,CAAP;;EAIX,IAAG;IACD,MAAMC,QAAQ,GAAGC,qBAAA,CAAIC,MAAJ,CAAWL,KAAX,EAAkBM,OAAO,CAACC,GAAR,CAAYC,UAA9B,CAAjB;;IACAvB,GAAG,CAACwB,IAAJ,GAAWN,QAAX;IACAJ,MAAM,GAAC,IAAP;EACD,CAJD,CAIC,OAAMF,GAAN,EAAU;IACPX,GAAG,CAACQ,MAAJ,CAAW,GAAX,EAAgBC,IAAhB,CAAqB;MACnBC,OAAO,EAAEX,GAAG,CAACiB,CAAJ,CAAM,YAAN;IADU,CAArB;EAGH;;EACD,IAAGH,MAAM,IAAE,IAAX,EAAgB;IACZ,MAAM;MAAEW,KAAF;MAASC,UAAT;MAAqBC;IAArB,IAAoC3B,GAAG,CAAC4B,IAA9C;IACA,MAAM;MAAE1B;IAAF,IAASF,GAAG,CAACG,MAAnB;;IACJ,IAAI;MACA,MAAMC,KAAK,GAAG,MAAMT,SAAS,CAACU,OAAV,CAAkB;QAClCC,KAAK,EAAE;UACLJ,EAAE,EAACA;QADE,CAD2B;QAGhCM,UAAU,EAAE,CAAC,QAAD,EAAU,YAAV,EAAuB,OAAvB,EAA+B,cAA/B,EAA8C,YAA9C,EAA2D,aAA3D,EAAyE,UAAzE;MAHoB,CAAlB,CAApB;;MAKE,IAAIJ,KAAK,IAAE,EAAX,EAAe;QACP,OAAOH,GAAG,CAACQ,MAAJ,CAAW,GAAX,EAAgBC,IAAhB,CAAqB;UAC1BC,OAAO,EAAG,qCAAD,GAAsCT;QADrB,CAArB,CAAP;MAGD;;MAEX,IAAIuB,KAAJ,EAAW;QACT9B,SAAS,CAAC8B,KAAV,GAAkBA,KAAlB;MACD;;MACD,IAAIC,UAAJ,EAAgB;QACd/B,SAAS,CAAC+B,UAAV,GAAuBA,UAAvB;MACD;;MACD,IAAIC,WAAJ,EAAiB;QACfhC,SAAS,CAACkC,KAAV,GAAkBF,WAAlB;MACC;;MACDhC,SAAS,CAACmC,IAAV;MACF,OAAO7B,GAAG,CAACQ,MAAJ,CAAW,GAAX,EAAgBC,IAAhB,CAAqB;QAC1BC,OAAO,EAAG,kBAAD,GAAmBT;MADF,CAArB,CAAP;IAGD,CAzBD,CAyBE,OAAOU,GAAP,EAAY;MACZ,OAAOX,GAAG,CAACQ,MAAJ,CAAW,GAAX,EAAgBC,IAAhB,CAAqB;QAC1BC,OAAO,EAAG,UAASC,GAAG,CAACD,OAAQ;MADL,CAArB,CAAP;IAGD;EACF;AAAC,CAjDF"},"_coverageSchema":"1a1c01bbd47fc00a2c39e90264f33305004495a9","hash":"c4fdd5244abff116af60c229c206d9b713b9457d","contentHash":"49e1ed201ce2777881d3778f8e8c016973cca2028eee745ac642cc4fee10224f"}}